-------------------------------------------------------------------------------
Test set: com.upgrad.FoodOrderingApp.api.controller.RestaurantControllerTest
-------------------------------------------------------------------------------
Tests run: 17, Failures: 7, Errors: 1, Skipped: 0, Time elapsed: 8.057 s <<< FAILURE! - in com.upgrad.FoodOrderingApp.api.controller.RestaurantControllerTest
shouldNotUpdateRestaurantRatingIfCustomerIsNotLoggedIn(com.upgrad.FoodOrderingApp.api.controller.RestaurantControllerTest)  Time elapsed: 0.106 s  <<< FAILURE!
java.lang.AssertionError: Status expected:<403> but was:<400>
	at com.upgrad.FoodOrderingApp.api.controller.RestaurantControllerTest.shouldNotUpdateRestaurantRatingIfCustomerIsNotLoggedIn(RestaurantControllerTest.java:292)

shouldUpdateRestaurantRating(com.upgrad.FoodOrderingApp.api.controller.RestaurantControllerTest)  Time elapsed: 0.046 s  <<< FAILURE!
java.lang.AssertionError: Status expected:<200> but was:<400>
	at com.upgrad.FoodOrderingApp.api.controller.RestaurantControllerTest.shouldUpdateRestaurantRating(RestaurantControllerTest.java:273)

shouldNotUpdateRestaurantRatingIfNewRatingIsLessThan1(com.upgrad.FoodOrderingApp.api.controller.RestaurantControllerTest)  Time elapsed: 0.463 s  <<< FAILURE!
java.lang.AssertionError: No value at JSON path "code"
	at com.upgrad.FoodOrderingApp.api.controller.RestaurantControllerTest.shouldNotUpdateRestaurantRatingIfNewRatingIsLessThan1(RestaurantControllerTest.java:398)
Caused by: java.lang.IllegalArgumentException: json can not be null or empty
	at com.upgrad.FoodOrderingApp.api.controller.RestaurantControllerTest.shouldNotUpdateRestaurantRatingIfNewRatingIsLessThan1(RestaurantControllerTest.java:398)

shouldNotUpdateRestaurantRatingIfNewRatingIsGreaterThan5(com.upgrad.FoodOrderingApp.api.controller.RestaurantControllerTest)  Time elapsed: 0.161 s  <<< FAILURE!
java.lang.AssertionError: No value at JSON path "code"
	at com.upgrad.FoodOrderingApp.api.controller.RestaurantControllerTest.shouldNotUpdateRestaurantRatingIfNewRatingIsGreaterThan5(RestaurantControllerTest.java:425)
Caused by: java.lang.IllegalArgumentException: json can not be null or empty
	at com.upgrad.FoodOrderingApp.api.controller.RestaurantControllerTest.shouldNotUpdateRestaurantRatingIfNewRatingIsGreaterThan5(RestaurantControllerTest.java:425)

shouldNotUpdateRestaurantRatingIfCustomerSessionIsExpired(com.upgrad.FoodOrderingApp.api.controller.RestaurantControllerTest)  Time elapsed: 0.261 s  <<< FAILURE!
java.lang.AssertionError: Status expected:<403> but was:<400>
	at com.upgrad.FoodOrderingApp.api.controller.RestaurantControllerTest.shouldNotUpdateRestaurantRatingIfCustomerSessionIsExpired(RestaurantControllerTest.java:328)

shouldNotUpdateRestaurantRatingIfCustomerIsLoggedOut(com.upgrad.FoodOrderingApp.api.controller.RestaurantControllerTest)  Time elapsed: 0.576 s  <<< FAILURE!
java.lang.AssertionError: Status expected:<403> but was:<400>
	at com.upgrad.FoodOrderingApp.api.controller.RestaurantControllerTest.shouldNotUpdateRestaurantRatingIfCustomerIsLoggedOut(RestaurantControllerTest.java:310)

shouldNotUpdateRestaurantRatingIfRestaurantDoesNotExists(com.upgrad.FoodOrderingApp.api.controller.RestaurantControllerTest)  Time elapsed: 0.257 s  <<< FAILURE!
java.lang.AssertionError: Status expected:<404> but was:<400>
	at com.upgrad.FoodOrderingApp.api.controller.RestaurantControllerTest.shouldNotUpdateRestaurantRatingIfRestaurantDoesNotExists(RestaurantControllerTest.java:370)

shouldGetRestaurantDetailsForCorrectRestaurantId(com.upgrad.FoodOrderingApp.api.controller.RestaurantControllerTest)  Time elapsed: 0.324 s  <<< ERROR!
org.springframework.web.util.NestedServletException: Request processing failed; nested exception is java.lang.NullPointerException
	at com.upgrad.FoodOrderingApp.api.controller.RestaurantControllerTest.shouldGetRestaurantDetailsForCorrectRestaurantId(RestaurantControllerTest.java:76)
Caused by: java.lang.NullPointerException
	at com.upgrad.FoodOrderingApp.api.controller.RestaurantControllerTest.shouldGetRestaurantDetailsForCorrectRestaurantId(RestaurantControllerTest.java:76)

