-------------------------------------------------------------------------------
Test set: com.upgrad.FoodOrderingApp.api.controller.CustomerControllerTest
-------------------------------------------------------------------------------
Tests run: 24, Failures: 0, Errors: 24, Skipped: 0, Time elapsed: 91.333 s <<< FAILURE! - in com.upgrad.FoodOrderingApp.api.controller.CustomerControllerTest
shouldUpdateCustomerPassword(com.upgrad.FoodOrderingApp.api.controller.CustomerControllerTest)  Time elapsed: 0 s  <<< ERROR!
java.lang.IllegalStateException: Failed to load ApplicationContext
Caused by: org.springframework.beans.factory.BeanCreationException: 
Error creating bean with name 'entityManagerFactory' defined in class path resource [org/springframework/boot/autoconfigure/orm/jpa/HibernateJpaConfiguration.class]: Invocation of init method failed; nested exception is javax.persistence.PersistenceException: [PersistenceUnit: default] Unable to build Hibernate SessionFactory; nested exception is org.hibernate.HibernateException: Errors in named queries: 
stateByUuid failed because of: org.hibernate.QueryException: could not resolve property: uuid of: com.upgrad.FoodOrderingApp.service.entity.StateEntity [select s from com.upgrad.FoodOrderingApp.service.entity.StateEntity s where s.uuid=:uuid]
Caused by: javax.persistence.PersistenceException: 
[PersistenceUnit: default] Unable to build Hibernate SessionFactory; nested exception is org.hibernate.HibernateException: Errors in named queries: 
stateByUuid failed because of: org.hibernate.QueryException: could not resolve property: uuid of: com.upgrad.FoodOrderingApp.service.entity.StateEntity [select s from com.upgrad.FoodOrderingApp.service.entity.StateEntity s where s.uuid=:uuid]
Caused by: org.hibernate.HibernateException: 
Errors in named queries: 
stateByUuid failed because of: org.hibernate.QueryException: could not resolve property: uuid of: com.upgrad.FoodOrderingApp.service.entity.StateEntity [select s from com.upgrad.FoodOrderingApp.service.entity.StateEntity s where s.uuid=:uuid]

shouldNotUpdateCustomerPasswordWhenCustomerIsNotLoggedIn(com.upgrad.FoodOrderingApp.api.controller.CustomerControllerTest)  Time elapsed: 0 s  <<< ERROR!
java.lang.IllegalStateException: Failed to load ApplicationContext
Caused by: org.springframework.beans.factory.BeanCreationException: 
Error creating bean with name 'entityManagerFactory' defined in class path resource [org/springframework/boot/autoconfigure/orm/jpa/HibernateJpaConfiguration.class]: Invocation of init method failed; nested exception is javax.persistence.PersistenceException: [PersistenceUnit: default] Unable to build Hibernate SessionFactory; nested exception is org.hibernate.HibernateException: Errors in named queries: 
stateByUuid failed because of: org.hibernate.QueryException: could not resolve property: uuid of: com.upgrad.FoodOrderingApp.service.entity.StateEntity [select s from com.upgrad.FoodOrderingApp.service.entity.StateEntity s where s.uuid=:uuid]
Caused by: javax.persistence.PersistenceException: 
[PersistenceUnit: default] Unable to build Hibernate SessionFactory; nested exception is org.hibernate.HibernateException: Errors in named queries: 
stateByUuid failed because of: org.hibernate.QueryException: could not resolve property: uuid of: com.upgrad.FoodOrderingApp.service.entity.StateEntity [select s from com.upgrad.FoodOrderingApp.service.entity.StateEntity s where s.uuid=:uuid]
Caused by: org.hibernate.HibernateException: 
Errors in named queries: 
stateByUuid failed because of: org.hibernate.QueryException: could not resolve property: uuid of: com.upgrad.FoodOrderingApp.service.entity.StateEntity [select s from com.upgrad.FoodOrderingApp.service.entity.StateEntity s where s.uuid=:uuid]

shouldNotUpdateCustomerPasswordIfNewPasswordIsEmpty(com.upgrad.FoodOrderingApp.api.controller.CustomerControllerTest)  Time elapsed: 0 s  <<< ERROR!
java.lang.IllegalStateException: Failed to load ApplicationContext
Caused by: org.springframework.beans.factory.BeanCreationException: 
Error creating bean with name 'entityManagerFactory' defined in class path resource [org/springframework/boot/autoconfigure/orm/jpa/HibernateJpaConfiguration.class]: Invocation of init method failed; nested exception is javax.persistence.PersistenceException: [PersistenceUnit: default] Unable to build Hibernate SessionFactory; nested exception is org.hibernate.HibernateException: Errors in named queries: 
stateByUuid failed because of: org.hibernate.QueryException: could not resolve property: uuid of: com.upgrad.FoodOrderingApp.service.entity.StateEntity [select s from com.upgrad.FoodOrderingApp.service.entity.StateEntity s where s.uuid=:uuid]
Caused by: javax.persistence.PersistenceException: 
[PersistenceUnit: default] Unable to build Hibernate SessionFactory; nested exception is org.hibernate.HibernateException: Errors in named queries: 
stateByUuid failed because of: org.hibernate.QueryException: could not resolve property: uuid of: com.upgrad.FoodOrderingApp.service.entity.StateEntity [select s from com.upgrad.FoodOrderingApp.service.entity.StateEntity s where s.uuid=:uuid]
Caused by: org.hibernate.HibernateException: 
Errors in named queries: 
stateByUuid failed because of: org.hibernate.QueryException: could not resolve property: uuid of: com.upgrad.FoodOrderingApp.service.entity.StateEntity [select s from com.upgrad.FoodOrderingApp.service.entity.StateEntity s where s.uuid=:uuid]

shouldNotLogoutIfSessionIsExpired(com.upgrad.FoodOrderingApp.api.controller.CustomerControllerTest)  Time elapsed: 0 s  <<< ERROR!
java.lang.IllegalStateException: Failed to load ApplicationContext
Caused by: org.springframework.beans.factory.BeanCreationException: 
Error creating bean with name 'entityManagerFactory' defined in class path resource [org/springframework/boot/autoconfigure/orm/jpa/HibernateJpaConfiguration.class]: Invocation of init method failed; nested exception is javax.persistence.PersistenceException: [PersistenceUnit: default] Unable to build Hibernate SessionFactory; nested exception is org.hibernate.HibernateException: Errors in named queries: 
stateByUuid failed because of: org.hibernate.QueryException: could not resolve property: uuid of: com.upgrad.FoodOrderingApp.service.entity.StateEntity [select s from com.upgrad.FoodOrderingApp.service.entity.StateEntity s where s.uuid=:uuid]
Caused by: javax.persistence.PersistenceException: 
[PersistenceUnit: default] Unable to build Hibernate SessionFactory; nested exception is org.hibernate.HibernateException: Errors in named queries: 
stateByUuid failed because of: org.hibernate.QueryException: could not resolve property: uuid of: com.upgrad.FoodOrderingApp.service.entity.StateEntity [select s from com.upgrad.FoodOrderingApp.service.entity.StateEntity s where s.uuid=:uuid]
Caused by: org.hibernate.HibernateException: 
Errors in named queries: 
stateByUuid failed because of: org.hibernate.QueryException: could not resolve property: uuid of: com.upgrad.FoodOrderingApp.service.entity.StateEntity [select s from com.upgrad.FoodOrderingApp.service.entity.StateEntity s where s.uuid=:uuid]

shouldNotLoginForInvalidAuthorizationFormat(com.upgrad.FoodOrderingApp.api.controller.CustomerControllerTest)  Time elapsed: 0 s  <<< ERROR!
java.lang.IllegalStateException: Failed to load ApplicationContext
Caused by: org.springframework.beans.factory.BeanCreationException: 
Error creating bean with name 'entityManagerFactory' defined in class path resource [org/springframework/boot/autoconfigure/orm/jpa/HibernateJpaConfiguration.class]: Invocation of init method failed; nested exception is javax.persistence.PersistenceException: [PersistenceUnit: default] Unable to build Hibernate SessionFactory; nested exception is org.hibernate.HibernateException: Errors in named queries: 
stateByUuid failed because of: org.hibernate.QueryException: could not resolve property: uuid of: com.upgrad.FoodOrderingApp.service.entity.StateEntity [select s from com.upgrad.FoodOrderingApp.service.entity.StateEntity s where s.uuid=:uuid]
Caused by: javax.persistence.PersistenceException: 
[PersistenceUnit: default] Unable to build Hibernate SessionFactory; nested exception is org.hibernate.HibernateException: Errors in named queries: 
stateByUuid failed because of: org.hibernate.QueryException: could not resolve property: uuid of: com.upgrad.FoodOrderingApp.service.entity.StateEntity [select s from com.upgrad.FoodOrderingApp.service.entity.StateEntity s where s.uuid=:uuid]
Caused by: org.hibernate.HibernateException: 
Errors in named queries: 
stateByUuid failed because of: org.hibernate.QueryException: could not resolve property: uuid of: com.upgrad.FoodOrderingApp.service.entity.StateEntity [select s from com.upgrad.FoodOrderingApp.service.entity.StateEntity s where s.uuid=:uuid]

shouldNotUpdateCustomerDetailsIfFirstNameNotPresentInTheRequest(com.upgrad.FoodOrderingApp.api.controller.CustomerControllerTest)  Time elapsed: 0 s  <<< ERROR!
java.lang.IllegalStateException: Failed to load ApplicationContext
Caused by: org.springframework.beans.factory.BeanCreationException: 
Error creating bean with name 'entityManagerFactory' defined in class path resource [org/springframework/boot/autoconfigure/orm/jpa/HibernateJpaConfiguration.class]: Invocation of init method failed; nested exception is javax.persistence.PersistenceException: [PersistenceUnit: default] Unable to build Hibernate SessionFactory; nested exception is org.hibernate.HibernateException: Errors in named queries: 
stateByUuid failed because of: org.hibernate.QueryException: could not resolve property: uuid of: com.upgrad.FoodOrderingApp.service.entity.StateEntity [select s from com.upgrad.FoodOrderingApp.service.entity.StateEntity s where s.uuid=:uuid]
Caused by: javax.persistence.PersistenceException: 
[PersistenceUnit: default] Unable to build Hibernate SessionFactory; nested exception is org.hibernate.HibernateException: Errors in named queries: 
stateByUuid failed because of: org.hibernate.QueryException: could not resolve property: uuid of: com.upgrad.FoodOrderingApp.service.entity.StateEntity [select s from com.upgrad.FoodOrderingApp.service.entity.StateEntity s where s.uuid=:uuid]
Caused by: org.hibernate.HibernateException: 
Errors in named queries: 
stateByUuid failed because of: org.hibernate.QueryException: could not resolve property: uuid of: com.upgrad.FoodOrderingApp.service.entity.StateEntity [select s from com.upgrad.FoodOrderingApp.service.entity.StateEntity s where s.uuid=:uuid]

shouldNotUpdateCustomerDetailsWhenCustomerIsNotLoggedIn(com.upgrad.FoodOrderingApp.api.controller.CustomerControllerTest)  Time elapsed: 0 s  <<< ERROR!
java.lang.IllegalStateException: Failed to load ApplicationContext
Caused by: org.springframework.beans.factory.BeanCreationException: 
Error creating bean with name 'entityManagerFactory' defined in class path resource [org/springframework/boot/autoconfigure/orm/jpa/HibernateJpaConfiguration.class]: Invocation of init method failed; nested exception is javax.persistence.PersistenceException: [PersistenceUnit: default] Unable to build Hibernate SessionFactory; nested exception is org.hibernate.HibernateException: Errors in named queries: 
stateByUuid failed because of: org.hibernate.QueryException: could not resolve property: uuid of: com.upgrad.FoodOrderingApp.service.entity.StateEntity [select s from com.upgrad.FoodOrderingApp.service.entity.StateEntity s where s.uuid=:uuid]
Caused by: javax.persistence.PersistenceException: 
[PersistenceUnit: default] Unable to build Hibernate SessionFactory; nested exception is org.hibernate.HibernateException: Errors in named queries: 
stateByUuid failed because of: org.hibernate.QueryException: could not resolve property: uuid of: com.upgrad.FoodOrderingApp.service.entity.StateEntity [select s from com.upgrad.FoodOrderingApp.service.entity.StateEntity s where s.uuid=:uuid]
Caused by: org.hibernate.HibernateException: 
Errors in named queries: 
stateByUuid failed because of: org.hibernate.QueryException: could not resolve property: uuid of: com.upgrad.FoodOrderingApp.service.entity.StateEntity [select s from com.upgrad.FoodOrderingApp.service.entity.StateEntity s where s.uuid=:uuid]

shouldUpdateCustomerDetailsIfCustomerIsAlreadyLoggedOut(com.upgrad.FoodOrderingApp.api.controller.CustomerControllerTest)  Time elapsed: 0 s  <<< ERROR!
java.lang.IllegalStateException: Failed to load ApplicationContext
Caused by: org.springframework.beans.factory.BeanCreationException: 
Error creating bean with name 'entityManagerFactory' defined in class path resource [org/springframework/boot/autoconfigure/orm/jpa/HibernateJpaConfiguration.class]: Invocation of init method failed; nested exception is javax.persistence.PersistenceException: [PersistenceUnit: default] Unable to build Hibernate SessionFactory; nested exception is org.hibernate.HibernateException: Errors in named queries: 
stateByUuid failed because of: org.hibernate.QueryException: could not resolve property: uuid of: com.upgrad.FoodOrderingApp.service.entity.StateEntity [select s from com.upgrad.FoodOrderingApp.service.entity.StateEntity s where s.uuid=:uuid]
Caused by: javax.persistence.PersistenceException: 
[PersistenceUnit: default] Unable to build Hibernate SessionFactory; nested exception is org.hibernate.HibernateException: Errors in named queries: 
stateByUuid failed because of: org.hibernate.QueryException: could not resolve property: uuid of: com.upgrad.FoodOrderingApp.service.entity.StateEntity [select s from com.upgrad.FoodOrderingApp.service.entity.StateEntity s where s.uuid=:uuid]
Caused by: org.hibernate.HibernateException: 
Errors in named queries: 
stateByUuid failed because of: org.hibernate.QueryException: could not resolve property: uuid of: com.upgrad.FoodOrderingApp.service.entity.StateEntity [select s from com.upgrad.FoodOrderingApp.service.entity.StateEntity s where s.uuid=:uuid]

shouldNotSignUpForEmptyRequest(com.upgrad.FoodOrderingApp.api.controller.CustomerControllerTest)  Time elapsed: 0 s  <<< ERROR!
java.lang.IllegalStateException: Failed to load ApplicationContext
Caused by: org.springframework.beans.factory.BeanCreationException: 
Error creating bean with name 'entityManagerFactory' defined in class path resource [org/springframework/boot/autoconfigure/orm/jpa/HibernateJpaConfiguration.class]: Invocation of init method failed; nested exception is javax.persistence.PersistenceException: [PersistenceUnit: default] Unable to build Hibernate SessionFactory; nested exception is org.hibernate.HibernateException: Errors in named queries: 
stateByUuid failed because of: org.hibernate.QueryException: could not resolve property: uuid of: com.upgrad.FoodOrderingApp.service.entity.StateEntity [select s from com.upgrad.FoodOrderingApp.service.entity.StateEntity s where s.uuid=:uuid]
Caused by: javax.persistence.PersistenceException: 
[PersistenceUnit: default] Unable to build Hibernate SessionFactory; nested exception is org.hibernate.HibernateException: Errors in named queries: 
stateByUuid failed because of: org.hibernate.QueryException: could not resolve property: uuid of: com.upgrad.FoodOrderingApp.service.entity.StateEntity [select s from com.upgrad.FoodOrderingApp.service.entity.StateEntity s where s.uuid=:uuid]
Caused by: org.hibernate.HibernateException: 
Errors in named queries: 
stateByUuid failed because of: org.hibernate.QueryException: could not resolve property: uuid of: com.upgrad.FoodOrderingApp.service.entity.StateEntity [select s from com.upgrad.FoodOrderingApp.service.entity.StateEntity s where s.uuid=:uuid]

shouldNotUpdateCustomerPasswordIfOldPasswordIsEmpty(com.upgrad.FoodOrderingApp.api.controller.CustomerControllerTest)  Time elapsed: 0.016 s  <<< ERROR!
java.lang.IllegalStateException: Failed to load ApplicationContext
Caused by: org.springframework.beans.factory.BeanCreationException: 
Error creating bean with name 'entityManagerFactory' defined in class path resource [org/springframework/boot/autoconfigure/orm/jpa/HibernateJpaConfiguration.class]: Invocation of init method failed; nested exception is javax.persistence.PersistenceException: [PersistenceUnit: default] Unable to build Hibernate SessionFactory; nested exception is org.hibernate.HibernateException: Errors in named queries: 
stateByUuid failed because of: org.hibernate.QueryException: could not resolve property: uuid of: com.upgrad.FoodOrderingApp.service.entity.StateEntity [select s from com.upgrad.FoodOrderingApp.service.entity.StateEntity s where s.uuid=:uuid]
Caused by: javax.persistence.PersistenceException: 
[PersistenceUnit: default] Unable to build Hibernate SessionFactory; nested exception is org.hibernate.HibernateException: Errors in named queries: 
stateByUuid failed because of: org.hibernate.QueryException: could not resolve property: uuid of: com.upgrad.FoodOrderingApp.service.entity.StateEntity [select s from com.upgrad.FoodOrderingApp.service.entity.StateEntity s where s.uuid=:uuid]
Caused by: org.hibernate.HibernateException: 
Errors in named queries: 
stateByUuid failed because of: org.hibernate.QueryException: could not resolve property: uuid of: com.upgrad.FoodOrderingApp.service.entity.StateEntity [select s from com.upgrad.FoodOrderingApp.service.entity.StateEntity s where s.uuid=:uuid]

shouldUpdateCustomerDetailsIfSessionIsExpired(com.upgrad.FoodOrderingApp.api.controller.CustomerControllerTest)  Time elapsed: 0 s  <<< ERROR!
java.lang.IllegalStateException: Failed to load ApplicationContext
Caused by: org.springframework.beans.factory.BeanCreationException: 
Error creating bean with name 'entityManagerFactory' defined in class path resource [org/springframework/boot/autoconfigure/orm/jpa/HibernateJpaConfiguration.class]: Invocation of init method failed; nested exception is javax.persistence.PersistenceException: [PersistenceUnit: default] Unable to build Hibernate SessionFactory; nested exception is org.hibernate.HibernateException: Errors in named queries: 
stateByUuid failed because of: org.hibernate.QueryException: could not resolve property: uuid of: com.upgrad.FoodOrderingApp.service.entity.StateEntity [select s from com.upgrad.FoodOrderingApp.service.entity.StateEntity s where s.uuid=:uuid]
Caused by: javax.persistence.PersistenceException: 
[PersistenceUnit: default] Unable to build Hibernate SessionFactory; nested exception is org.hibernate.HibernateException: Errors in named queries: 
stateByUuid failed because of: org.hibernate.QueryException: could not resolve property: uuid of: com.upgrad.FoodOrderingApp.service.entity.StateEntity [select s from com.upgrad.FoodOrderingApp.service.entity.StateEntity s where s.uuid=:uuid]
Caused by: org.hibernate.HibernateException: 
Errors in named queries: 
stateByUuid failed because of: org.hibernate.QueryException: could not resolve property: uuid of: com.upgrad.FoodOrderingApp.service.entity.StateEntity [select s from com.upgrad.FoodOrderingApp.service.entity.StateEntity s where s.uuid=:uuid]

shouldNotLogoutIfCustomerIsAlreadyLoggedOut(com.upgrad.FoodOrderingApp.api.controller.CustomerControllerTest)  Time elapsed: 0 s  <<< ERROR!
java.lang.IllegalStateException: Failed to load ApplicationContext
Caused by: org.springframework.beans.factory.BeanCreationException: 
Error creating bean with name 'entityManagerFactory' defined in class path resource [org/springframework/boot/autoconfigure/orm/jpa/HibernateJpaConfiguration.class]: Invocation of init method failed; nested exception is javax.persistence.PersistenceException: [PersistenceUnit: default] Unable to build Hibernate SessionFactory; nested exception is org.hibernate.HibernateException: Errors in named queries: 
stateByUuid failed because of: org.hibernate.QueryException: could not resolve property: uuid of: com.upgrad.FoodOrderingApp.service.entity.StateEntity [select s from com.upgrad.FoodOrderingApp.service.entity.StateEntity s where s.uuid=:uuid]
Caused by: javax.persistence.PersistenceException: 
[PersistenceUnit: default] Unable to build Hibernate SessionFactory; nested exception is org.hibernate.HibernateException: Errors in named queries: 
stateByUuid failed because of: org.hibernate.QueryException: could not resolve property: uuid of: com.upgrad.FoodOrderingApp.service.entity.StateEntity [select s from com.upgrad.FoodOrderingApp.service.entity.StateEntity s where s.uuid=:uuid]
Caused by: org.hibernate.HibernateException: 
Errors in named queries: 
stateByUuid failed because of: org.hibernate.QueryException: could not resolve property: uuid of: com.upgrad.FoodOrderingApp.service.entity.StateEntity [select s from com.upgrad.FoodOrderingApp.service.entity.StateEntity s where s.uuid=:uuid]

shouldLogoutForValidRequest(com.upgrad.FoodOrderingApp.api.controller.CustomerControllerTest)  Time elapsed: 0 s  <<< ERROR!
java.lang.IllegalStateException: Failed to load ApplicationContext
Caused by: org.springframework.beans.factory.BeanCreationException: 
Error creating bean with name 'entityManagerFactory' defined in class path resource [org/springframework/boot/autoconfigure/orm/jpa/HibernateJpaConfiguration.class]: Invocation of init method failed; nested exception is javax.persistence.PersistenceException: [PersistenceUnit: default] Unable to build Hibernate SessionFactory; nested exception is org.hibernate.HibernateException: Errors in named queries: 
stateByUuid failed because of: org.hibernate.QueryException: could not resolve property: uuid of: com.upgrad.FoodOrderingApp.service.entity.StateEntity [select s from com.upgrad.FoodOrderingApp.service.entity.StateEntity s where s.uuid=:uuid]
Caused by: javax.persistence.PersistenceException: 
[PersistenceUnit: default] Unable to build Hibernate SessionFactory; nested exception is org.hibernate.HibernateException: Errors in named queries: 
stateByUuid failed because of: org.hibernate.QueryException: could not resolve property: uuid of: com.upgrad.FoodOrderingApp.service.entity.StateEntity [select s from com.upgrad.FoodOrderingApp.service.entity.StateEntity s where s.uuid=:uuid]
Caused by: org.hibernate.HibernateException: 
Errors in named queries: 
stateByUuid failed because of: org.hibernate.QueryException: could not resolve property: uuid of: com.upgrad.FoodOrderingApp.service.entity.StateEntity [select s from com.upgrad.FoodOrderingApp.service.entity.StateEntity s where s.uuid=:uuid]

shouldNotLoginIfNoDataPresentForGivenMobileNo(com.upgrad.FoodOrderingApp.api.controller.CustomerControllerTest)  Time elapsed: 0 s  <<< ERROR!
java.lang.IllegalStateException: Failed to load ApplicationContext
Caused by: org.springframework.beans.factory.BeanCreationException: 
Error creating bean with name 'entityManagerFactory' defined in class path resource [org/springframework/boot/autoconfigure/orm/jpa/HibernateJpaConfiguration.class]: Invocation of init method failed; nested exception is javax.persistence.PersistenceException: [PersistenceUnit: default] Unable to build Hibernate SessionFactory; nested exception is org.hibernate.HibernateException: Errors in named queries: 
stateByUuid failed because of: org.hibernate.QueryException: could not resolve property: uuid of: com.upgrad.FoodOrderingApp.service.entity.StateEntity [select s from com.upgrad.FoodOrderingApp.service.entity.StateEntity s where s.uuid=:uuid]
Caused by: javax.persistence.PersistenceException: 
[PersistenceUnit: default] Unable to build Hibernate SessionFactory; nested exception is org.hibernate.HibernateException: Errors in named queries: 
stateByUuid failed because of: org.hibernate.QueryException: could not resolve property: uuid of: com.upgrad.FoodOrderingApp.service.entity.StateEntity [select s from com.upgrad.FoodOrderingApp.service.entity.StateEntity s where s.uuid=:uuid]
Caused by: org.hibernate.HibernateException: 
Errors in named queries: 
stateByUuid failed because of: org.hibernate.QueryException: could not resolve property: uuid of: com.upgrad.FoodOrderingApp.service.entity.StateEntity [select s from com.upgrad.FoodOrderingApp.service.entity.StateEntity s where s.uuid=:uuid]

shouldNotSignUpForInvalidContactNo(com.upgrad.FoodOrderingApp.api.controller.CustomerControllerTest)  Time elapsed: 0 s  <<< ERROR!
java.lang.IllegalStateException: Failed to load ApplicationContext
Caused by: org.springframework.beans.factory.BeanCreationException: 
Error creating bean with name 'entityManagerFactory' defined in class path resource [org/springframework/boot/autoconfigure/orm/jpa/HibernateJpaConfiguration.class]: Invocation of init method failed; nested exception is javax.persistence.PersistenceException: [PersistenceUnit: default] Unable to build Hibernate SessionFactory; nested exception is org.hibernate.HibernateException: Errors in named queries: 
stateByUuid failed because of: org.hibernate.QueryException: could not resolve property: uuid of: com.upgrad.FoodOrderingApp.service.entity.StateEntity [select s from com.upgrad.FoodOrderingApp.service.entity.StateEntity s where s.uuid=:uuid]
Caused by: javax.persistence.PersistenceException: 
[PersistenceUnit: default] Unable to build Hibernate SessionFactory; nested exception is org.hibernate.HibernateException: Errors in named queries: 
stateByUuid failed because of: org.hibernate.QueryException: could not resolve property: uuid of: com.upgrad.FoodOrderingApp.service.entity.StateEntity [select s from com.upgrad.FoodOrderingApp.service.entity.StateEntity s where s.uuid=:uuid]
Caused by: org.hibernate.HibernateException: 
Errors in named queries: 
stateByUuid failed because of: org.hibernate.QueryException: could not resolve property: uuid of: com.upgrad.FoodOrderingApp.service.entity.StateEntity [select s from com.upgrad.FoodOrderingApp.service.entity.StateEntity s where s.uuid=:uuid]

shouldNotLogoutWhenCustomerIsNotLoggedIn(com.upgrad.FoodOrderingApp.api.controller.CustomerControllerTest)  Time elapsed: 0 s  <<< ERROR!
java.lang.IllegalStateException: Failed to load ApplicationContext
Caused by: org.springframework.beans.factory.BeanCreationException: 
Error creating bean with name 'entityManagerFactory' defined in class path resource [org/springframework/boot/autoconfigure/orm/jpa/HibernateJpaConfiguration.class]: Invocation of init method failed; nested exception is javax.persistence.PersistenceException: [PersistenceUnit: default] Unable to build Hibernate SessionFactory; nested exception is org.hibernate.HibernateException: Errors in named queries: 
stateByUuid failed because of: org.hibernate.QueryException: could not resolve property: uuid of: com.upgrad.FoodOrderingApp.service.entity.StateEntity [select s from com.upgrad.FoodOrderingApp.service.entity.StateEntity s where s.uuid=:uuid]
Caused by: javax.persistence.PersistenceException: 
[PersistenceUnit: default] Unable to build Hibernate SessionFactory; nested exception is org.hibernate.HibernateException: Errors in named queries: 
stateByUuid failed because of: org.hibernate.QueryException: could not resolve property: uuid of: com.upgrad.FoodOrderingApp.service.entity.StateEntity [select s from com.upgrad.FoodOrderingApp.service.entity.StateEntity s where s.uuid=:uuid]
Caused by: org.hibernate.HibernateException: 
Errors in named queries: 
stateByUuid failed because of: org.hibernate.QueryException: could not resolve property: uuid of: com.upgrad.FoodOrderingApp.service.entity.StateEntity [select s from com.upgrad.FoodOrderingApp.service.entity.StateEntity s where s.uuid=:uuid]

shouldUpdateCustomerDetails(com.upgrad.FoodOrderingApp.api.controller.CustomerControllerTest)  Time elapsed: 0 s  <<< ERROR!
java.lang.IllegalStateException: Failed to load ApplicationContext
Caused by: org.springframework.beans.factory.BeanCreationException: 
Error creating bean with name 'entityManagerFactory' defined in class path resource [org/springframework/boot/autoconfigure/orm/jpa/HibernateJpaConfiguration.class]: Invocation of init method failed; nested exception is javax.persistence.PersistenceException: [PersistenceUnit: default] Unable to build Hibernate SessionFactory; nested exception is org.hibernate.HibernateException: Errors in named queries: 
stateByUuid failed because of: org.hibernate.QueryException: could not resolve property: uuid of: com.upgrad.FoodOrderingApp.service.entity.StateEntity [select s from com.upgrad.FoodOrderingApp.service.entity.StateEntity s where s.uuid=:uuid]
Caused by: javax.persistence.PersistenceException: 
[PersistenceUnit: default] Unable to build Hibernate SessionFactory; nested exception is org.hibernate.HibernateException: Errors in named queries: 
stateByUuid failed because of: org.hibernate.QueryException: could not resolve property: uuid of: com.upgrad.FoodOrderingApp.service.entity.StateEntity [select s from com.upgrad.FoodOrderingApp.service.entity.StateEntity s where s.uuid=:uuid]
Caused by: org.hibernate.HibernateException: 
Errors in named queries: 
stateByUuid failed because of: org.hibernate.QueryException: could not resolve property: uuid of: com.upgrad.FoodOrderingApp.service.entity.StateEntity [select s from com.upgrad.FoodOrderingApp.service.entity.StateEntity s where s.uuid=:uuid]

shouldNotSignUpForInvalidEmailId(com.upgrad.FoodOrderingApp.api.controller.CustomerControllerTest)  Time elapsed: 0 s  <<< ERROR!
java.lang.IllegalStateException: Failed to load ApplicationContext
Caused by: org.springframework.beans.factory.BeanCreationException: 
Error creating bean with name 'entityManagerFactory' defined in class path resource [org/springframework/boot/autoconfigure/orm/jpa/HibernateJpaConfiguration.class]: Invocation of init method failed; nested exception is javax.persistence.PersistenceException: [PersistenceUnit: default] Unable to build Hibernate SessionFactory; nested exception is org.hibernate.HibernateException: Errors in named queries: 
stateByUuid failed because of: org.hibernate.QueryException: could not resolve property: uuid of: com.upgrad.FoodOrderingApp.service.entity.StateEntity [select s from com.upgrad.FoodOrderingApp.service.entity.StateEntity s where s.uuid=:uuid]
Caused by: javax.persistence.PersistenceException: 
[PersistenceUnit: default] Unable to build Hibernate SessionFactory; nested exception is org.hibernate.HibernateException: Errors in named queries: 
stateByUuid failed because of: org.hibernate.QueryException: could not resolve property: uuid of: com.upgrad.FoodOrderingApp.service.entity.StateEntity [select s from com.upgrad.FoodOrderingApp.service.entity.StateEntity s where s.uuid=:uuid]
Caused by: org.hibernate.HibernateException: 
Errors in named queries: 
stateByUuid failed because of: org.hibernate.QueryException: could not resolve property: uuid of: com.upgrad.FoodOrderingApp.service.entity.StateEntity [select s from com.upgrad.FoodOrderingApp.service.entity.StateEntity s where s.uuid=:uuid]

shouldLoginForValidRequest(com.upgrad.FoodOrderingApp.api.controller.CustomerControllerTest)  Time elapsed: 0 s  <<< ERROR!
java.lang.IllegalStateException: Failed to load ApplicationContext
Caused by: org.springframework.beans.factory.BeanCreationException: 
Error creating bean with name 'entityManagerFactory' defined in class path resource [org/springframework/boot/autoconfigure/orm/jpa/HibernateJpaConfiguration.class]: Invocation of init method failed; nested exception is javax.persistence.PersistenceException: [PersistenceUnit: default] Unable to build Hibernate SessionFactory; nested exception is org.hibernate.HibernateException: Errors in named queries: 
stateByUuid failed because of: org.hibernate.QueryException: could not resolve property: uuid of: com.upgrad.FoodOrderingApp.service.entity.StateEntity [select s from com.upgrad.FoodOrderingApp.service.entity.StateEntity s where s.uuid=:uuid]
Caused by: javax.persistence.PersistenceException: 
[PersistenceUnit: default] Unable to build Hibernate SessionFactory; nested exception is org.hibernate.HibernateException: Errors in named queries: 
stateByUuid failed because of: org.hibernate.QueryException: could not resolve property: uuid of: com.upgrad.FoodOrderingApp.service.entity.StateEntity [select s from com.upgrad.FoodOrderingApp.service.entity.StateEntity s where s.uuid=:uuid]
Caused by: org.hibernate.HibernateException: 
Errors in named queries: 
stateByUuid failed because of: org.hibernate.QueryException: could not resolve property: uuid of: com.upgrad.FoodOrderingApp.service.entity.StateEntity [select s from com.upgrad.FoodOrderingApp.service.entity.StateEntity s where s.uuid=:uuid]

shouldNotSignUpIfTheContactIsAlreadySignedUp(com.upgrad.FoodOrderingApp.api.controller.CustomerControllerTest)  Time elapsed: 0 s  <<< ERROR!
java.lang.IllegalStateException: Failed to load ApplicationContext
Caused by: org.springframework.beans.factory.BeanCreationException: 
Error creating bean with name 'entityManagerFactory' defined in class path resource [org/springframework/boot/autoconfigure/orm/jpa/HibernateJpaConfiguration.class]: Invocation of init method failed; nested exception is javax.persistence.PersistenceException: [PersistenceUnit: default] Unable to build Hibernate SessionFactory; nested exception is org.hibernate.HibernateException: Errors in named queries: 
stateByUuid failed because of: org.hibernate.QueryException: could not resolve property: uuid of: com.upgrad.FoodOrderingApp.service.entity.StateEntity [select s from com.upgrad.FoodOrderingApp.service.entity.StateEntity s where s.uuid=:uuid]
Caused by: javax.persistence.PersistenceException: 
[PersistenceUnit: default] Unable to build Hibernate SessionFactory; nested exception is org.hibernate.HibernateException: Errors in named queries: 
stateByUuid failed because of: org.hibernate.QueryException: could not resolve property: uuid of: com.upgrad.FoodOrderingApp.service.entity.StateEntity [select s from com.upgrad.FoodOrderingApp.service.entity.StateEntity s where s.uuid=:uuid]
Caused by: org.hibernate.HibernateException: 
Errors in named queries: 
stateByUuid failed because of: org.hibernate.QueryException: could not resolve property: uuid of: com.upgrad.FoodOrderingApp.service.entity.StateEntity [select s from com.upgrad.FoodOrderingApp.service.entity.StateEntity s where s.uuid=:uuid]

shouldNotUpdateCustomerPasswordIfNewPasswordDoesNotFollowRecommendedPasswordFormat(com.upgrad.FoodOrderingApp.api.controller.CustomerControllerTest)  Time elapsed: 0 s  <<< ERROR!
java.lang.IllegalStateException: Failed to load ApplicationContext
Caused by: org.springframework.beans.factory.BeanCreationException: 
Error creating bean with name 'entityManagerFactory' defined in class path resource [org/springframework/boot/autoconfigure/orm/jpa/HibernateJpaConfiguration.class]: Invocation of init method failed; nested exception is javax.persistence.PersistenceException: [PersistenceUnit: default] Unable to build Hibernate SessionFactory; nested exception is org.hibernate.HibernateException: Errors in named queries: 
stateByUuid failed because of: org.hibernate.QueryException: could not resolve property: uuid of: com.upgrad.FoodOrderingApp.service.entity.StateEntity [select s from com.upgrad.FoodOrderingApp.service.entity.StateEntity s where s.uuid=:uuid]
Caused by: javax.persistence.PersistenceException: 
[PersistenceUnit: default] Unable to build Hibernate SessionFactory; nested exception is org.hibernate.HibernateException: Errors in named queries: 
stateByUuid failed because of: org.hibernate.QueryException: could not resolve property: uuid of: com.upgrad.FoodOrderingApp.service.entity.StateEntity [select s from com.upgrad.FoodOrderingApp.service.entity.StateEntity s where s.uuid=:uuid]
Caused by: org.hibernate.HibernateException: 
Errors in named queries: 
stateByUuid failed because of: org.hibernate.QueryException: could not resolve property: uuid of: com.upgrad.FoodOrderingApp.service.entity.StateEntity [select s from com.upgrad.FoodOrderingApp.service.entity.StateEntity s where s.uuid=:uuid]

shouldNotSignUpForInvalidPassword(com.upgrad.FoodOrderingApp.api.controller.CustomerControllerTest)  Time elapsed: 0 s  <<< ERROR!
java.lang.IllegalStateException: Failed to load ApplicationContext
Caused by: org.springframework.beans.factory.BeanCreationException: 
Error creating bean with name 'entityManagerFactory' defined in class path resource [org/springframework/boot/autoconfigure/orm/jpa/HibernateJpaConfiguration.class]: Invocation of init method failed; nested exception is javax.persistence.PersistenceException: [PersistenceUnit: default] Unable to build Hibernate SessionFactory; nested exception is org.hibernate.HibernateException: Errors in named queries: 
stateByUuid failed because of: org.hibernate.QueryException: could not resolve property: uuid of: com.upgrad.FoodOrderingApp.service.entity.StateEntity [select s from com.upgrad.FoodOrderingApp.service.entity.StateEntity s where s.uuid=:uuid]
Caused by: javax.persistence.PersistenceException: 
[PersistenceUnit: default] Unable to build Hibernate SessionFactory; nested exception is org.hibernate.HibernateException: Errors in named queries: 
stateByUuid failed because of: org.hibernate.QueryException: could not resolve property: uuid of: com.upgrad.FoodOrderingApp.service.entity.StateEntity [select s from com.upgrad.FoodOrderingApp.service.entity.StateEntity s where s.uuid=:uuid]
Caused by: org.hibernate.HibernateException: 
Errors in named queries: 
stateByUuid failed because of: org.hibernate.QueryException: could not resolve property: uuid of: com.upgrad.FoodOrderingApp.service.entity.StateEntity [select s from com.upgrad.FoodOrderingApp.service.entity.StateEntity s where s.uuid=:uuid]

shouldNotLoginForWrongPassword(com.upgrad.FoodOrderingApp.api.controller.CustomerControllerTest)  Time elapsed: 0 s  <<< ERROR!
java.lang.IllegalStateException: Failed to load ApplicationContext
Caused by: org.springframework.beans.factory.BeanCreationException: 
Error creating bean with name 'entityManagerFactory' defined in class path resource [org/springframework/boot/autoconfigure/orm/jpa/HibernateJpaConfiguration.class]: Invocation of init method failed; nested exception is javax.persistence.PersistenceException: [PersistenceUnit: default] Unable to build Hibernate SessionFactory; nested exception is org.hibernate.HibernateException: Errors in named queries: 
stateByUuid failed because of: org.hibernate.QueryException: could not resolve property: uuid of: com.upgrad.FoodOrderingApp.service.entity.StateEntity [select s from com.upgrad.FoodOrderingApp.service.entity.StateEntity s where s.uuid=:uuid]
Caused by: javax.persistence.PersistenceException: 
[PersistenceUnit: default] Unable to build Hibernate SessionFactory; nested exception is org.hibernate.HibernateException: Errors in named queries: 
stateByUuid failed because of: org.hibernate.QueryException: could not resolve property: uuid of: com.upgrad.FoodOrderingApp.service.entity.StateEntity [select s from com.upgrad.FoodOrderingApp.service.entity.StateEntity s where s.uuid=:uuid]
Caused by: org.hibernate.HibernateException: 
Errors in named queries: 
stateByUuid failed because of: org.hibernate.QueryException: could not resolve property: uuid of: com.upgrad.FoodOrderingApp.service.entity.StateEntity [select s from com.upgrad.FoodOrderingApp.service.entity.StateEntity s where s.uuid=:uuid]

shouldSignUpForValidRequest(com.upgrad.FoodOrderingApp.api.controller.CustomerControllerTest)  Time elapsed: 0 s  <<< ERROR!
java.lang.IllegalStateException: Failed to load ApplicationContext
Caused by: org.springframework.beans.factory.BeanCreationException: 
Error creating bean with name 'entityManagerFactory' defined in class path resource [org/springframework/boot/autoconfigure/orm/jpa/HibernateJpaConfiguration.class]: Invocation of init method failed; nested exception is javax.persistence.PersistenceException: [PersistenceUnit: default] Unable to build Hibernate SessionFactory; nested exception is org.hibernate.HibernateException: Errors in named queries: 
stateByUuid failed because of: org.hibernate.QueryException: could not resolve property: uuid of: com.upgrad.FoodOrderingApp.service.entity.StateEntity [select s from com.upgrad.FoodOrderingApp.service.entity.StateEntity s where s.uuid=:uuid]
Caused by: javax.persistence.PersistenceException: 
[PersistenceUnit: default] Unable to build Hibernate SessionFactory; nested exception is org.hibernate.HibernateException: Errors in named queries: 
stateByUuid failed because of: org.hibernate.QueryException: could not resolve property: uuid of: com.upgrad.FoodOrderingApp.service.entity.StateEntity [select s from com.upgrad.FoodOrderingApp.service.entity.StateEntity s where s.uuid=:uuid]
Caused by: org.hibernate.HibernateException: 
Errors in named queries: 
stateByUuid failed because of: org.hibernate.QueryException: could not resolve property: uuid of: com.upgrad.FoodOrderingApp.service.entity.StateEntity [select s from com.upgrad.FoodOrderingApp.service.entity.StateEntity s where s.uuid=:uuid]

