-------------------------------------------------------------------------------
Test set: com.upgrad.FoodOrderingApp.api.controller.PaymentControllerTest
-------------------------------------------------------------------------------
Tests run: 1, Failures: 0, Errors: 1, Skipped: 0, Time elapsed: 0.194 s <<< FAILURE! - in com.upgrad.FoodOrderingApp.api.controller.PaymentControllerTest
shouldGetAllPaymentMethods(com.upgrad.FoodOrderingApp.api.controller.PaymentControllerTest)  Time elapsed: 0 s  <<< ERROR!
java.lang.IllegalStateException: Failed to load ApplicationContext
Caused by: org.springframework.beans.factory.BeanCreationException: 
Error creating bean with name 'entityManagerFactory' defined in class path resource [org/springframework/boot/autoconfigure/orm/jpa/HibernateJpaConfiguration.class]: Invocation of init method failed; nested exception is javax.persistence.PersistenceException: [PersistenceUnit: default] Unable to build Hibernate SessionFactory; nested exception is org.hibernate.HibernateException: Errors in named queries: 
stateByUuid failed because of: org.hibernate.QueryException: could not resolve property: uuid of: com.upgrad.FoodOrderingApp.service.entity.StateEntity [select s from com.upgrad.FoodOrderingApp.service.entity.StateEntity s where s.uuid=:uuid]
Caused by: javax.persistence.PersistenceException: 
[PersistenceUnit: default] Unable to build Hibernate SessionFactory; nested exception is org.hibernate.HibernateException: Errors in named queries: 
stateByUuid failed because of: org.hibernate.QueryException: could not resolve property: uuid of: com.upgrad.FoodOrderingApp.service.entity.StateEntity [select s from com.upgrad.FoodOrderingApp.service.entity.StateEntity s where s.uuid=:uuid]
Caused by: org.hibernate.HibernateException: 
Errors in named queries: 
stateByUuid failed because of: org.hibernate.QueryException: could not resolve property: uuid of: com.upgrad.FoodOrderingApp.service.entity.StateEntity [select s from com.upgrad.FoodOrderingApp.service.entity.StateEntity s where s.uuid=:uuid]

