<?xml version="1.0" encoding="UTF-8"?>
<testsuite xmlns:xsi="http://www.w3.org/2001/XMLSchema-instance" xsi:noNamespaceSchemaLocation="https://maven.apache.org/surefire/maven-surefire-plugin/xsd/surefire-test-report.xsd" name="com.upgrad.FoodOrderingApp.api.controller.RestaurantControllerTest" time="8.057" tests="17" errors="1" skipped="0" failures="7">
  <properties>
[...]
</properties>
  <testcase name="shouldGetRestaurantDetailsByGivenName" classname="com.upgrad.FoodOrderingApp.api.controller.RestaurantControllerTest" time="0.317"/>
  <testcase name="shouldNotUpdateRestaurantRatingIfCustomerIsNotLoggedIn" classname="com.upgrad.FoodOrderingApp.api.controller.RestaurantControllerTest" time="0.106">
    <failure message="Status expected:&lt;403&gt; but was:&lt;400&gt;" type="java.lang.AssertionError"><![CDATA[java.lang.AssertionError: Status expected:<403> but was:<400>
	at com.upgrad.FoodOrderingApp.api.controller.RestaurantControllerTest.shouldNotUpdateRestaurantRatingIfCustomerIsNotLoggedIn(RestaurantControllerTest.java:292)
]]></failure>
    <system-out><![CDATA[
MockHttpServletRequest:
      HTTP Method = GET
      Request URI = /restaurant/name/someRestaurantName
       Parameters = {}
          Headers = {Content-Type=[application/json;charset=UTF-8]}
             Body = null
    Session Attrs = {}

Handler:
             Type = com.upgrad.FoodOrderingApp.api.controller.RestaurantController
           Method = public org.springframework.http.ResponseEntity<com.upgrad.FoodOrderingApp.api.model.RestaurantListResponse> com.upgrad.FoodOrderingApp.api.controller.RestaurantController.getRestaurantsByName(java.lang.String) throws com.upgrad.FoodOrderingApp.service.exception.RestaurantNotFoundException

Async:
    Async started = false
     Async result = null

Resolved Exception:
             Type = null

ModelAndView:
        View name = null
             View = null
            Model = null

FlashMap:
       Attributes = null

MockHttpServletResponse:
           Status = 200
    Error message = null
          Headers = {Content-Type=[application/json;charset=UTF-8]}
     Content type = application/json;charset=UTF-8
             Body = {"restaurants":[{"id":"86bc3043-9ce9-487e-a7a1-2a17b65786e9","restaurant_name":"Famous Restaurant","photo_URL":"someurl","customer_rating":3.399999999999999911182158029987476766109466552734375,"average_price":123,"number_customers_rated":200,"address":{"id":"5a2c102f-be63-4624-b70f-c0dd8c81637c","flat_building_name":null,"locality":"someLocality","city":"someCity","pincode":null,"state":{"id":"5472d05e-7a3a-4894-88c2-ca75bd5cdf3c","state_name":"someState"}},"categories":"someCategory"}]}
    Forwarded URL = null
   Redirected URL = null
          Cookies = []

MockHttpServletRequest:
      HTTP Method = PUT
      Request URI = /restaurant/someRestaurantId/
       Parameters = {customer_rating=[4.5]}
          Headers = {Content-Type=[application/json;charset=UTF-8], authorization=[Bearer invalid_auth]}
             Body = null
    Session Attrs = {}

Handler:
             Type = com.upgrad.FoodOrderingApp.api.controller.RestaurantController
           Method = public org.springframework.http.ResponseEntity<com.upgrad.FoodOrderingApp.api.model.RestaurantUpdatedResponse> com.upgrad.FoodOrderingApp.api.controller.RestaurantController.updateCustomerRating(java.lang.String,java.lang.Double,java.lang.String) throws com.upgrad.FoodOrderingApp.service.exception.AuthorizationFailedException,com.upgrad.FoodOrderingApp.service.exception.InvalidRatingException,com.upgrad.FoodOrderingApp.service.exception.RestaurantNotFoundException

Async:
    Async started = false
     Async result = null

Resolved Exception:
             Type = org.springframework.web.bind.MissingServletRequestParameterException

ModelAndView:
        View name = null
             View = null
            Model = null

FlashMap:
       Attributes = null

MockHttpServletResponse:
           Status = 400
    Error message = Required Double parameter 'customerRating' is not present
          Headers = {}
     Content type = null
             Body = 
    Forwarded URL = null
   Redirected URL = null
          Cookies = []
]]></system-out>
  </testcase>
  <testcase name="shouldNotUpdateRestaurantIfRestaurantIdIsEmpty" classname="com.upgrad.FoodOrderingApp.api.controller.RestaurantControllerTest" time="0"/>
  <testcase name="shouldUpdateRestaurantRating" classname="com.upgrad.FoodOrderingApp.api.controller.RestaurantControllerTest" time="0.046">
    <failure message="Status expected:&lt;200&gt; but was:&lt;400&gt;" type="java.lang.AssertionError"><![CDATA[java.lang.AssertionError: Status expected:<200> but was:<400>
	at com.upgrad.FoodOrderingApp.api.controller.RestaurantControllerTest.shouldUpdateRestaurantRating(RestaurantControllerTest.java:273)
]]></failure>
    <system-out><![CDATA[
MockHttpServletRequest:
      HTTP Method = GET
      Request URI = /restaurant/name/someRestaurantName
       Parameters = {}
          Headers = {Content-Type=[application/json;charset=UTF-8]}
             Body = null
    Session Attrs = {}

Handler:
             Type = com.upgrad.FoodOrderingApp.api.controller.RestaurantController
           Method = public org.springframework.http.ResponseEntity<com.upgrad.FoodOrderingApp.api.model.RestaurantListResponse> com.upgrad.FoodOrderingApp.api.controller.RestaurantController.getRestaurantsByName(java.lang.String) throws com.upgrad.FoodOrderingApp.service.exception.RestaurantNotFoundException

Async:
    Async started = false
     Async result = null

Resolved Exception:
             Type = null

ModelAndView:
        View name = null
             View = null
            Model = null

FlashMap:
       Attributes = null

MockHttpServletResponse:
           Status = 200
    Error message = null
          Headers = {Content-Type=[application/json;charset=UTF-8]}
     Content type = application/json;charset=UTF-8
             Body = {"restaurants":[{"id":"86bc3043-9ce9-487e-a7a1-2a17b65786e9","restaurant_name":"Famous Restaurant","photo_URL":"someurl","customer_rating":3.399999999999999911182158029987476766109466552734375,"average_price":123,"number_customers_rated":200,"address":{"id":"5a2c102f-be63-4624-b70f-c0dd8c81637c","flat_building_name":null,"locality":"someLocality","city":"someCity","pincode":null,"state":{"id":"5472d05e-7a3a-4894-88c2-ca75bd5cdf3c","state_name":"someState"}},"categories":"someCategory"}]}
    Forwarded URL = null
   Redirected URL = null
          Cookies = []

MockHttpServletRequest:
      HTTP Method = PUT
      Request URI = /restaurant/someRestaurantId/
       Parameters = {customer_rating=[4.5]}
          Headers = {Content-Type=[application/json;charset=UTF-8], authorization=[Bearer invalid_auth]}
             Body = null
    Session Attrs = {}

Handler:
             Type = com.upgrad.FoodOrderingApp.api.controller.RestaurantController
           Method = public org.springframework.http.ResponseEntity<com.upgrad.FoodOrderingApp.api.model.RestaurantUpdatedResponse> com.upgrad.FoodOrderingApp.api.controller.RestaurantController.updateCustomerRating(java.lang.String,java.lang.Double,java.lang.String) throws com.upgrad.FoodOrderingApp.service.exception.AuthorizationFailedException,com.upgrad.FoodOrderingApp.service.exception.InvalidRatingException,com.upgrad.FoodOrderingApp.service.exception.RestaurantNotFoundException

Async:
    Async started = false
     Async result = null

Resolved Exception:
             Type = org.springframework.web.bind.MissingServletRequestParameterException

ModelAndView:
        View name = null
             View = null
            Model = null

FlashMap:
       Attributes = null

MockHttpServletResponse:
           Status = 400
    Error message = Required Double parameter 'customerRating' is not present
          Headers = {}
     Content type = null
             Body = 
    Forwarded URL = null
   Redirected URL = null
          Cookies = []

MockHttpServletRequest:
      HTTP Method = GET
      Request URI = /restaurant/emptyString
       Parameters = {}
          Headers = {Content-Type=[application/json;charset=UTF-8], authorization=[Bearer database_accesstoken2]}
             Body = null
    Session Attrs = {}

Handler:
             Type = com.upgrad.FoodOrderingApp.api.controller.RestaurantController
           Method = public org.springframework.http.ResponseEntity com.upgrad.FoodOrderingApp.api.controller.RestaurantController.restaurantByUUID(java.lang.String) throws com.upgrad.FoodOrderingApp.service.exception.RestaurantNotFoundException

Async:
    Async started = false
     Async result = null

Resolved Exception:
             Type = com.upgrad.FoodOrderingApp.service.exception.RestaurantNotFoundException

ModelAndView:
        View name = null
             View = null
            Model = null

FlashMap:
       Attributes = null

MockHttpServletResponse:
           Status = 404
    Error message = null
          Headers = {Content-Type=[application/json;charset=UTF-8]}
     Content type = application/json;charset=UTF-8
             Body = {"code":"RNF-002","message":"Restaurant id field should not be empty","root_cause":null}
    Forwarded URL = null
   Redirected URL = null
          Cookies = []

MockHttpServletRequest:
      HTTP Method = PUT
      Request URI = /restaurant/faeee5bf-b87f-43a7-bf52-b23549a0960c
       Parameters = {customer_rating=[4.5]}
          Headers = {Content-Type=[application/json;charset=UTF-8], authorization=[Bearer database_accesstoken2]}
             Body = null
    Session Attrs = {}

Handler:
             Type = com.upgrad.FoodOrderingApp.api.controller.RestaurantController
           Method = public org.springframework.http.ResponseEntity<com.upgrad.FoodOrderingApp.api.model.RestaurantUpdatedResponse> com.upgrad.FoodOrderingApp.api.controller.RestaurantController.updateCustomerRating(java.lang.String,java.lang.Double,java.lang.String) throws com.upgrad.FoodOrderingApp.service.exception.AuthorizationFailedException,com.upgrad.FoodOrderingApp.service.exception.InvalidRatingException,com.upgrad.FoodOrderingApp.service.exception.RestaurantNotFoundException

Async:
    Async started = false
     Async result = null

Resolved Exception:
             Type = org.springframework.web.bind.MissingServletRequestParameterException

ModelAndView:
        View name = null
             View = null
            Model = null

FlashMap:
       Attributes = null

MockHttpServletResponse:
           Status = 400
    Error message = Required Double parameter 'customerRating' is not present
          Headers = {}
     Content type = null
             Body = 
    Forwarded URL = null
   Redirected URL = null
          Cookies = []
]]></system-out>
  </testcase>
  <testcase name="shouldNotGetRestaurantByCategoryidIfCategoryIdIsEmpty" classname="com.upgrad.FoodOrderingApp.api.controller.RestaurantControllerTest" time="0"/>
  <testcase name="shouldNotGetRestaurantidIfRestaurantIdIsEmpty" classname="com.upgrad.FoodOrderingApp.api.controller.RestaurantControllerTest" time="0"/>
  <testcase name="shouldGetRestaurantDetailsByGivenCategoryId" classname="com.upgrad.FoodOrderingApp.api.controller.RestaurantControllerTest" time="0"/>
  <testcase name="shouldNotGetRestaurantByNameIfNameIsEmpty" classname="com.upgrad.FoodOrderingApp.api.controller.RestaurantControllerTest" time="0"/>
  <testcase name="shouldNotUpdateRestaurantRatingIfNewRatingIsLessThan1" classname="com.upgrad.FoodOrderingApp.api.controller.RestaurantControllerTest" time="0.463">
    <failure message="No value at JSON path &quot;code&quot;" type="java.lang.AssertionError">java.lang.AssertionError: No value at JSON path "code"
	at com.upgrad.FoodOrderingApp.api.controller.RestaurantControllerTest.shouldNotUpdateRestaurantRatingIfNewRatingIsLessThan1(RestaurantControllerTest.java:398)
Caused by: java.lang.IllegalArgumentException: json can not be null or empty
	at com.upgrad.FoodOrderingApp.api.controller.RestaurantControllerTest.shouldNotUpdateRestaurantRatingIfNewRatingIsLessThan1(RestaurantControllerTest.java:398)
</failure>
    <system-out><![CDATA[
MockHttpServletRequest:
      HTTP Method = GET
      Request URI = /restaurant/name/someRestaurantName
       Parameters = {}
          Headers = {Content-Type=[application/json;charset=UTF-8]}
             Body = null
    Session Attrs = {}

Handler:
             Type = com.upgrad.FoodOrderingApp.api.controller.RestaurantController
           Method = public org.springframework.http.ResponseEntity<com.upgrad.FoodOrderingApp.api.model.RestaurantListResponse> com.upgrad.FoodOrderingApp.api.controller.RestaurantController.getRestaurantsByName(java.lang.String) throws com.upgrad.FoodOrderingApp.service.exception.RestaurantNotFoundException

Async:
    Async started = false
     Async result = null

Resolved Exception:
             Type = null

ModelAndView:
        View name = null
             View = null
            Model = null

FlashMap:
       Attributes = null

MockHttpServletResponse:
           Status = 200
    Error message = null
          Headers = {Content-Type=[application/json;charset=UTF-8]}
     Content type = application/json;charset=UTF-8
             Body = {"restaurants":[{"id":"86bc3043-9ce9-487e-a7a1-2a17b65786e9","restaurant_name":"Famous Restaurant","photo_URL":"someurl","customer_rating":3.399999999999999911182158029987476766109466552734375,"average_price":123,"number_customers_rated":200,"address":{"id":"5a2c102f-be63-4624-b70f-c0dd8c81637c","flat_building_name":null,"locality":"someLocality","city":"someCity","pincode":null,"state":{"id":"5472d05e-7a3a-4894-88c2-ca75bd5cdf3c","state_name":"someState"}},"categories":"someCategory"}]}
    Forwarded URL = null
   Redirected URL = null
          Cookies = []

MockHttpServletRequest:
      HTTP Method = PUT
      Request URI = /restaurant/someRestaurantId/
       Parameters = {customer_rating=[4.5]}
          Headers = {Content-Type=[application/json;charset=UTF-8], authorization=[Bearer invalid_auth]}
             Body = null
    Session Attrs = {}

Handler:
             Type = com.upgrad.FoodOrderingApp.api.controller.RestaurantController
           Method = public org.springframework.http.ResponseEntity<com.upgrad.FoodOrderingApp.api.model.RestaurantUpdatedResponse> com.upgrad.FoodOrderingApp.api.controller.RestaurantController.updateCustomerRating(java.lang.String,java.lang.Double,java.lang.String) throws com.upgrad.FoodOrderingApp.service.exception.AuthorizationFailedException,com.upgrad.FoodOrderingApp.service.exception.InvalidRatingException,com.upgrad.FoodOrderingApp.service.exception.RestaurantNotFoundException

Async:
    Async started = false
     Async result = null

Resolved Exception:
             Type = org.springframework.web.bind.MissingServletRequestParameterException

ModelAndView:
        View name = null
             View = null
            Model = null

FlashMap:
       Attributes = null

MockHttpServletResponse:
           Status = 400
    Error message = Required Double parameter 'customerRating' is not present
          Headers = {}
     Content type = null
             Body = 
    Forwarded URL = null
   Redirected URL = null
          Cookies = []

MockHttpServletRequest:
      HTTP Method = GET
      Request URI = /restaurant/emptyString
       Parameters = {}
          Headers = {Content-Type=[application/json;charset=UTF-8], authorization=[Bearer database_accesstoken2]}
             Body = null
    Session Attrs = {}

Handler:
             Type = com.upgrad.FoodOrderingApp.api.controller.RestaurantController
           Method = public org.springframework.http.ResponseEntity com.upgrad.FoodOrderingApp.api.controller.RestaurantController.restaurantByUUID(java.lang.String) throws com.upgrad.FoodOrderingApp.service.exception.RestaurantNotFoundException

Async:
    Async started = false
     Async result = null

Resolved Exception:
             Type = com.upgrad.FoodOrderingApp.service.exception.RestaurantNotFoundException

ModelAndView:
        View name = null
             View = null
            Model = null

FlashMap:
       Attributes = null

MockHttpServletResponse:
           Status = 404
    Error message = null
          Headers = {Content-Type=[application/json;charset=UTF-8]}
     Content type = application/json;charset=UTF-8
             Body = {"code":"RNF-002","message":"Restaurant id field should not be empty","root_cause":null}
    Forwarded URL = null
   Redirected URL = null
          Cookies = []

MockHttpServletRequest:
      HTTP Method = PUT
      Request URI = /restaurant/faeee5bf-b87f-43a7-bf52-b23549a0960c
       Parameters = {customer_rating=[4.5]}
          Headers = {Content-Type=[application/json;charset=UTF-8], authorization=[Bearer database_accesstoken2]}
             Body = null
    Session Attrs = {}

Handler:
             Type = com.upgrad.FoodOrderingApp.api.controller.RestaurantController
           Method = public org.springframework.http.ResponseEntity<com.upgrad.FoodOrderingApp.api.model.RestaurantUpdatedResponse> com.upgrad.FoodOrderingApp.api.controller.RestaurantController.updateCustomerRating(java.lang.String,java.lang.Double,java.lang.String) throws com.upgrad.FoodOrderingApp.service.exception.AuthorizationFailedException,com.upgrad.FoodOrderingApp.service.exception.InvalidRatingException,com.upgrad.FoodOrderingApp.service.exception.RestaurantNotFoundException

Async:
    Async started = false
     Async result = null

Resolved Exception:
             Type = org.springframework.web.bind.MissingServletRequestParameterException

ModelAndView:
        View name = null
             View = null
            Model = null

FlashMap:
       Attributes = null

MockHttpServletResponse:
           Status = 400
    Error message = Required Double parameter 'customerRating' is not present
          Headers = {}
     Content type = null
             Body = 
    Forwarded URL = null
   Redirected URL = null
          Cookies = []

MockHttpServletRequest:
      HTTP Method = GET
      Request URI = /restaurant/category/emptyString
       Parameters = {}
          Headers = {Content-Type=[application/json;charset=UTF-8]}
             Body = null
    Session Attrs = {}

Handler:
             Type = com.upgrad.FoodOrderingApp.api.controller.RestaurantController
           Method = public org.springframework.http.ResponseEntity<com.upgrad.FoodOrderingApp.api.model.RestaurantListResponse> com.upgrad.FoodOrderingApp.api.controller.RestaurantController.getRestaurantsByCategoryId(java.lang.String) throws com.upgrad.FoodOrderingApp.service.exception.CategoryNotFoundException

Async:
    Async started = false
     Async result = null

Resolved Exception:
             Type = com.upgrad.FoodOrderingApp.service.exception.CategoryNotFoundException

ModelAndView:
        View name = null
             View = null
            Model = null

FlashMap:
       Attributes = null

MockHttpServletResponse:
           Status = 404
    Error message = null
          Headers = {Content-Type=[application/json;charset=UTF-8]}
     Content type = application/json;charset=UTF-8
             Body = {"code":"CNF-001","message":"Category id field should not be empty","root_cause":null}
    Forwarded URL = null
   Redirected URL = null
          Cookies = []

MockHttpServletRequest:
      HTTP Method = GET
      Request URI = /restaurant/emptyString
       Parameters = {}
          Headers = {Content-Type=[application/json;charset=UTF-8]}
             Body = null
    Session Attrs = {}

Handler:
             Type = com.upgrad.FoodOrderingApp.api.controller.RestaurantController
           Method = public org.springframework.http.ResponseEntity com.upgrad.FoodOrderingApp.api.controller.RestaurantController.restaurantByUUID(java.lang.String) throws com.upgrad.FoodOrderingApp.service.exception.RestaurantNotFoundException

Async:
    Async started = false
     Async result = null

Resolved Exception:
             Type = com.upgrad.FoodOrderingApp.service.exception.RestaurantNotFoundException

ModelAndView:
        View name = null
             View = null
            Model = null

FlashMap:
       Attributes = null

MockHttpServletResponse:
           Status = 404
    Error message = null
          Headers = {Content-Type=[application/json;charset=UTF-8]}
     Content type = application/json;charset=UTF-8
             Body = {"code":"RNF-002","message":"Restaurant id field should not be empty","root_cause":null}
    Forwarded URL = null
   Redirected URL = null
          Cookies = []

MockHttpServletRequest:
      HTTP Method = GET
      Request URI = /restaurant/category/someCategoryId
       Parameters = {}
          Headers = {Content-Type=[application/json;charset=UTF-8]}
             Body = null
    Session Attrs = {}

Handler:
             Type = com.upgrad.FoodOrderingApp.api.controller.RestaurantController
           Method = public org.springframework.http.ResponseEntity<com.upgrad.FoodOrderingApp.api.model.RestaurantListResponse> com.upgrad.FoodOrderingApp.api.controller.RestaurantController.getRestaurantsByCategoryId(java.lang.String) throws com.upgrad.FoodOrderingApp.service.exception.CategoryNotFoundException

Async:
    Async started = false
     Async result = null

Resolved Exception:
             Type = null

ModelAndView:
        View name = null
             View = null
            Model = null

FlashMap:
       Attributes = null

MockHttpServletResponse:
           Status = 200
    Error message = null
          Headers = {Content-Type=[application/json;charset=UTF-8]}
     Content type = application/json;charset=UTF-8
             Body = {"restaurants":[{"id":"df77fb73-a244-4dfe-88d0-bf20ae22cf05","restaurant_name":"Famous Restaurant","photo_URL":"someurl","customer_rating":3.399999999999999911182158029987476766109466552734375,"average_price":123,"number_customers_rated":200,"address":{"id":"63d38529-4241-4972-a964-47cbb755afd8","flat_building_name":null,"locality":"someLocality","city":"someCity","pincode":null,"state":{"id":"d02b30b9-e4fa-4840-9ab6-087330045258","state_name":"someState"}},"categories":"someCategory"}]}
    Forwarded URL = null
   Redirected URL = null
          Cookies = []

MockHttpServletRequest:
      HTTP Method = GET
      Request URI = /restaurant/name/emptyString
       Parameters = {}
          Headers = {Content-Type=[application/json;charset=UTF-8]}
             Body = null
    Session Attrs = {}

Handler:
             Type = com.upgrad.FoodOrderingApp.api.controller.RestaurantController
           Method = public org.springframework.http.ResponseEntity<com.upgrad.FoodOrderingApp.api.model.RestaurantListResponse> com.upgrad.FoodOrderingApp.api.controller.RestaurantController.getRestaurantsByName(java.lang.String) throws com.upgrad.FoodOrderingApp.service.exception.RestaurantNotFoundException

Async:
    Async started = false
     Async result = null

Resolved Exception:
             Type = com.upgrad.FoodOrderingApp.service.exception.RestaurantNotFoundException

ModelAndView:
        View name = null
             View = null
            Model = null

FlashMap:
       Attributes = null

MockHttpServletResponse:
           Status = 404
    Error message = null
          Headers = {Content-Type=[application/json;charset=UTF-8]}
     Content type = application/json;charset=UTF-8
             Body = {"code":"RNF-003","message":"RestaurantÂ name field should not be empty","root_cause":null}
    Forwarded URL = null
   Redirected URL = null
          Cookies = []

MockHttpServletRequest:
      HTTP Method = PUT
      Request URI = /restaurant/9c642954-53c8-443b-a75b-9f596e6e0c3c
       Parameters = {customer_rating=[-5.5]}
          Headers = {Content-Type=[application/json;charset=UTF-8], authorization=[Bearer database_accesstoken2]}
             Body = null
    Session Attrs = {}

Handler:
             Type = com.upgrad.FoodOrderingApp.api.controller.RestaurantController
           Method = public org.springframework.http.ResponseEntity<com.upgrad.FoodOrderingApp.api.model.RestaurantUpdatedResponse> com.upgrad.FoodOrderingApp.api.controller.RestaurantController.updateCustomerRating(java.lang.String,java.lang.Double,java.lang.String) throws com.upgrad.FoodOrderingApp.service.exception.AuthorizationFailedException,com.upgrad.FoodOrderingApp.service.exception.InvalidRatingException,com.upgrad.FoodOrderingApp.service.exception.RestaurantNotFoundException

Async:
    Async started = false
     Async result = null

Resolved Exception:
             Type = org.springframework.web.bind.MissingServletRequestParameterException

ModelAndView:
        View name = null
             View = null
            Model = null

FlashMap:
       Attributes = null

MockHttpServletResponse:
           Status = 400
    Error message = Required Double parameter 'customerRating' is not present
          Headers = {}
     Content type = null
             Body = 
    Forwarded URL = null
   Redirected URL = null
          Cookies = []
]]></system-out>
  </testcase>
  <testcase name="shouldNotUpdateRestaurantRatingIfNewRatingIsGreaterThan5" classname="com.upgrad.FoodOrderingApp.api.controller.RestaurantControllerTest" time="0.161">
    <failure message="No value at JSON path &quot;code&quot;" type="java.lang.AssertionError">java.lang.AssertionError: No value at JSON path "code"
	at com.upgrad.FoodOrderingApp.api.controller.RestaurantControllerTest.shouldNotUpdateRestaurantRatingIfNewRatingIsGreaterThan5(RestaurantControllerTest.java:425)
Caused by: java.lang.IllegalArgumentException: json can not be null or empty
	at com.upgrad.FoodOrderingApp.api.controller.RestaurantControllerTest.shouldNotUpdateRestaurantRatingIfNewRatingIsGreaterThan5(RestaurantControllerTest.java:425)
</failure>
    <system-out><![CDATA[
MockHttpServletRequest:
      HTTP Method = GET
      Request URI = /restaurant/name/someRestaurantName
       Parameters = {}
          Headers = {Content-Type=[application/json;charset=UTF-8]}
             Body = null
    Session Attrs = {}

Handler:
             Type = com.upgrad.FoodOrderingApp.api.controller.RestaurantController
           Method = public org.springframework.http.ResponseEntity<com.upgrad.FoodOrderingApp.api.model.RestaurantListResponse> com.upgrad.FoodOrderingApp.api.controller.RestaurantController.getRestaurantsByName(java.lang.String) throws com.upgrad.FoodOrderingApp.service.exception.RestaurantNotFoundException

Async:
    Async started = false
     Async result = null

Resolved Exception:
             Type = null

ModelAndView:
        View name = null
             View = null
            Model = null

FlashMap:
       Attributes = null

MockHttpServletResponse:
           Status = 200
    Error message = null
          Headers = {Content-Type=[application/json;charset=UTF-8]}
     Content type = application/json;charset=UTF-8
             Body = {"restaurants":[{"id":"86bc3043-9ce9-487e-a7a1-2a17b65786e9","restaurant_name":"Famous Restaurant","photo_URL":"someurl","customer_rating":3.399999999999999911182158029987476766109466552734375,"average_price":123,"number_customers_rated":200,"address":{"id":"5a2c102f-be63-4624-b70f-c0dd8c81637c","flat_building_name":null,"locality":"someLocality","city":"someCity","pincode":null,"state":{"id":"5472d05e-7a3a-4894-88c2-ca75bd5cdf3c","state_name":"someState"}},"categories":"someCategory"}]}
    Forwarded URL = null
   Redirected URL = null
          Cookies = []

MockHttpServletRequest:
      HTTP Method = PUT
      Request URI = /restaurant/someRestaurantId/
       Parameters = {customer_rating=[4.5]}
          Headers = {Content-Type=[application/json;charset=UTF-8], authorization=[Bearer invalid_auth]}
             Body = null
    Session Attrs = {}

Handler:
             Type = com.upgrad.FoodOrderingApp.api.controller.RestaurantController
           Method = public org.springframework.http.ResponseEntity<com.upgrad.FoodOrderingApp.api.model.RestaurantUpdatedResponse> com.upgrad.FoodOrderingApp.api.controller.RestaurantController.updateCustomerRating(java.lang.String,java.lang.Double,java.lang.String) throws com.upgrad.FoodOrderingApp.service.exception.AuthorizationFailedException,com.upgrad.FoodOrderingApp.service.exception.InvalidRatingException,com.upgrad.FoodOrderingApp.service.exception.RestaurantNotFoundException

Async:
    Async started = false
     Async result = null

Resolved Exception:
             Type = org.springframework.web.bind.MissingServletRequestParameterException

ModelAndView:
        View name = null
             View = null
            Model = null

FlashMap:
       Attributes = null

MockHttpServletResponse:
           Status = 400
    Error message = Required Double parameter 'customerRating' is not present
          Headers = {}
     Content type = null
             Body = 
    Forwarded URL = null
   Redirected URL = null
          Cookies = []

MockHttpServletRequest:
      HTTP Method = GET
      Request URI = /restaurant/emptyString
       Parameters = {}
          Headers = {Content-Type=[application/json;charset=UTF-8], authorization=[Bearer database_accesstoken2]}
             Body = null
    Session Attrs = {}

Handler:
             Type = com.upgrad.FoodOrderingApp.api.controller.RestaurantController
           Method = public org.springframework.http.ResponseEntity com.upgrad.FoodOrderingApp.api.controller.RestaurantController.restaurantByUUID(java.lang.String) throws com.upgrad.FoodOrderingApp.service.exception.RestaurantNotFoundException

Async:
    Async started = false
     Async result = null

Resolved Exception:
             Type = com.upgrad.FoodOrderingApp.service.exception.RestaurantNotFoundException

ModelAndView:
        View name = null
             View = null
            Model = null

FlashMap:
       Attributes = null

MockHttpServletResponse:
           Status = 404
    Error message = null
          Headers = {Content-Type=[application/json;charset=UTF-8]}
     Content type = application/json;charset=UTF-8
             Body = {"code":"RNF-002","message":"Restaurant id field should not be empty","root_cause":null}
    Forwarded URL = null
   Redirected URL = null
          Cookies = []

MockHttpServletRequest:
      HTTP Method = PUT
      Request URI = /restaurant/faeee5bf-b87f-43a7-bf52-b23549a0960c
       Parameters = {customer_rating=[4.5]}
          Headers = {Content-Type=[application/json;charset=UTF-8], authorization=[Bearer database_accesstoken2]}
             Body = null
    Session Attrs = {}

Handler:
             Type = com.upgrad.FoodOrderingApp.api.controller.RestaurantController
           Method = public org.springframework.http.ResponseEntity<com.upgrad.FoodOrderingApp.api.model.RestaurantUpdatedResponse> com.upgrad.FoodOrderingApp.api.controller.RestaurantController.updateCustomerRating(java.lang.String,java.lang.Double,java.lang.String) throws com.upgrad.FoodOrderingApp.service.exception.AuthorizationFailedException,com.upgrad.FoodOrderingApp.service.exception.InvalidRatingException,com.upgrad.FoodOrderingApp.service.exception.RestaurantNotFoundException

Async:
    Async started = false
     Async result = null

Resolved Exception:
             Type = org.springframework.web.bind.MissingServletRequestParameterException

ModelAndView:
        View name = null
             View = null
            Model = null

FlashMap:
       Attributes = null

MockHttpServletResponse:
           Status = 400
    Error message = Required Double parameter 'customerRating' is not present
          Headers = {}
     Content type = null
             Body = 
    Forwarded URL = null
   Redirected URL = null
          Cookies = []

MockHttpServletRequest:
      HTTP Method = GET
      Request URI = /restaurant/category/emptyString
       Parameters = {}
          Headers = {Content-Type=[application/json;charset=UTF-8]}
             Body = null
    Session Attrs = {}

Handler:
             Type = com.upgrad.FoodOrderingApp.api.controller.RestaurantController
           Method = public org.springframework.http.ResponseEntity<com.upgrad.FoodOrderingApp.api.model.RestaurantListResponse> com.upgrad.FoodOrderingApp.api.controller.RestaurantController.getRestaurantsByCategoryId(java.lang.String) throws com.upgrad.FoodOrderingApp.service.exception.CategoryNotFoundException

Async:
    Async started = false
     Async result = null

Resolved Exception:
             Type = com.upgrad.FoodOrderingApp.service.exception.CategoryNotFoundException

ModelAndView:
        View name = null
             View = null
            Model = null

FlashMap:
       Attributes = null

MockHttpServletResponse:
           Status = 404
    Error message = null
          Headers = {Content-Type=[application/json;charset=UTF-8]}
     Content type = application/json;charset=UTF-8
             Body = {"code":"CNF-001","message":"Category id field should not be empty","root_cause":null}
    Forwarded URL = null
   Redirected URL = null
          Cookies = []

MockHttpServletRequest:
      HTTP Method = GET
      Request URI = /restaurant/emptyString
       Parameters = {}
          Headers = {Content-Type=[application/json;charset=UTF-8]}
             Body = null
    Session Attrs = {}

Handler:
             Type = com.upgrad.FoodOrderingApp.api.controller.RestaurantController
           Method = public org.springframework.http.ResponseEntity com.upgrad.FoodOrderingApp.api.controller.RestaurantController.restaurantByUUID(java.lang.String) throws com.upgrad.FoodOrderingApp.service.exception.RestaurantNotFoundException

Async:
    Async started = false
     Async result = null

Resolved Exception:
             Type = com.upgrad.FoodOrderingApp.service.exception.RestaurantNotFoundException

ModelAndView:
        View name = null
             View = null
            Model = null

FlashMap:
       Attributes = null

MockHttpServletResponse:
           Status = 404
    Error message = null
          Headers = {Content-Type=[application/json;charset=UTF-8]}
     Content type = application/json;charset=UTF-8
             Body = {"code":"RNF-002","message":"Restaurant id field should not be empty","root_cause":null}
    Forwarded URL = null
   Redirected URL = null
          Cookies = []

MockHttpServletRequest:
      HTTP Method = GET
      Request URI = /restaurant/category/someCategoryId
       Parameters = {}
          Headers = {Content-Type=[application/json;charset=UTF-8]}
             Body = null
    Session Attrs = {}

Handler:
             Type = com.upgrad.FoodOrderingApp.api.controller.RestaurantController
           Method = public org.springframework.http.ResponseEntity<com.upgrad.FoodOrderingApp.api.model.RestaurantListResponse> com.upgrad.FoodOrderingApp.api.controller.RestaurantController.getRestaurantsByCategoryId(java.lang.String) throws com.upgrad.FoodOrderingApp.service.exception.CategoryNotFoundException

Async:
    Async started = false
     Async result = null

Resolved Exception:
             Type = null

ModelAndView:
        View name = null
             View = null
            Model = null

FlashMap:
       Attributes = null

MockHttpServletResponse:
           Status = 200
    Error message = null
          Headers = {Content-Type=[application/json;charset=UTF-8]}
     Content type = application/json;charset=UTF-8
             Body = {"restaurants":[{"id":"df77fb73-a244-4dfe-88d0-bf20ae22cf05","restaurant_name":"Famous Restaurant","photo_URL":"someurl","customer_rating":3.399999999999999911182158029987476766109466552734375,"average_price":123,"number_customers_rated":200,"address":{"id":"63d38529-4241-4972-a964-47cbb755afd8","flat_building_name":null,"locality":"someLocality","city":"someCity","pincode":null,"state":{"id":"d02b30b9-e4fa-4840-9ab6-087330045258","state_name":"someState"}},"categories":"someCategory"}]}
    Forwarded URL = null
   Redirected URL = null
          Cookies = []

MockHttpServletRequest:
      HTTP Method = GET
      Request URI = /restaurant/name/emptyString
       Parameters = {}
          Headers = {Content-Type=[application/json;charset=UTF-8]}
             Body = null
    Session Attrs = {}

Handler:
             Type = com.upgrad.FoodOrderingApp.api.controller.RestaurantController
           Method = public org.springframework.http.ResponseEntity<com.upgrad.FoodOrderingApp.api.model.RestaurantListResponse> com.upgrad.FoodOrderingApp.api.controller.RestaurantController.getRestaurantsByName(java.lang.String) throws com.upgrad.FoodOrderingApp.service.exception.RestaurantNotFoundException

Async:
    Async started = false
     Async result = null

Resolved Exception:
             Type = com.upgrad.FoodOrderingApp.service.exception.RestaurantNotFoundException

ModelAndView:
        View name = null
             View = null
            Model = null

FlashMap:
       Attributes = null

MockHttpServletResponse:
           Status = 404
    Error message = null
          Headers = {Content-Type=[application/json;charset=UTF-8]}
     Content type = application/json;charset=UTF-8
             Body = {"code":"RNF-003","message":"RestaurantÂ name field should not be empty","root_cause":null}
    Forwarded URL = null
   Redirected URL = null
          Cookies = []

MockHttpServletRequest:
      HTTP Method = PUT
      Request URI = /restaurant/9c642954-53c8-443b-a75b-9f596e6e0c3c
       Parameters = {customer_rating=[-5.5]}
          Headers = {Content-Type=[application/json;charset=UTF-8], authorization=[Bearer database_accesstoken2]}
             Body = null
    Session Attrs = {}

Handler:
             Type = com.upgrad.FoodOrderingApp.api.controller.RestaurantController
           Method = public org.springframework.http.ResponseEntity<com.upgrad.FoodOrderingApp.api.model.RestaurantUpdatedResponse> com.upgrad.FoodOrderingApp.api.controller.RestaurantController.updateCustomerRating(java.lang.String,java.lang.Double,java.lang.String) throws com.upgrad.FoodOrderingApp.service.exception.AuthorizationFailedException,com.upgrad.FoodOrderingApp.service.exception.InvalidRatingException,com.upgrad.FoodOrderingApp.service.exception.RestaurantNotFoundException

Async:
    Async started = false
     Async result = null

Resolved Exception:
             Type = org.springframework.web.bind.MissingServletRequestParameterException

ModelAndView:
        View name = null
             View = null
            Model = null

FlashMap:
       Attributes = null

MockHttpServletResponse:
           Status = 400
    Error message = Required Double parameter 'customerRating' is not present
          Headers = {}
     Content type = null
             Body = 
    Forwarded URL = null
   Redirected URL = null
          Cookies = []

MockHttpServletRequest:
      HTTP Method = PUT
      Request URI = /restaurant/542e5575-2e49-4f13-b3f2-b939f209ab29
       Parameters = {customer_rating=[5.5]}
          Headers = {Content-Type=[application/json;charset=UTF-8], authorization=[Bearer database_accesstoken2]}
             Body = null
    Session Attrs = {}

Handler:
             Type = com.upgrad.FoodOrderingApp.api.controller.RestaurantController
           Method = public org.springframework.http.ResponseEntity<com.upgrad.FoodOrderingApp.api.model.RestaurantUpdatedResponse> com.upgrad.FoodOrderingApp.api.controller.RestaurantController.updateCustomerRating(java.lang.String,java.lang.Double,java.lang.String) throws com.upgrad.FoodOrderingApp.service.exception.AuthorizationFailedException,com.upgrad.FoodOrderingApp.service.exception.InvalidRatingException,com.upgrad.FoodOrderingApp.service.exception.RestaurantNotFoundException

Async:
    Async started = false
     Async result = null

Resolved Exception:
             Type = org.springframework.web.bind.MissingServletRequestParameterException

ModelAndView:
        View name = null
             View = null
            Model = null

FlashMap:
       Attributes = null

MockHttpServletResponse:
           Status = 400
    Error message = Required Double parameter 'customerRating' is not present
          Headers = {}
     Content type = null
             Body = 
    Forwarded URL = null
   Redirected URL = null
          Cookies = []
]]></system-out>
  </testcase>
  <testcase name="shouldGetAllRestaurantDetails" classname="com.upgrad.FoodOrderingApp.api.controller.RestaurantControllerTest" time="0"/>
  <testcase name="shouldNotGetRestaurantsByCategoryIdIfCategoryDoesNotExistAgainstGivenId" classname="com.upgrad.FoodOrderingApp.api.controller.RestaurantControllerTest" time="0"/>
  <testcase name="shouldNotGetRestaurantDetailsIfRestaurantNotFoundForGivenRestaurantId" classname="com.upgrad.FoodOrderingApp.api.controller.RestaurantControllerTest" time="0"/>
  <testcase name="shouldNotUpdateRestaurantRatingIfCustomerSessionIsExpired" classname="com.upgrad.FoodOrderingApp.api.controller.RestaurantControllerTest" time="0.261">
    <failure message="Status expected:&lt;403&gt; but was:&lt;400&gt;" type="java.lang.AssertionError"><![CDATA[java.lang.AssertionError: Status expected:<403> but was:<400>
	at com.upgrad.FoodOrderingApp.api.controller.RestaurantControllerTest.shouldNotUpdateRestaurantRatingIfCustomerSessionIsExpired(RestaurantControllerTest.java:328)
]]></failure>
    <system-out><![CDATA[
MockHttpServletRequest:
      HTTP Method = GET
      Request URI = /restaurant/name/someRestaurantName
       Parameters = {}
          Headers = {Content-Type=[application/json;charset=UTF-8]}
             Body = null
    Session Attrs = {}

Handler:
             Type = com.upgrad.FoodOrderingApp.api.controller.RestaurantController
           Method = public org.springframework.http.ResponseEntity<com.upgrad.FoodOrderingApp.api.model.RestaurantListResponse> com.upgrad.FoodOrderingApp.api.controller.RestaurantController.getRestaurantsByName(java.lang.String) throws com.upgrad.FoodOrderingApp.service.exception.RestaurantNotFoundException

Async:
    Async started = false
     Async result = null

Resolved Exception:
             Type = null

ModelAndView:
        View name = null
             View = null
            Model = null

FlashMap:
       Attributes = null

MockHttpServletResponse:
           Status = 200
    Error message = null
          Headers = {Content-Type=[application/json;charset=UTF-8]}
     Content type = application/json;charset=UTF-8
             Body = {"restaurants":[{"id":"86bc3043-9ce9-487e-a7a1-2a17b65786e9","restaurant_name":"Famous Restaurant","photo_URL":"someurl","customer_rating":3.399999999999999911182158029987476766109466552734375,"average_price":123,"number_customers_rated":200,"address":{"id":"5a2c102f-be63-4624-b70f-c0dd8c81637c","flat_building_name":null,"locality":"someLocality","city":"someCity","pincode":null,"state":{"id":"5472d05e-7a3a-4894-88c2-ca75bd5cdf3c","state_name":"someState"}},"categories":"someCategory"}]}
    Forwarded URL = null
   Redirected URL = null
          Cookies = []

MockHttpServletRequest:
      HTTP Method = PUT
      Request URI = /restaurant/someRestaurantId/
       Parameters = {customer_rating=[4.5]}
          Headers = {Content-Type=[application/json;charset=UTF-8], authorization=[Bearer invalid_auth]}
             Body = null
    Session Attrs = {}

Handler:
             Type = com.upgrad.FoodOrderingApp.api.controller.RestaurantController
           Method = public org.springframework.http.ResponseEntity<com.upgrad.FoodOrderingApp.api.model.RestaurantUpdatedResponse> com.upgrad.FoodOrderingApp.api.controller.RestaurantController.updateCustomerRating(java.lang.String,java.lang.Double,java.lang.String) throws com.upgrad.FoodOrderingApp.service.exception.AuthorizationFailedException,com.upgrad.FoodOrderingApp.service.exception.InvalidRatingException,com.upgrad.FoodOrderingApp.service.exception.RestaurantNotFoundException

Async:
    Async started = false
     Async result = null

Resolved Exception:
             Type = org.springframework.web.bind.MissingServletRequestParameterException

ModelAndView:
        View name = null
             View = null
            Model = null

FlashMap:
       Attributes = null

MockHttpServletResponse:
           Status = 400
    Error message = Required Double parameter 'customerRating' is not present
          Headers = {}
     Content type = null
             Body = 
    Forwarded URL = null
   Redirected URL = null
          Cookies = []

MockHttpServletRequest:
      HTTP Method = GET
      Request URI = /restaurant/emptyString
       Parameters = {}
          Headers = {Content-Type=[application/json;charset=UTF-8], authorization=[Bearer database_accesstoken2]}
             Body = null
    Session Attrs = {}

Handler:
             Type = com.upgrad.FoodOrderingApp.api.controller.RestaurantController
           Method = public org.springframework.http.ResponseEntity com.upgrad.FoodOrderingApp.api.controller.RestaurantController.restaurantByUUID(java.lang.String) throws com.upgrad.FoodOrderingApp.service.exception.RestaurantNotFoundException

Async:
    Async started = false
     Async result = null

Resolved Exception:
             Type = com.upgrad.FoodOrderingApp.service.exception.RestaurantNotFoundException

ModelAndView:
        View name = null
             View = null
            Model = null

FlashMap:
       Attributes = null

MockHttpServletResponse:
           Status = 404
    Error message = null
          Headers = {Content-Type=[application/json;charset=UTF-8]}
     Content type = application/json;charset=UTF-8
             Body = {"code":"RNF-002","message":"Restaurant id field should not be empty","root_cause":null}
    Forwarded URL = null
   Redirected URL = null
          Cookies = []

MockHttpServletRequest:
      HTTP Method = PUT
      Request URI = /restaurant/faeee5bf-b87f-43a7-bf52-b23549a0960c
       Parameters = {customer_rating=[4.5]}
          Headers = {Content-Type=[application/json;charset=UTF-8], authorization=[Bearer database_accesstoken2]}
             Body = null
    Session Attrs = {}

Handler:
             Type = com.upgrad.FoodOrderingApp.api.controller.RestaurantController
           Method = public org.springframework.http.ResponseEntity<com.upgrad.FoodOrderingApp.api.model.RestaurantUpdatedResponse> com.upgrad.FoodOrderingApp.api.controller.RestaurantController.updateCustomerRating(java.lang.String,java.lang.Double,java.lang.String) throws com.upgrad.FoodOrderingApp.service.exception.AuthorizationFailedException,com.upgrad.FoodOrderingApp.service.exception.InvalidRatingException,com.upgrad.FoodOrderingApp.service.exception.RestaurantNotFoundException

Async:
    Async started = false
     Async result = null

Resolved Exception:
             Type = org.springframework.web.bind.MissingServletRequestParameterException

ModelAndView:
        View name = null
             View = null
            Model = null

FlashMap:
       Attributes = null

MockHttpServletResponse:
           Status = 400
    Error message = Required Double parameter 'customerRating' is not present
          Headers = {}
     Content type = null
             Body = 
    Forwarded URL = null
   Redirected URL = null
          Cookies = []

MockHttpServletRequest:
      HTTP Method = GET
      Request URI = /restaurant/category/emptyString
       Parameters = {}
          Headers = {Content-Type=[application/json;charset=UTF-8]}
             Body = null
    Session Attrs = {}

Handler:
             Type = com.upgrad.FoodOrderingApp.api.controller.RestaurantController
           Method = public org.springframework.http.ResponseEntity<com.upgrad.FoodOrderingApp.api.model.RestaurantListResponse> com.upgrad.FoodOrderingApp.api.controller.RestaurantController.getRestaurantsByCategoryId(java.lang.String) throws com.upgrad.FoodOrderingApp.service.exception.CategoryNotFoundException

Async:
    Async started = false
     Async result = null

Resolved Exception:
             Type = com.upgrad.FoodOrderingApp.service.exception.CategoryNotFoundException

ModelAndView:
        View name = null
             View = null
            Model = null

FlashMap:
       Attributes = null

MockHttpServletResponse:
           Status = 404
    Error message = null
          Headers = {Content-Type=[application/json;charset=UTF-8]}
     Content type = application/json;charset=UTF-8
             Body = {"code":"CNF-001","message":"Category id field should not be empty","root_cause":null}
    Forwarded URL = null
   Redirected URL = null
          Cookies = []

MockHttpServletRequest:
      HTTP Method = GET
      Request URI = /restaurant/emptyString
       Parameters = {}
          Headers = {Content-Type=[application/json;charset=UTF-8]}
             Body = null
    Session Attrs = {}

Handler:
             Type = com.upgrad.FoodOrderingApp.api.controller.RestaurantController
           Method = public org.springframework.http.ResponseEntity com.upgrad.FoodOrderingApp.api.controller.RestaurantController.restaurantByUUID(java.lang.String) throws com.upgrad.FoodOrderingApp.service.exception.RestaurantNotFoundException

Async:
    Async started = false
     Async result = null

Resolved Exception:
             Type = com.upgrad.FoodOrderingApp.service.exception.RestaurantNotFoundException

ModelAndView:
        View name = null
             View = null
            Model = null

FlashMap:
       Attributes = null

MockHttpServletResponse:
           Status = 404
    Error message = null
          Headers = {Content-Type=[application/json;charset=UTF-8]}
     Content type = application/json;charset=UTF-8
             Body = {"code":"RNF-002","message":"Restaurant id field should not be empty","root_cause":null}
    Forwarded URL = null
   Redirected URL = null
          Cookies = []

MockHttpServletRequest:
      HTTP Method = GET
      Request URI = /restaurant/category/someCategoryId
       Parameters = {}
          Headers = {Content-Type=[application/json;charset=UTF-8]}
             Body = null
    Session Attrs = {}

Handler:
             Type = com.upgrad.FoodOrderingApp.api.controller.RestaurantController
           Method = public org.springframework.http.ResponseEntity<com.upgrad.FoodOrderingApp.api.model.RestaurantListResponse> com.upgrad.FoodOrderingApp.api.controller.RestaurantController.getRestaurantsByCategoryId(java.lang.String) throws com.upgrad.FoodOrderingApp.service.exception.CategoryNotFoundException

Async:
    Async started = false
     Async result = null

Resolved Exception:
             Type = null

ModelAndView:
        View name = null
             View = null
            Model = null

FlashMap:
       Attributes = null

MockHttpServletResponse:
           Status = 200
    Error message = null
          Headers = {Content-Type=[application/json;charset=UTF-8]}
     Content type = application/json;charset=UTF-8
             Body = {"restaurants":[{"id":"df77fb73-a244-4dfe-88d0-bf20ae22cf05","restaurant_name":"Famous Restaurant","photo_URL":"someurl","customer_rating":3.399999999999999911182158029987476766109466552734375,"average_price":123,"number_customers_rated":200,"address":{"id":"63d38529-4241-4972-a964-47cbb755afd8","flat_building_name":null,"locality":"someLocality","city":"someCity","pincode":null,"state":{"id":"d02b30b9-e4fa-4840-9ab6-087330045258","state_name":"someState"}},"categories":"someCategory"}]}
    Forwarded URL = null
   Redirected URL = null
          Cookies = []

MockHttpServletRequest:
      HTTP Method = GET
      Request URI = /restaurant/name/emptyString
       Parameters = {}
          Headers = {Content-Type=[application/json;charset=UTF-8]}
             Body = null
    Session Attrs = {}

Handler:
             Type = com.upgrad.FoodOrderingApp.api.controller.RestaurantController
           Method = public org.springframework.http.ResponseEntity<com.upgrad.FoodOrderingApp.api.model.RestaurantListResponse> com.upgrad.FoodOrderingApp.api.controller.RestaurantController.getRestaurantsByName(java.lang.String) throws com.upgrad.FoodOrderingApp.service.exception.RestaurantNotFoundException

Async:
    Async started = false
     Async result = null

Resolved Exception:
             Type = com.upgrad.FoodOrderingApp.service.exception.RestaurantNotFoundException

ModelAndView:
        View name = null
             View = null
            Model = null

FlashMap:
       Attributes = null

MockHttpServletResponse:
           Status = 404
    Error message = null
          Headers = {Content-Type=[application/json;charset=UTF-8]}
     Content type = application/json;charset=UTF-8
             Body = {"code":"RNF-003","message":"RestaurantÂ name field should not be empty","root_cause":null}
    Forwarded URL = null
   Redirected URL = null
          Cookies = []

MockHttpServletRequest:
      HTTP Method = PUT
      Request URI = /restaurant/9c642954-53c8-443b-a75b-9f596e6e0c3c
       Parameters = {customer_rating=[-5.5]}
          Headers = {Content-Type=[application/json;charset=UTF-8], authorization=[Bearer database_accesstoken2]}
             Body = null
    Session Attrs = {}

Handler:
             Type = com.upgrad.FoodOrderingApp.api.controller.RestaurantController
           Method = public org.springframework.http.ResponseEntity<com.upgrad.FoodOrderingApp.api.model.RestaurantUpdatedResponse> com.upgrad.FoodOrderingApp.api.controller.RestaurantController.updateCustomerRating(java.lang.String,java.lang.Double,java.lang.String) throws com.upgrad.FoodOrderingApp.service.exception.AuthorizationFailedException,com.upgrad.FoodOrderingApp.service.exception.InvalidRatingException,com.upgrad.FoodOrderingApp.service.exception.RestaurantNotFoundException

Async:
    Async started = false
     Async result = null

Resolved Exception:
             Type = org.springframework.web.bind.MissingServletRequestParameterException

ModelAndView:
        View name = null
             View = null
            Model = null

FlashMap:
       Attributes = null

MockHttpServletResponse:
           Status = 400
    Error message = Required Double parameter 'customerRating' is not present
          Headers = {}
     Content type = null
             Body = 
    Forwarded URL = null
   Redirected URL = null
          Cookies = []

MockHttpServletRequest:
      HTTP Method = PUT
      Request URI = /restaurant/542e5575-2e49-4f13-b3f2-b939f209ab29
       Parameters = {customer_rating=[5.5]}
          Headers = {Content-Type=[application/json;charset=UTF-8], authorization=[Bearer database_accesstoken2]}
             Body = null
    Session Attrs = {}

Handler:
             Type = com.upgrad.FoodOrderingApp.api.controller.RestaurantController
           Method = public org.springframework.http.ResponseEntity<com.upgrad.FoodOrderingApp.api.model.RestaurantUpdatedResponse> com.upgrad.FoodOrderingApp.api.controller.RestaurantController.updateCustomerRating(java.lang.String,java.lang.Double,java.lang.String) throws com.upgrad.FoodOrderingApp.service.exception.AuthorizationFailedException,com.upgrad.FoodOrderingApp.service.exception.InvalidRatingException,com.upgrad.FoodOrderingApp.service.exception.RestaurantNotFoundException

Async:
    Async started = false
     Async result = null

Resolved Exception:
             Type = org.springframework.web.bind.MissingServletRequestParameterException

ModelAndView:
        View name = null
             View = null
            Model = null

FlashMap:
       Attributes = null

MockHttpServletResponse:
           Status = 400
    Error message = Required Double parameter 'customerRating' is not present
          Headers = {}
     Content type = null
             Body = 
    Forwarded URL = null
   Redirected URL = null
          Cookies = []

MockHttpServletRequest:
      HTTP Method = GET
      Request URI = /restaurant
       Parameters = {}
          Headers = {Content-Type=[application/json;charset=UTF-8]}
             Body = null
    Session Attrs = {}

Handler:
             Type = com.upgrad.FoodOrderingApp.api.controller.RestaurantController
           Method = public org.springframework.http.ResponseEntity<com.upgrad.FoodOrderingApp.api.model.RestaurantListResponse> com.upgrad.FoodOrderingApp.api.controller.RestaurantController.getAllRestaurants()

Async:
    Async started = false
     Async result = null

Resolved Exception:
             Type = null

ModelAndView:
        View name = null
             View = null
            Model = null

FlashMap:
       Attributes = null

MockHttpServletResponse:
           Status = 200
    Error message = null
          Headers = {Content-Type=[application/json;charset=UTF-8]}
     Content type = application/json;charset=UTF-8
             Body = {"restaurants":[{"id":"c7da9b66-9c80-4567-aa1b-0fe8bdf05b02","restaurant_name":"Famous Restaurant","photo_URL":"someurl","customer_rating":3.399999999999999911182158029987476766109466552734375,"average_price":123,"number_customers_rated":200,"address":{"id":"281ec46d-2c77-4584-bce3-f3088a0b64dd","flat_building_name":null,"locality":"someLocality","city":"someCity","pincode":null,"state":{"id":"071ae293-2576-49bb-bac5-9f1f40156bed","state_name":"someState"}},"categories":"someCategory"}]}
    Forwarded URL = null
   Redirected URL = null
          Cookies = []

MockHttpServletRequest:
      HTTP Method = GET
      Request URI = /restaurant/category/someCategoryId
       Parameters = {}
          Headers = {Content-Type=[application/json;charset=UTF-8]}
             Body = null
    Session Attrs = {}

Handler:
             Type = com.upgrad.FoodOrderingApp.api.controller.RestaurantController
           Method = public org.springframework.http.ResponseEntity<com.upgrad.FoodOrderingApp.api.model.RestaurantListResponse> com.upgrad.FoodOrderingApp.api.controller.RestaurantController.getRestaurantsByCategoryId(java.lang.String) throws com.upgrad.FoodOrderingApp.service.exception.CategoryNotFoundException

Async:
    Async started = false
     Async result = null

Resolved Exception:
             Type = com.upgrad.FoodOrderingApp.service.exception.CategoryNotFoundException

ModelAndView:
        View name = null
             View = null
            Model = null

FlashMap:
       Attributes = null

MockHttpServletResponse:
           Status = 404
    Error message = null
          Headers = {Content-Type=[application/json;charset=UTF-8]}
     Content type = application/json;charset=UTF-8
             Body = {"code":"CNF-002","message":"No category by this id","root_cause":null}
    Forwarded URL = null
   Redirected URL = null
          Cookies = []

MockHttpServletRequest:
      HTTP Method = GET
      Request URI = /restaurant/someRestaurantId
       Parameters = {}
          Headers = {Content-Type=[application/json;charset=UTF-8]}
             Body = null
    Session Attrs = {}

Handler:
             Type = com.upgrad.FoodOrderingApp.api.controller.RestaurantController
           Method = public org.springframework.http.ResponseEntity com.upgrad.FoodOrderingApp.api.controller.RestaurantController.restaurantByUUID(java.lang.String) throws com.upgrad.FoodOrderingApp.service.exception.RestaurantNotFoundException

Async:
    Async started = false
     Async result = null

Resolved Exception:
             Type = com.upgrad.FoodOrderingApp.service.exception.RestaurantNotFoundException

ModelAndView:
        View name = null
             View = null
            Model = null

FlashMap:
       Attributes = null

MockHttpServletResponse:
           Status = 404
    Error message = null
          Headers = {Content-Type=[application/json;charset=UTF-8]}
     Content type = application/json;charset=UTF-8
             Body = {"code":"RNF-001","message":"No restaurant by this id","root_cause":null}
    Forwarded URL = null
   Redirected URL = null
          Cookies = []

MockHttpServletRequest:
      HTTP Method = PUT
      Request URI = /restaurant/someRestaurantId/
       Parameters = {customer_rating=[4.5]}
          Headers = {Content-Type=[application/json;charset=UTF-8], authorization=[Bearer invalid_auth]}
             Body = null
    Session Attrs = {}

Handler:
             Type = com.upgrad.FoodOrderingApp.api.controller.RestaurantController
           Method = public org.springframework.http.ResponseEntity<com.upgrad.FoodOrderingApp.api.model.RestaurantUpdatedResponse> com.upgrad.FoodOrderingApp.api.controller.RestaurantController.updateCustomerRating(java.lang.String,java.lang.Double,java.lang.String) throws com.upgrad.FoodOrderingApp.service.exception.AuthorizationFailedException,com.upgrad.FoodOrderingApp.service.exception.InvalidRatingException,com.upgrad.FoodOrderingApp.service.exception.RestaurantNotFoundException

Async:
    Async started = false
     Async result = null

Resolved Exception:
             Type = org.springframework.web.bind.MissingServletRequestParameterException

ModelAndView:
        View name = null
             View = null
            Model = null

FlashMap:
       Attributes = null

MockHttpServletResponse:
           Status = 400
    Error message = Required Double parameter 'customerRating' is not present
          Headers = {}
     Content type = null
             Body = 
    Forwarded URL = null
   Redirected URL = null
          Cookies = []
]]></system-out>
  </testcase>
  <testcase name="shouldNotUpdateRestaurantRatingIfCustomerIsLoggedOut" classname="com.upgrad.FoodOrderingApp.api.controller.RestaurantControllerTest" time="0.576">
    <failure message="Status expected:&lt;403&gt; but was:&lt;400&gt;" type="java.lang.AssertionError"><![CDATA[java.lang.AssertionError: Status expected:<403> but was:<400>
	at com.upgrad.FoodOrderingApp.api.controller.RestaurantControllerTest.shouldNotUpdateRestaurantRatingIfCustomerIsLoggedOut(RestaurantControllerTest.java:310)
]]></failure>
    <system-out><![CDATA[
MockHttpServletRequest:
      HTTP Method = GET
      Request URI = /restaurant/name/someRestaurantName
       Parameters = {}
          Headers = {Content-Type=[application/json;charset=UTF-8]}
             Body = null
    Session Attrs = {}

Handler:
             Type = com.upgrad.FoodOrderingApp.api.controller.RestaurantController
           Method = public org.springframework.http.ResponseEntity<com.upgrad.FoodOrderingApp.api.model.RestaurantListResponse> com.upgrad.FoodOrderingApp.api.controller.RestaurantController.getRestaurantsByName(java.lang.String) throws com.upgrad.FoodOrderingApp.service.exception.RestaurantNotFoundException

Async:
    Async started = false
     Async result = null

Resolved Exception:
             Type = null

ModelAndView:
        View name = null
             View = null
            Model = null

FlashMap:
       Attributes = null

MockHttpServletResponse:
           Status = 200
    Error message = null
          Headers = {Content-Type=[application/json;charset=UTF-8]}
     Content type = application/json;charset=UTF-8
             Body = {"restaurants":[{"id":"86bc3043-9ce9-487e-a7a1-2a17b65786e9","restaurant_name":"Famous Restaurant","photo_URL":"someurl","customer_rating":3.399999999999999911182158029987476766109466552734375,"average_price":123,"number_customers_rated":200,"address":{"id":"5a2c102f-be63-4624-b70f-c0dd8c81637c","flat_building_name":null,"locality":"someLocality","city":"someCity","pincode":null,"state":{"id":"5472d05e-7a3a-4894-88c2-ca75bd5cdf3c","state_name":"someState"}},"categories":"someCategory"}]}
    Forwarded URL = null
   Redirected URL = null
          Cookies = []

MockHttpServletRequest:
      HTTP Method = PUT
      Request URI = /restaurant/someRestaurantId/
       Parameters = {customer_rating=[4.5]}
          Headers = {Content-Type=[application/json;charset=UTF-8], authorization=[Bearer invalid_auth]}
             Body = null
    Session Attrs = {}

Handler:
             Type = com.upgrad.FoodOrderingApp.api.controller.RestaurantController
           Method = public org.springframework.http.ResponseEntity<com.upgrad.FoodOrderingApp.api.model.RestaurantUpdatedResponse> com.upgrad.FoodOrderingApp.api.controller.RestaurantController.updateCustomerRating(java.lang.String,java.lang.Double,java.lang.String) throws com.upgrad.FoodOrderingApp.service.exception.AuthorizationFailedException,com.upgrad.FoodOrderingApp.service.exception.InvalidRatingException,com.upgrad.FoodOrderingApp.service.exception.RestaurantNotFoundException

Async:
    Async started = false
     Async result = null

Resolved Exception:
             Type = org.springframework.web.bind.MissingServletRequestParameterException

ModelAndView:
        View name = null
             View = null
            Model = null

FlashMap:
       Attributes = null

MockHttpServletResponse:
           Status = 400
    Error message = Required Double parameter 'customerRating' is not present
          Headers = {}
     Content type = null
             Body = 
    Forwarded URL = null
   Redirected URL = null
          Cookies = []

MockHttpServletRequest:
      HTTP Method = GET
      Request URI = /restaurant/emptyString
       Parameters = {}
          Headers = {Content-Type=[application/json;charset=UTF-8], authorization=[Bearer database_accesstoken2]}
             Body = null
    Session Attrs = {}

Handler:
             Type = com.upgrad.FoodOrderingApp.api.controller.RestaurantController
           Method = public org.springframework.http.ResponseEntity com.upgrad.FoodOrderingApp.api.controller.RestaurantController.restaurantByUUID(java.lang.String) throws com.upgrad.FoodOrderingApp.service.exception.RestaurantNotFoundException

Async:
    Async started = false
     Async result = null

Resolved Exception:
             Type = com.upgrad.FoodOrderingApp.service.exception.RestaurantNotFoundException

ModelAndView:
        View name = null
             View = null
            Model = null

FlashMap:
       Attributes = null

MockHttpServletResponse:
           Status = 404
    Error message = null
          Headers = {Content-Type=[application/json;charset=UTF-8]}
     Content type = application/json;charset=UTF-8
             Body = {"code":"RNF-002","message":"Restaurant id field should not be empty","root_cause":null}
    Forwarded URL = null
   Redirected URL = null
          Cookies = []

MockHttpServletRequest:
      HTTP Method = PUT
      Request URI = /restaurant/faeee5bf-b87f-43a7-bf52-b23549a0960c
       Parameters = {customer_rating=[4.5]}
          Headers = {Content-Type=[application/json;charset=UTF-8], authorization=[Bearer database_accesstoken2]}
             Body = null
    Session Attrs = {}

Handler:
             Type = com.upgrad.FoodOrderingApp.api.controller.RestaurantController
           Method = public org.springframework.http.ResponseEntity<com.upgrad.FoodOrderingApp.api.model.RestaurantUpdatedResponse> com.upgrad.FoodOrderingApp.api.controller.RestaurantController.updateCustomerRating(java.lang.String,java.lang.Double,java.lang.String) throws com.upgrad.FoodOrderingApp.service.exception.AuthorizationFailedException,com.upgrad.FoodOrderingApp.service.exception.InvalidRatingException,com.upgrad.FoodOrderingApp.service.exception.RestaurantNotFoundException

Async:
    Async started = false
     Async result = null

Resolved Exception:
             Type = org.springframework.web.bind.MissingServletRequestParameterException

ModelAndView:
        View name = null
             View = null
            Model = null

FlashMap:
       Attributes = null

MockHttpServletResponse:
           Status = 400
    Error message = Required Double parameter 'customerRating' is not present
          Headers = {}
     Content type = null
             Body = 
    Forwarded URL = null
   Redirected URL = null
          Cookies = []

MockHttpServletRequest:
      HTTP Method = GET
      Request URI = /restaurant/category/emptyString
       Parameters = {}
          Headers = {Content-Type=[application/json;charset=UTF-8]}
             Body = null
    Session Attrs = {}

Handler:
             Type = com.upgrad.FoodOrderingApp.api.controller.RestaurantController
           Method = public org.springframework.http.ResponseEntity<com.upgrad.FoodOrderingApp.api.model.RestaurantListResponse> com.upgrad.FoodOrderingApp.api.controller.RestaurantController.getRestaurantsByCategoryId(java.lang.String) throws com.upgrad.FoodOrderingApp.service.exception.CategoryNotFoundException

Async:
    Async started = false
     Async result = null

Resolved Exception:
             Type = com.upgrad.FoodOrderingApp.service.exception.CategoryNotFoundException

ModelAndView:
        View name = null
             View = null
            Model = null

FlashMap:
       Attributes = null

MockHttpServletResponse:
           Status = 404
    Error message = null
          Headers = {Content-Type=[application/json;charset=UTF-8]}
     Content type = application/json;charset=UTF-8
             Body = {"code":"CNF-001","message":"Category id field should not be empty","root_cause":null}
    Forwarded URL = null
   Redirected URL = null
          Cookies = []

MockHttpServletRequest:
      HTTP Method = GET
      Request URI = /restaurant/emptyString
       Parameters = {}
          Headers = {Content-Type=[application/json;charset=UTF-8]}
             Body = null
    Session Attrs = {}

Handler:
             Type = com.upgrad.FoodOrderingApp.api.controller.RestaurantController
           Method = public org.springframework.http.ResponseEntity com.upgrad.FoodOrderingApp.api.controller.RestaurantController.restaurantByUUID(java.lang.String) throws com.upgrad.FoodOrderingApp.service.exception.RestaurantNotFoundException

Async:
    Async started = false
     Async result = null

Resolved Exception:
             Type = com.upgrad.FoodOrderingApp.service.exception.RestaurantNotFoundException

ModelAndView:
        View name = null
             View = null
            Model = null

FlashMap:
       Attributes = null

MockHttpServletResponse:
           Status = 404
    Error message = null
          Headers = {Content-Type=[application/json;charset=UTF-8]}
     Content type = application/json;charset=UTF-8
             Body = {"code":"RNF-002","message":"Restaurant id field should not be empty","root_cause":null}
    Forwarded URL = null
   Redirected URL = null
          Cookies = []

MockHttpServletRequest:
      HTTP Method = GET
      Request URI = /restaurant/category/someCategoryId
       Parameters = {}
          Headers = {Content-Type=[application/json;charset=UTF-8]}
             Body = null
    Session Attrs = {}

Handler:
             Type = com.upgrad.FoodOrderingApp.api.controller.RestaurantController
           Method = public org.springframework.http.ResponseEntity<com.upgrad.FoodOrderingApp.api.model.RestaurantListResponse> com.upgrad.FoodOrderingApp.api.controller.RestaurantController.getRestaurantsByCategoryId(java.lang.String) throws com.upgrad.FoodOrderingApp.service.exception.CategoryNotFoundException

Async:
    Async started = false
     Async result = null

Resolved Exception:
             Type = null

ModelAndView:
        View name = null
             View = null
            Model = null

FlashMap:
       Attributes = null

MockHttpServletResponse:
           Status = 200
    Error message = null
          Headers = {Content-Type=[application/json;charset=UTF-8]}
     Content type = application/json;charset=UTF-8
             Body = {"restaurants":[{"id":"df77fb73-a244-4dfe-88d0-bf20ae22cf05","restaurant_name":"Famous Restaurant","photo_URL":"someurl","customer_rating":3.399999999999999911182158029987476766109466552734375,"average_price":123,"number_customers_rated":200,"address":{"id":"63d38529-4241-4972-a964-47cbb755afd8","flat_building_name":null,"locality":"someLocality","city":"someCity","pincode":null,"state":{"id":"d02b30b9-e4fa-4840-9ab6-087330045258","state_name":"someState"}},"categories":"someCategory"}]}
    Forwarded URL = null
   Redirected URL = null
          Cookies = []

MockHttpServletRequest:
      HTTP Method = GET
      Request URI = /restaurant/name/emptyString
       Parameters = {}
          Headers = {Content-Type=[application/json;charset=UTF-8]}
             Body = null
    Session Attrs = {}

Handler:
             Type = com.upgrad.FoodOrderingApp.api.controller.RestaurantController
           Method = public org.springframework.http.ResponseEntity<com.upgrad.FoodOrderingApp.api.model.RestaurantListResponse> com.upgrad.FoodOrderingApp.api.controller.RestaurantController.getRestaurantsByName(java.lang.String) throws com.upgrad.FoodOrderingApp.service.exception.RestaurantNotFoundException

Async:
    Async started = false
     Async result = null

Resolved Exception:
             Type = com.upgrad.FoodOrderingApp.service.exception.RestaurantNotFoundException

ModelAndView:
        View name = null
             View = null
            Model = null

FlashMap:
       Attributes = null

MockHttpServletResponse:
           Status = 404
    Error message = null
          Headers = {Content-Type=[application/json;charset=UTF-8]}
     Content type = application/json;charset=UTF-8
             Body = {"code":"RNF-003","message":"RestaurantÂ name field should not be empty","root_cause":null}
    Forwarded URL = null
   Redirected URL = null
          Cookies = []

MockHttpServletRequest:
      HTTP Method = PUT
      Request URI = /restaurant/9c642954-53c8-443b-a75b-9f596e6e0c3c
       Parameters = {customer_rating=[-5.5]}
          Headers = {Content-Type=[application/json;charset=UTF-8], authorization=[Bearer database_accesstoken2]}
             Body = null
    Session Attrs = {}

Handler:
             Type = com.upgrad.FoodOrderingApp.api.controller.RestaurantController
           Method = public org.springframework.http.ResponseEntity<com.upgrad.FoodOrderingApp.api.model.RestaurantUpdatedResponse> com.upgrad.FoodOrderingApp.api.controller.RestaurantController.updateCustomerRating(java.lang.String,java.lang.Double,java.lang.String) throws com.upgrad.FoodOrderingApp.service.exception.AuthorizationFailedException,com.upgrad.FoodOrderingApp.service.exception.InvalidRatingException,com.upgrad.FoodOrderingApp.service.exception.RestaurantNotFoundException

Async:
    Async started = false
     Async result = null

Resolved Exception:
             Type = org.springframework.web.bind.MissingServletRequestParameterException

ModelAndView:
        View name = null
             View = null
            Model = null

FlashMap:
       Attributes = null

MockHttpServletResponse:
           Status = 400
    Error message = Required Double parameter 'customerRating' is not present
          Headers = {}
     Content type = null
             Body = 
    Forwarded URL = null
   Redirected URL = null
          Cookies = []

MockHttpServletRequest:
      HTTP Method = PUT
      Request URI = /restaurant/542e5575-2e49-4f13-b3f2-b939f209ab29
       Parameters = {customer_rating=[5.5]}
          Headers = {Content-Type=[application/json;charset=UTF-8], authorization=[Bearer database_accesstoken2]}
             Body = null
    Session Attrs = {}

Handler:
             Type = com.upgrad.FoodOrderingApp.api.controller.RestaurantController
           Method = public org.springframework.http.ResponseEntity<com.upgrad.FoodOrderingApp.api.model.RestaurantUpdatedResponse> com.upgrad.FoodOrderingApp.api.controller.RestaurantController.updateCustomerRating(java.lang.String,java.lang.Double,java.lang.String) throws com.upgrad.FoodOrderingApp.service.exception.AuthorizationFailedException,com.upgrad.FoodOrderingApp.service.exception.InvalidRatingException,com.upgrad.FoodOrderingApp.service.exception.RestaurantNotFoundException

Async:
    Async started = false
     Async result = null

Resolved Exception:
             Type = org.springframework.web.bind.MissingServletRequestParameterException

ModelAndView:
        View name = null
             View = null
            Model = null

FlashMap:
       Attributes = null

MockHttpServletResponse:
           Status = 400
    Error message = Required Double parameter 'customerRating' is not present
          Headers = {}
     Content type = null
             Body = 
    Forwarded URL = null
   Redirected URL = null
          Cookies = []

MockHttpServletRequest:
      HTTP Method = GET
      Request URI = /restaurant
       Parameters = {}
          Headers = {Content-Type=[application/json;charset=UTF-8]}
             Body = null
    Session Attrs = {}

Handler:
             Type = com.upgrad.FoodOrderingApp.api.controller.RestaurantController
           Method = public org.springframework.http.ResponseEntity<com.upgrad.FoodOrderingApp.api.model.RestaurantListResponse> com.upgrad.FoodOrderingApp.api.controller.RestaurantController.getAllRestaurants()

Async:
    Async started = false
     Async result = null

Resolved Exception:
             Type = null

ModelAndView:
        View name = null
             View = null
            Model = null

FlashMap:
       Attributes = null

MockHttpServletResponse:
           Status = 200
    Error message = null
          Headers = {Content-Type=[application/json;charset=UTF-8]}
     Content type = application/json;charset=UTF-8
             Body = {"restaurants":[{"id":"c7da9b66-9c80-4567-aa1b-0fe8bdf05b02","restaurant_name":"Famous Restaurant","photo_URL":"someurl","customer_rating":3.399999999999999911182158029987476766109466552734375,"average_price":123,"number_customers_rated":200,"address":{"id":"281ec46d-2c77-4584-bce3-f3088a0b64dd","flat_building_name":null,"locality":"someLocality","city":"someCity","pincode":null,"state":{"id":"071ae293-2576-49bb-bac5-9f1f40156bed","state_name":"someState"}},"categories":"someCategory"}]}
    Forwarded URL = null
   Redirected URL = null
          Cookies = []

MockHttpServletRequest:
      HTTP Method = GET
      Request URI = /restaurant/category/someCategoryId
       Parameters = {}
          Headers = {Content-Type=[application/json;charset=UTF-8]}
             Body = null
    Session Attrs = {}

Handler:
             Type = com.upgrad.FoodOrderingApp.api.controller.RestaurantController
           Method = public org.springframework.http.ResponseEntity<com.upgrad.FoodOrderingApp.api.model.RestaurantListResponse> com.upgrad.FoodOrderingApp.api.controller.RestaurantController.getRestaurantsByCategoryId(java.lang.String) throws com.upgrad.FoodOrderingApp.service.exception.CategoryNotFoundException

Async:
    Async started = false
     Async result = null

Resolved Exception:
             Type = com.upgrad.FoodOrderingApp.service.exception.CategoryNotFoundException

ModelAndView:
        View name = null
             View = null
            Model = null

FlashMap:
       Attributes = null

MockHttpServletResponse:
           Status = 404
    Error message = null
          Headers = {Content-Type=[application/json;charset=UTF-8]}
     Content type = application/json;charset=UTF-8
             Body = {"code":"CNF-002","message":"No category by this id","root_cause":null}
    Forwarded URL = null
   Redirected URL = null
          Cookies = []

MockHttpServletRequest:
      HTTP Method = GET
      Request URI = /restaurant/someRestaurantId
       Parameters = {}
          Headers = {Content-Type=[application/json;charset=UTF-8]}
             Body = null
    Session Attrs = {}

Handler:
             Type = com.upgrad.FoodOrderingApp.api.controller.RestaurantController
           Method = public org.springframework.http.ResponseEntity com.upgrad.FoodOrderingApp.api.controller.RestaurantController.restaurantByUUID(java.lang.String) throws com.upgrad.FoodOrderingApp.service.exception.RestaurantNotFoundException

Async:
    Async started = false
     Async result = null

Resolved Exception:
             Type = com.upgrad.FoodOrderingApp.service.exception.RestaurantNotFoundException

ModelAndView:
        View name = null
             View = null
            Model = null

FlashMap:
       Attributes = null

MockHttpServletResponse:
           Status = 404
    Error message = null
          Headers = {Content-Type=[application/json;charset=UTF-8]}
     Content type = application/json;charset=UTF-8
[...]

MockHttpServletResponse:
           Status = 400
    Error message = Required Double parameter 'customerRating' is not present
          Headers = {}
     Content type = null
             Body = 
    Forwarded URL = null
   Redirected URL = null
          Cookies = []

MockHttpServletRequest:
      HTTP Method = GET
      Request URI = /restaurant/emptyString
       Parameters = {}
          Headers = {Content-Type=[application/json;charset=UTF-8], authorization=[Bearer database_accesstoken2]}
             Body = null
    Session Attrs = {}

Handler:
             Type = com.upgrad.FoodOrderingApp.api.controller.RestaurantController
           Method = public org.springframework.http.ResponseEntity com.upgrad.FoodOrderingApp.api.controller.RestaurantController.restaurantByUUID(java.lang.String) throws com.upgrad.FoodOrderingApp.service.exception.RestaurantNotFoundException

Async:
    Async started = false
     Async result = null

Resolved Exception:
             Type = com.upgrad.FoodOrderingApp.service.exception.RestaurantNotFoundException

ModelAndView:
        View name = null
             View = null
            Model = null

FlashMap:
       Attributes = null

MockHttpServletResponse:
           Status = 404
    Error message = null
          Headers = {Content-Type=[application/json;charset=UTF-8]}
     Content type = application/json;charset=UTF-8
             Body = {"code":"RNF-002","message":"Restaurant id field should not be empty","root_cause":null}
    Forwarded URL = null
   Redirected URL = null
          Cookies = []

MockHttpServletRequest:
      HTTP Method = PUT
      Request URI = /restaurant/faeee5bf-b87f-43a7-bf52-b23549a0960c
       Parameters = {customer_rating=[4.5]}
          Headers = {Content-Type=[application/json;charset=UTF-8], authorization=[Bearer database_accesstoken2]}
             Body = null
    Session Attrs = {}

Handler:
             Type = com.upgrad.FoodOrderingApp.api.controller.RestaurantController
           Method = public org.springframework.http.ResponseEntity<com.upgrad.FoodOrderingApp.api.model.RestaurantUpdatedResponse> com.upgrad.FoodOrderingApp.api.controller.RestaurantController.updateCustomerRating(java.lang.String,java.lang.Double,java.lang.String) throws com.upgrad.FoodOrderingApp.service.exception.AuthorizationFailedException,com.upgrad.FoodOrderingApp.service.exception.InvalidRatingException,com.upgrad.FoodOrderingApp.service.exception.RestaurantNotFoundException

Async:
    Async started = false
     Async result = null

Resolved Exception:
             Type = org.springframework.web.bind.MissingServletRequestParameterException

ModelAndView:
        View name = null
             View = null
            Model = null

FlashMap:
       Attributes = null

MockHttpServletResponse:
           Status = 400
    Error message = Required Double parameter 'customerRating' is not present
          Headers = {}
     Content type = null
             Body = 
    Forwarded URL = null
   Redirected URL = null
          Cookies = []

MockHttpServletRequest:
      HTTP Method = GET
      Request URI = /restaurant/category/emptyString
       Parameters = {}
          Headers = {Content-Type=[application/json;charset=UTF-8]}
             Body = null
    Session Attrs = {}

Handler:
             Type = com.upgrad.FoodOrderingApp.api.controller.RestaurantController
           Method = public org.springframework.http.ResponseEntity<com.upgrad.FoodOrderingApp.api.model.RestaurantListResponse> com.upgrad.FoodOrderingApp.api.controller.RestaurantController.getRestaurantsByCategoryId(java.lang.String) throws com.upgrad.FoodOrderingApp.service.exception.CategoryNotFoundException

Async:
    Async started = false
     Async result = null

Resolved Exception:
             Type = com.upgrad.FoodOrderingApp.service.exception.CategoryNotFoundException

ModelAndView:
        View name = null
             View = null
            Model = null

FlashMap:
       Attributes = null

MockHttpServletResponse:
           Status = 404
    Error message = null
          Headers = {Content-Type=[application/json;charset=UTF-8]}
     Content type = application/json;charset=UTF-8
             Body = {"code":"CNF-001","message":"Category id field should not be empty","root_cause":null}
    Forwarded URL = null
   Redirected URL = null
          Cookies = []

MockHttpServletRequest:
      HTTP Method = GET
      Request URI = /restaurant/emptyString
       Parameters = {}
          Headers = {Content-Type=[application/json;charset=UTF-8]}
             Body = null
    Session Attrs = {}

Handler:
             Type = com.upgrad.FoodOrderingApp.api.controller.RestaurantController
           Method = public org.springframework.http.ResponseEntity com.upgrad.FoodOrderingApp.api.controller.RestaurantController.restaurantByUUID(java.lang.String) throws com.upgrad.FoodOrderingApp.service.exception.RestaurantNotFoundException

Async:
    Async started = false
     Async result = null

Resolved Exception:
             Type = com.upgrad.FoodOrderingApp.service.exception.RestaurantNotFoundException

ModelAndView:
        View name = null
             View = null
            Model = null

FlashMap:
       Attributes = null

MockHttpServletResponse:
           Status = 404
    Error message = null
          Headers = {Content-Type=[application/json;charset=UTF-8]}
     Content type = application/json;charset=UTF-8
             Body = {"code":"RNF-002","message":"Restaurant id field should not be empty","root_cause":null}
    Forwarded URL = null
   Redirected URL = null
          Cookies = []

MockHttpServletRequest:
      HTTP Method = GET
      Request URI = /restaurant/category/someCategoryId
       Parameters = {}
          Headers = {Content-Type=[application/json;charset=UTF-8]}
             Body = null
    Session Attrs = {}

Handler:
             Type = com.upgrad.FoodOrderingApp.api.controller.RestaurantController
           Method = public org.springframework.http.ResponseEntity<com.upgrad.FoodOrderingApp.api.model.RestaurantListResponse> com.upgrad.FoodOrderingApp.api.controller.RestaurantController.getRestaurantsByCategoryId(java.lang.String) throws com.upgrad.FoodOrderingApp.service.exception.CategoryNotFoundException

Async:
    Async started = false
     Async result = null

Resolved Exception:
             Type = null

ModelAndView:
        View name = null
             View = null
            Model = null

FlashMap:
       Attributes = null

MockHttpServletResponse:
           Status = 200
    Error message = null
          Headers = {Content-Type=[application/json;charset=UTF-8]}
     Content type = application/json;charset=UTF-8
             Body = {"restaurants":[{"id":"df77fb73-a244-4dfe-88d0-bf20ae22cf05","restaurant_name":"Famous Restaurant","photo_URL":"someurl","customer_rating":3.399999999999999911182158029987476766109466552734375,"average_price":123,"number_customers_rated":200,"address":{"id":"63d38529-4241-4972-a964-47cbb755afd8","flat_building_name":null,"locality":"someLocality","city":"someCity","pincode":null,"state":{"id":"d02b30b9-e4fa-4840-9ab6-087330045258","state_name":"someState"}},"categories":"someCategory"}]}
    Forwarded URL = null
   Redirected URL = null
          Cookies = []

MockHttpServletRequest:
      HTTP Method = GET
      Request URI = /restaurant/name/emptyString
       Parameters = {}
          Headers = {Content-Type=[application/json;charset=UTF-8]}
             Body = null
    Session Attrs = {}

Handler:
             Type = com.upgrad.FoodOrderingApp.api.controller.RestaurantController
           Method = public org.springframework.http.ResponseEntity<com.upgrad.FoodOrderingApp.api.model.RestaurantListResponse> com.upgrad.FoodOrderingApp.api.controller.RestaurantController.getRestaurantsByName(java.lang.String) throws com.upgrad.FoodOrderingApp.service.exception.RestaurantNotFoundException

Async:
    Async started = false
     Async result = null

Resolved Exception:
             Type = com.upgrad.FoodOrderingApp.service.exception.RestaurantNotFoundException

ModelAndView:
        View name = null
             View = null
            Model = null

FlashMap:
       Attributes = null

MockHttpServletResponse:
           Status = 404
    Error message = null
          Headers = {Content-Type=[application/json;charset=UTF-8]}
     Content type = application/json;charset=UTF-8
             Body = {"code":"RNF-003","message":"RestaurantÂ name field should not be empty","root_cause":null}
    Forwarded URL = null
   Redirected URL = null
          Cookies = []

MockHttpServletRequest:
      HTTP Method = PUT
      Request URI = /restaurant/9c642954-53c8-443b-a75b-9f596e6e0c3c
       Parameters = {customer_rating=[-5.5]}
          Headers = {Content-Type=[application/json;charset=UTF-8], authorization=[Bearer database_accesstoken2]}
             Body = null
    Session Attrs = {}

Handler:
             Type = com.upgrad.FoodOrderingApp.api.controller.RestaurantController
           Method = public org.springframework.http.ResponseEntity<com.upgrad.FoodOrderingApp.api.model.RestaurantUpdatedResponse> com.upgrad.FoodOrderingApp.api.controller.RestaurantController.updateCustomerRating(java.lang.String,java.lang.Double,java.lang.String) throws com.upgrad.FoodOrderingApp.service.exception.AuthorizationFailedException,com.upgrad.FoodOrderingApp.service.exception.InvalidRatingException,com.upgrad.FoodOrderingApp.service.exception.RestaurantNotFoundException

Async:
    Async started = false
     Async result = null

Resolved Exception:
             Type = org.springframework.web.bind.MissingServletRequestParameterException

ModelAndView:
        View name = null
             View = null
            Model = null

FlashMap:
       Attributes = null

MockHttpServletResponse:
           Status = 400
    Error message = Required Double parameter 'customerRating' is not present
          Headers = {}
     Content type = null
             Body = 
    Forwarded URL = null
   Redirected URL = null
          Cookies = []

MockHttpServletRequest:
      HTTP Method = PUT
      Request URI = /restaurant/542e5575-2e49-4f13-b3f2-b939f209ab29
       Parameters = {customer_rating=[5.5]}
          Headers = {Content-Type=[application/json;charset=UTF-8], authorization=[Bearer database_accesstoken2]}
             Body = null
    Session Attrs = {}

Handler:
             Type = com.upgrad.FoodOrderingApp.api.controller.RestaurantController
           Method = public org.springframework.http.ResponseEntity<com.upgrad.FoodOrderingApp.api.model.RestaurantUpdatedResponse> com.upgrad.FoodOrderingApp.api.controller.RestaurantController.updateCustomerRating(java.lang.String,java.lang.Double,java.lang.String) throws com.upgrad.FoodOrderingApp.service.exception.AuthorizationFailedException,com.upgrad.FoodOrderingApp.service.exception.InvalidRatingException,com.upgrad.FoodOrderingApp.service.exception.RestaurantNotFoundException

Async:
    Async started = false
     Async result = null

Resolved Exception:
             Type = org.springframework.web.bind.MissingServletRequestParameterException

ModelAndView:
        View name = null
             View = null
            Model = null

FlashMap:
       Attributes = null

MockHttpServletResponse:
           Status = 400
    Error message = Required Double parameter 'customerRating' is not present
          Headers = {}
     Content type = null
             Body = 
    Forwarded URL = null
   Redirected URL = null
          Cookies = []

MockHttpServletRequest:
      HTTP Method = GET
      Request URI = /restaurant
       Parameters = {}
          Headers = {Content-Type=[application/json;charset=UTF-8]}
             Body = null
    Session Attrs = {}

Handler:
             Type = com.upgrad.FoodOrderingApp.api.controller.RestaurantController
           Method = public org.springframework.http.ResponseEntity<com.upgrad.FoodOrderingApp.api.model.RestaurantListResponse> com.upgrad.FoodOrderingApp.api.controller.RestaurantController.getAllRestaurants()

Async:
    Async started = false
     Async result = null

Resolved Exception:
             Type = null

ModelAndView:
        View name = null
             View = null
            Model = null

FlashMap:
       Attributes = null

MockHttpServletResponse:
           Status = 200
    Error message = null
          Headers = {Content-Type=[application/json;charset=UTF-8]}
     Content type = application/json;charset=UTF-8
             Body = {"restaurants":[{"id":"c7da9b66-9c80-4567-aa1b-0fe8bdf05b02","restaurant_name":"Famous Restaurant","photo_URL":"someurl","customer_rating":3.399999999999999911182158029987476766109466552734375,"average_price":123,"number_customers_rated":200,"address":{"id":"281ec46d-2c77-4584-bce3-f3088a0b64dd","flat_building_name":null,"locality":"someLocality","city":"someCity","pincode":null,"state":{"id":"071ae293-2576-49bb-bac5-9f1f40156bed","state_name":"someState"}},"categories":"someCategory"}]}
    Forwarded URL = null
   Redirected URL = null
          Cookies = []

MockHttpServletRequest:
      HTTP Method = GET
      Request URI = /restaurant/category/someCategoryId
       Parameters = {}
          Headers = {Content-Type=[application/json;charset=UTF-8]}
             Body = null
    Session Attrs = {}

Handler:
             Type = com.upgrad.FoodOrderingApp.api.controller.RestaurantController
           Method = public org.springframework.http.ResponseEntity<com.upgrad.FoodOrderingApp.api.model.RestaurantListResponse> com.upgrad.FoodOrderingApp.api.controller.RestaurantController.getRestaurantsByCategoryId(java.lang.String) throws com.upgrad.FoodOrderingApp.service.exception.CategoryNotFoundException

Async:
    Async started = false
     Async result = null

Resolved Exception:
             Type = com.upgrad.FoodOrderingApp.service.exception.CategoryNotFoundException

ModelAndView:
        View name = null
             View = null
            Model = null

FlashMap:
       Attributes = null

MockHttpServletResponse:
           Status = 404
    Error message = null
          Headers = {Content-Type=[application/json;charset=UTF-8]}
     Content type = application/json;charset=UTF-8
             Body = {"code":"CNF-002","message":"No category by this id","root_cause":null}
    Forwarded URL = null
   Redirected URL = null
          Cookies = []

MockHttpServletRequest:
      HTTP Method = GET
      Request URI = /restaurant/someRestaurantId
       Parameters = {}
          Headers = {Content-Type=[application/json;charset=UTF-8]}
             Body = null
    Session Attrs = {}

Handler:
             Type = com.upgrad.FoodOrderingApp.api.controller.RestaurantController
           Method = public org.springframework.http.ResponseEntity com.upgrad.FoodOrderingApp.api.controller.RestaurantController.restaurantByUUID(java.lang.String) throws com.upgrad.FoodOrderingApp.service.exception.RestaurantNotFoundException

Async:
    Async started = false
     Async result = null

Resolved Exception:
             Type = com.upgrad.FoodOrderingApp.service.exception.RestaurantNotFoundException

ModelAndView:
        View name = null
             View = null
            Model = null

FlashMap:
       Attributes = null

MockHttpServletResponse:
           Status = 404
    Error message = null
          Headers = {Content-Type=[application/json;charset=UTF-8]}
     Content type = application/json;charset=UTF-8
             Body = {"code":"RNF-001","message":"No restaurant by this id","root_cause":null}
    Forwarded URL = null
   Redirected URL = null
          Cookies = []

MockHttpServletRequest:
      HTTP Method = PUT
      Request URI = /restaurant/someRestaurantId/
       Parameters = {customer_rating=[4.5]}
          Headers = {Content-Type=[application/json;charset=UTF-8], authorization=[Bearer invalid_auth]}
             Body = null
    Session Attrs = {}

Handler:
             Type = com.upgrad.FoodOrderingApp.api.controller.RestaurantController
           Method = public org.springframework.http.ResponseEntity<com.upgrad.FoodOrderingApp.api.model.RestaurantUpdatedResponse> com.upgrad.FoodOrderingApp.api.controller.RestaurantController.updateCustomerRating(java.lang.String,java.lang.Double,java.lang.String) throws com.upgrad.FoodOrderingApp.service.exception.AuthorizationFailedException,com.upgrad.FoodOrderingApp.service.exception.InvalidRatingException,com.upgrad.FoodOrderingApp.service.exception.RestaurantNotFoundException

Async:
    Async started = false
     Async result = null

Resolved Exception:
             Type = org.springframework.web.bind.MissingServletRequestParameterException

ModelAndView:
        View name = null
             View = null
            Model = null

FlashMap:
       Attributes = null

MockHttpServletResponse:
           Status = 400
    Error message = Required Double parameter 'customerRating' is not present
          Headers = {}
     Content type = null
             Body = 
    Forwarded URL = null
   Redirected URL = null
          Cookies = []

MockHttpServletRequest:
      HTTP Method = PUT
      Request URI = /restaurant/someRestaurantId/
       Parameters = {customer_rating=[4.5]}
          Headers = {Content-Type=[application/json;charset=UTF-8], authorization=[Bearer invalid_auth]}
             Body = null
    Session Attrs = {}

Handler:
             Type = com.upgrad.FoodOrderingApp.api.controller.RestaurantController
           Method = public org.springframework.http.ResponseEntity<com.upgrad.FoodOrderingApp.api.model.RestaurantUpdatedResponse> com.upgrad.FoodOrderingApp.api.controller.RestaurantController.updateCustomerRating(java.lang.String,java.lang.Double,java.lang.String) throws com.upgrad.FoodOrderingApp.service.exception.AuthorizationFailedException,com.upgrad.FoodOrderingApp.service.exception.InvalidRatingException,com.upgrad.FoodOrderingApp.service.exception.RestaurantNotFoundException

Async:
    Async started = false
     Async result = null

Resolved Exception:
             Type = org.springframework.web.bind.MissingServletRequestParameterException

ModelAndView:
        View name = null
             View = null
            Model = null

FlashMap:
       Attributes = null

MockHttpServletResponse:
           Status = 400
    Error message = Required Double parameter 'customerRating' is not present
          Headers = {}
     Content type = null
             Body = 
    Forwarded URL = null
   Redirected URL = null
          Cookies = []

MockHttpServletRequest:
      HTTP Method = PUT
      Request URI = /restaurant/d1448afb-7e4c-40b8-9dcb-d430d376cfdc
       Parameters = {customer_rating=[4.5]}
          Headers = {Content-Type=[application/json;charset=UTF-8], authorization=[Bearer database_accesstoken2]}
             Body = null
    Session Attrs = {}

Handler:
             Type = com.upgrad.FoodOrderingApp.api.controller.RestaurantController
           Method = public org.springframework.http.ResponseEntity<com.upgrad.FoodOrderingApp.api.model.RestaurantUpdatedResponse> com.upgrad.FoodOrderingApp.api.controller.RestaurantController.updateCustomerRating(java.lang.String,java.lang.Double,java.lang.String) throws com.upgrad.FoodOrderingApp.service.exception.AuthorizationFailedException,com.upgrad.FoodOrderingApp.service.exception.InvalidRatingException,com.upgrad.FoodOrderingApp.service.exception.RestaurantNotFoundException

Async:
    Async started = false
     Async result = null

Resolved Exception:
             Type = org.springframework.web.bind.MissingServletRequestParameterException

ModelAndView:
        View name = null
             View = null
            Model = null

FlashMap:
       Attributes = null

MockHttpServletResponse:
           Status = 400
    Error message = Required Double parameter 'customerRating' is not present
          Headers = {}
     Content type = null
             Body = 
    Forwarded URL = null
   Redirected URL = null
          Cookies = []
]]></system-out>
  </testcase>
</testsuite>