<?xml version="1.0" encoding="UTF-8"?>
<testsuite xmlns:xsi="http://www.w3.org/2001/XMLSchema-instance" xsi:noNamespaceSchemaLocation="https://maven.apache.org/surefire/maven-surefire-plugin/xsd/surefire-test-report.xsd" name="com.upgrad.FoodOrderingApp.api.controller.CategoryControllerTest" time="6.305" tests="5" errors="1" skipped="0" failures="0">
  <properties>
[...]
</properties>
  <testcase name="shouldNotGetCategoryByIdIfCategoryDoesNotExistAgainstGivenId" classname="com.upgrad.FoodOrderingApp.api.controller.CategoryControllerTest" time="0.04">
    <error message="Request processing failed; nested exception is java.lang.NullPointerException" type="org.springframework.web.util.NestedServletException">org.springframework.web.util.NestedServletException: Request processing failed; nested exception is java.lang.NullPointerException
	at com.upgrad.FoodOrderingApp.api.controller.CategoryControllerTest.shouldNotGetCategoryByIdIfCategoryDoesNotExistAgainstGivenId(CategoryControllerTest.java:100)
Caused by: java.lang.NullPointerException
	at com.upgrad.FoodOrderingApp.api.controller.CategoryControllerTest.shouldNotGetCategoryByIdIfCategoryDoesNotExistAgainstGivenId(CategoryControllerTest.java:100)
</error>
    <system-out><![CDATA[2020-11-02 18:16:40.056  INFO 8056 --- [           main] .b.t.c.SpringBootTestContextBootstrapper : Neither @ContextConfiguration nor @ContextHierarchy found for test class [com.upgrad.FoodOrderingApp.api.controller.CategoryControllerTest], using SpringBootContextLoader
2020-11-02 18:16:40.056  INFO 8056 --- [           main] o.s.t.c.support.AbstractContextLoader    : Could not detect default resource locations for test class [com.upgrad.FoodOrderingApp.api.controller.CategoryControllerTest]: no resource found for suffixes {-context.xml, Context.groovy}.
2020-11-02 18:16:40.056  INFO 8056 --- [           main] t.c.s.AnnotationConfigContextLoaderUtils : Could not detect default configuration classes for test class [com.upgrad.FoodOrderingApp.api.controller.CategoryControllerTest]: CategoryControllerTest does not declare any static, non-private, non-final, nested classes annotated with @Configuration.
2020-11-02 18:16:40.056  INFO 8056 --- [           main] .b.t.c.SpringBootTestContextBootstrapper : Found @SpringBootConfiguration com.upgrad.FoodOrderingApp.api.FoodOrderingAppApiApplication for test class com.upgrad.FoodOrderingApp.api.controller.CategoryControllerTest
2020-11-02 18:16:40.056  INFO 8056 --- [           main] .b.t.c.SpringBootTestContextBootstrapper : Loaded default TestExecutionListener class names from location [META-INF/spring.factories]: [org.springframework.boot.test.mock.mockito.MockitoTestExecutionListener, org.springframework.boot.test.mock.mockito.ResetMocksTestExecutionListener, org.springframework.boot.test.autoconfigure.restdocs.RestDocsTestExecutionListener, org.springframework.boot.test.autoconfigure.web.client.MockRestServiceServerResetTestExecutionListener, org.springframework.boot.test.autoconfigure.web.servlet.MockMvcPrintOnlyOnFailureTestExecutionListener, org.springframework.boot.test.autoconfigure.web.servlet.WebDriverTestExecutionListener, org.springframework.test.context.web.ServletTestExecutionListener, org.springframework.test.context.support.DirtiesContextBeforeModesTestExecutionListener, org.springframework.test.context.support.DependencyInjectionTestExecutionListener, org.springframework.test.context.support.DirtiesContextTestExecutionListener, org.springframework.test.context.transaction.TransactionalTestExecutionListener, org.springframework.test.context.jdbc.SqlScriptsTestExecutionListener]
2020-11-02 18:16:40.070  INFO 8056 --- [           main] .b.t.c.SpringBootTestContextBootstrapper : Using TestExecutionListeners: [org.springframework.test.context.web.ServletTestExecutionListener@58afecfd, org.springframework.test.context.support.DirtiesContextBeforeModesTestExecutionListener@4d79d187, org.springframework.boot.test.mock.mockito.MockitoTestExecutionListener@3e63bd6b, org.springframework.boot.test.autoconfigure.SpringBootDependencyInjectionTestExecutionListener@48144f1a, org.springframework.test.context.support.DirtiesContextTestExecutionListener@6f7b8ae1, org.springframework.test.context.transaction.TransactionalTestExecutionListener@6c8d8b60, org.springframework.test.context.jdbc.SqlScriptsTestExecutionListener@4fa6fb7f, org.springframework.boot.test.mock.mockito.ResetMocksTestExecutionListener@2520010e, org.springframework.boot.test.autoconfigure.restdocs.RestDocsTestExecutionListener@163fbbc9, org.springframework.boot.test.autoconfigure.web.client.MockRestServiceServerResetTestExecutionListener@1669f4e5, org.springframework.boot.test.autoconfigure.web.servlet.MockMvcPrintOnlyOnFailureTestExecutionListener@6e6c8854, org.springframework.boot.test.autoconfigure.web.servlet.WebDriverTestExecutionListener@4be1dce6]

  .   ____          _            __ _ _
 /\\ / ___'_ __ _ _(_)_ __  __ _ \ \ \ \
( ( )\___ | '_ | '_| | '_ \/ _` | \ \ \ \
 \\/  ___)| |_)| | | | | || (_| |  ) ) ) )
  '  |____| .__|_| |_|_| |_\__, | / / / /
 =========|_|==============|___/=/_/_/_/
 :: Spring Boot ::        (v2.0.1.RELEASE)

2020-11-02 18:16:40.270  INFO 8056 --- [           main] c.u.F.a.c.CategoryControllerTest         : Starting CategoryControllerTest on DESKTOP-ALQ40UF with PID 8056 (started by Admin in F:\IIITB\FoodOrderingAppBackend-STUB\FoodOrderingAppBackend-STUB\FoodOrderingApp-api)
2020-11-02 18:16:40.270  INFO 8056 --- [           main] c.u.F.a.c.CategoryControllerTest         : No active profile set, falling back to default profiles: default
2020-11-02 18:16:40.276  INFO 8056 --- [           main] o.s.w.c.s.GenericWebApplicationContext   : Refreshing org.springframework.web.context.support.GenericWebApplicationContext@116915f1: startup date [Mon Nov 02 18:16:40 IST 2020]; root of context hierarchy
2020-11-02 18:16:41.989  INFO 8056 --- [           main] trationDelegate$BeanPostProcessorChecker : Bean 'org.springframework.transaction.annotation.ProxyTransactionManagementConfiguration' of type [org.springframework.transaction.annotation.ProxyTransactionManagementConfiguration$$EnhancerBySpringCGLIB$$9d0d52f6] is not eligible for getting processed by all BeanPostProcessors (for example: not eligible for auto-proxying)
2020-11-02 18:16:42.388  INFO 8056 --- [           main] com.zaxxer.hikari.HikariDataSource       : HikariPool-2 - Starting...
2020-11-02 18:16:43.217  INFO 8056 --- [           main] com.zaxxer.hikari.HikariDataSource       : HikariPool-2 - Start completed.
2020-11-02 18:16:43.262  INFO 8056 --- [           main] j.LocalContainerEntityManagerFactoryBean : Building JPA container EntityManagerFactory for persistence unit 'default'
2020-11-02 18:16:43.262  INFO 8056 --- [           main] o.hibernate.jpa.internal.util.LogHelper  : HHH000204: Processing PersistenceUnitInfo [
	name: default
	...]
2020-11-02 18:16:43.287  INFO 8056 --- [           main] org.hibernate.dialect.Dialect            : HHH000400: Using dialect: org.hibernate.dialect.PostgreSQL82Dialect
2020-11-02 18:16:43.287  INFO 8056 --- [           main] o.h.e.j.e.i.LobCreatorBuilderImpl        : HHH000422: Disabling contextual LOB creation as connection was null
2020-11-02 18:16:43.287  INFO 8056 --- [           main] org.hibernate.type.BasicTypeRegistry     : HHH000270: Type registration [java.util.UUID] overrides previous : org.hibernate.type.UUIDBinaryType@739831a4
2020-11-02 18:16:43.628  INFO 8056 --- [           main] o.h.h.i.QueryTranslatorFactoryInitiator  : HHH000397: Using ASTQueryTranslatorFactory
2020-11-02 18:16:43.690  INFO 8056 --- [           main] j.LocalContainerEntityManagerFactoryBean : Initialized JPA EntityManagerFactory for persistence unit 'default'
2020-11-02 18:16:44.518  WARN 8056 --- [           main] aWebConfiguration$JpaWebMvcConfiguration : spring.jpa.open-in-view is enabled by default. Therefore, database queries may be performed during view rendering. Explicitly configure spring.jpa.open-in-view to disable this warning
2020-11-02 18:16:44.597  INFO 8056 --- [           main] s.w.s.m.m.a.RequestMappingHandlerMapping : Mapped "{[/states],methods=[GET],produces=[application/json;charset=UTF-8]}" onto public org.springframework.http.ResponseEntity<com.upgrad.FoodOrderingApp.api.model.StatesListResponse> com.upgrad.FoodOrderingApp.api.controller.AddressController.getAllStates()
2020-11-02 18:16:44.604  INFO 8056 --- [           main] s.w.s.m.m.a.RequestMappingHandlerMapping : Mapped "{[/address],methods=[POST],consumes=[application/json;charset=UTF-8],produces=[application/json;charset=UTF-8]}" onto public org.springframework.http.ResponseEntity<com.upgrad.FoodOrderingApp.api.model.SaveAddressResponse> com.upgrad.FoodOrderingApp.api.controller.AddressController.saveAddress(java.lang.String,com.upgrad.FoodOrderingApp.api.model.SaveAddressRequest) throws com.upgrad.FoodOrderingApp.service.exception.AuthorizationFailedException,com.upgrad.FoodOrderingApp.service.exception.AddressNotFoundException,com.upgrad.FoodOrderingApp.service.exception.SaveAddressException
2020-11-02 18:16:44.619  INFO 8056 --- [           main] s.w.s.m.m.a.RequestMappingHandlerMapping : Mapped "{[/address/{address_id}],methods=[DELETE],produces=[application/json;charset=UTF-8]}" onto public org.springframework.http.ResponseEntity<com.upgrad.FoodOrderingApp.api.model.DeleteAddressResponse> com.upgrad.FoodOrderingApp.api.controller.AddressController.deleteSavedAddress(java.lang.String,java.lang.String) throws com.upgrad.FoodOrderingApp.service.exception.AuthorizationFailedException,com.upgrad.FoodOrderingApp.service.exception.AddressNotFoundException
2020-11-02 18:16:44.630  INFO 8056 --- [           main] s.w.s.m.m.a.RequestMappingHandlerMapping : Mapped "{[/address/customer],methods=[GET],produces=[application/json;charset=UTF-8]}" onto public org.springframework.http.ResponseEntity<com.upgrad.FoodOrderingApp.api.model.AddressListResponse> com.upgrad.FoodOrderingApp.api.controller.AddressController.getAllSavedAddress(java.lang.String) throws com.upgrad.FoodOrderingApp.service.exception.AuthorizationFailedException
2020-11-02 18:16:44.635  INFO 8056 --- [           main] s.w.s.m.m.a.RequestMappingHandlerMapping : Mapped "{[/category/{category_id}],methods=[GET],produces=[application/json;charset=UTF-8]}" onto public org.springframework.http.ResponseEntity<com.upgrad.FoodOrderingApp.api.model.CategoryDetailsResponse> com.upgrad.FoodOrderingApp.api.controller.CategoryController.getCategoryById(java.lang.String) throws com.upgrad.FoodOrderingApp.service.exception.CategoryNotFoundException
2020-11-02 18:16:44.640  INFO 8056 --- [           main] s.w.s.m.m.a.RequestMappingHandlerMapping : Mapped "{[/category],methods=[GET],produces=[application/json;charset=UTF-8]}" onto public org.springframework.http.ResponseEntity<com.upgrad.FoodOrderingApp.api.model.CategoriesListResponse> com.upgrad.FoodOrderingApp.api.controller.CategoryController.getAllCategories()
2020-11-02 18:16:44.648  INFO 8056 --- [           main] s.w.s.m.m.a.RequestMappingHandlerMapping : Mapped "{[/customer/password],methods=[PUT],consumes=[application/json;charset=UTF-8],produces=[application/json;charset=UTF-8]}" onto public org.springframework.http.ResponseEntity<com.upgrad.FoodOrderingApp.api.model.UpdatePasswordResponse> com.upgrad.FoodOrderingApp.api.controller.CustomerController.updateCustomerPassword(java.lang.String,com.upgrad.FoodOrderingApp.api.model.UpdatePasswordRequest) throws com.upgrad.FoodOrderingApp.service.exception.AuthorizationFailedException,com.upgrad.FoodOrderingApp.service.exception.UpdateCustomerException
2020-11-02 18:16:44.653  INFO 8056 --- [           main] s.w.s.m.m.a.RequestMappingHandlerMapping : Mapped "{[/customer/logout],methods=[POST],produces=[application/json;charset=UTF-8]}" onto public org.springframework.http.ResponseEntity<com.upgrad.FoodOrderingApp.api.model.LogoutResponse> com.upgrad.FoodOrderingApp.api.controller.CustomerController.customerLogout(java.lang.String) throws com.upgrad.FoodOrderingApp.service.exception.AuthorizationFailedException
2020-11-02 18:16:44.676  INFO 8056 --- [           main] s.w.s.m.m.a.RequestMappingHandlerMapping : Mapped "{[/customer/signup],methods=[POST],consumes=[application/json;charset=UTF-8],produces=[application/json;charset=UTF-8]}" onto public org.springframework.http.ResponseEntity<com.upgrad.FoodOrderingApp.api.model.SignupCustomerResponse> com.upgrad.FoodOrderingApp.api.controller.CustomerController.signUpCustomer(com.upgrad.FoodOrderingApp.api.model.SignupCustomerRequest) throws com.upgrad.FoodOrderingApp.service.exception.SignUpRestrictedException
2020-11-02 18:16:44.684  INFO 8056 --- [           main] s.w.s.m.m.a.RequestMappingHandlerMapping : Mapped "{[/customer/login],methods=[POST],produces=[application/json;charset=UTF-8]}" onto public org.springframework.http.ResponseEntity<com.upgrad.FoodOrderingApp.api.model.LoginResponse> com.upgrad.FoodOrderingApp.api.controller.CustomerController.customerLogin(java.lang.String) throws com.upgrad.FoodOrderingApp.service.exception.AuthenticationFailedException
2020-11-02 18:16:44.688  INFO 8056 --- [           main] s.w.s.m.m.a.RequestMappingHandlerMapping : Mapped "{[/customer],methods=[PUT],consumes=[application/json;charset=UTF-8],produces=[application/json;charset=UTF-8]}" onto public org.springframework.http.ResponseEntity<com.upgrad.FoodOrderingApp.api.model.UpdateCustomerResponse> com.upgrad.FoodOrderingApp.api.controller.CustomerController.updateCustomerDetails(java.lang.String,com.upgrad.FoodOrderingApp.api.model.UpdateCustomerRequest) throws com.upgrad.FoodOrderingApp.service.exception.AuthorizationFailedException,com.upgrad.FoodOrderingApp.service.exception.UpdateCustomerException
2020-11-02 18:16:44.696  INFO 8056 --- [           main] s.w.s.m.m.a.RequestMappingHandlerMapping : Mapped "{[/item/restaurant/{restaurant_id}],methods=[GET],consumes=[application/json;charset=UTF-8],produces=[application/json;charset=UTF-8]}" onto public org.springframework.http.ResponseEntity<com.upgrad.FoodOrderingApp.api.model.ItemListResponse> com.upgrad.FoodOrderingApp.api.controller.ItemController.getItemByPopularity(java.lang.String) throws com.upgrad.FoodOrderingApp.service.exception.RestaurantNotFoundException
2020-11-02 18:16:44.703  INFO 8056 --- [           main] s.w.s.m.m.a.RequestMappingHandlerMapping : Mapped "{[/order/coupon/{coupon_name}],methods=[GET],consumes=[application/json;charset=UTF-8]}" onto public org.springframework.http.ResponseEntity<com.upgrad.FoodOrderingApp.api.model.CouponDetailsResponse> com.upgrad.FoodOrderingApp.api.controller.OrderController.getCoupon(java.lang.String,java.lang.String) throws com.upgrad.FoodOrderingApp.service.exception.AuthorizationFailedException,com.upgrad.FoodOrderingApp.service.exception.CouponNotFoundException
2020-11-02 18:16:44.759  INFO 8056 --- [           main] s.w.s.m.m.a.RequestMappingHandlerMapping : Mapped "{[/payment],methods=[GET],consumes=[application/json;charset=UTF-8],produces=[application/json;charset=UTF-8]}" onto public org.springframework.http.ResponseEntity<com.upgrad.FoodOrderingApp.api.model.PaymentListResponse> com.upgrad.FoodOrderingApp.api.controller.PaymentController.GetAllPaymentMethods()
2020-11-02 18:16:44.763  INFO 8056 --- [           main] s.w.s.m.m.a.RequestMappingHandlerMapping : Mapped "{[/restaurant/{restaurant_id}],methods=[GET],produces=[application/json;charset=UTF-8]}" onto public org.springframework.http.ResponseEntity com.upgrad.FoodOrderingApp.api.controller.RestaurantController.restaurantByUUID(java.lang.String) throws com.upgrad.FoodOrderingApp.service.exception.RestaurantNotFoundException
2020-11-02 18:16:44.763  INFO 8056 --- [           main] s.w.s.m.m.a.RequestMappingHandlerMapping : Mapped "{[/restaurant/name/{restaurant_name}],methods=[GET],produces=[application/json;charset=UTF-8]}" onto public org.springframework.http.ResponseEntity<com.upgrad.FoodOrderingApp.api.model.RestaurantListResponse> com.upgrad.FoodOrderingApp.api.controller.RestaurantController.getRestaurantsByName(java.lang.String) throws com.upgrad.FoodOrderingApp.service.exception.RestaurantNotFoundException
2020-11-02 18:16:44.763  INFO 8056 --- [           main] s.w.s.m.m.a.RequestMappingHandlerMapping : Mapped "{[/restaurant/category/{category_id}],methods=[GET],produces=[application/json;charset=UTF-8]}" onto public org.springframework.http.ResponseEntity<com.upgrad.FoodOrderingApp.api.model.RestaurantListResponse> com.upgrad.FoodOrderingApp.api.controller.RestaurantController.getRestaurantsByCategoryId(java.lang.String) throws com.upgrad.FoodOrderingApp.service.exception.CategoryNotFoundException
2020-11-02 18:16:44.767  INFO 8056 --- [           main] s.w.s.m.m.a.RequestMappingHandlerMapping : Mapped "{[/restaurant],methods=[GET],produces=[application/json;charset=UTF-8]}" onto public org.springframework.http.ResponseEntity<com.upgrad.FoodOrderingApp.api.model.RestaurantListResponse> com.upgrad.FoodOrderingApp.api.controller.RestaurantController.getAllRestaurants()
2020-11-02 18:16:44.768  INFO 8056 --- [           main] s.w.s.m.m.a.RequestMappingHandlerMapping : Mapped "{[/restaurant/{restaurant_id}],methods=[PUT],consumes=[application/json;charset=UTF-8],produces=[application/json;charset=UTF-8]}" onto public org.springframework.http.ResponseEntity<com.upgrad.FoodOrderingApp.api.model.RestaurantUpdatedResponse> com.upgrad.FoodOrderingApp.api.controller.RestaurantController.updateCustomerRating(java.lang.String,java.lang.Double,java.lang.String) throws com.upgrad.FoodOrderingApp.service.exception.AuthorizationFailedException,com.upgrad.FoodOrderingApp.service.exception.InvalidRatingException,com.upgrad.FoodOrderingApp.service.exception.RestaurantNotFoundException
2020-11-02 18:16:44.773  INFO 8056 --- [           main] s.w.s.m.m.a.RequestMappingHandlerMapping : Mapped "{[/v2/api-docs],methods=[GET],produces=[application/json || application/hal+json]}" onto public org.springframework.http.ResponseEntity<springfox.documentation.spring.web.json.Json> springfox.documentation.swagger2.web.Swagger2Controller.getDocumentation(java.lang.String,javax.servlet.http.HttpServletRequest)
2020-11-02 18:16:44.777  INFO 8056 --- [           main] s.w.s.m.m.a.RequestMappingHandlerMapping : Mapped "{[/swagger-resources/configuration/ui]}" onto org.springframework.http.ResponseEntity<springfox.documentation.swagger.web.UiConfiguration> springfox.documentation.swagger.web.ApiResourceController.uiConfiguration()
2020-11-02 18:16:44.778  INFO 8056 --- [           main] s.w.s.m.m.a.RequestMappingHandlerMapping : Mapped "{[/swagger-resources]}" onto org.springframework.http.ResponseEntity<java.util.List<springfox.documentation.swagger.web.SwaggerResource>> springfox.documentation.swagger.web.ApiResourceController.swaggerResources()
2020-11-02 18:16:44.780  INFO 8056 --- [           main] s.w.s.m.m.a.RequestMappingHandlerMapping : Mapped "{[/swagger-resources/configuration/security]}" onto org.springframework.http.ResponseEntity<springfox.documentation.swagger.web.SecurityConfiguration> springfox.documentation.swagger.web.ApiResourceController.securityConfiguration()
2020-11-02 18:16:44.782  INFO 8056 --- [           main] s.w.s.m.m.a.RequestMappingHandlerMapping : Mapped "{[/error]}" onto public org.springframework.http.ResponseEntity<java.util.Map<java.lang.String, java.lang.Object>> org.springframework.boot.autoconfigure.web.servlet.error.BasicErrorController.error(javax.servlet.http.HttpServletRequest)
2020-11-02 18:16:44.782  INFO 8056 --- [           main] s.w.s.m.m.a.RequestMappingHandlerMapping : Mapped "{[/error],produces=[text/html]}" onto public org.springframework.web.servlet.ModelAndView org.springframework.boot.autoconfigure.web.servlet.error.BasicErrorController.errorHtml(javax.servlet.http.HttpServletRequest,javax.servlet.http.HttpServletResponse)
2020-11-02 18:16:45.551  INFO 8056 --- [           main] o.s.w.s.handler.SimpleUrlHandlerMapping  : Mapped URL path [/**/favicon.ico] onto handler of type [class org.springframework.web.servlet.resource.ResourceHttpRequestHandler]
2020-11-02 18:16:45.704  INFO 8056 --- [           main] s.w.s.m.m.a.RequestMappingHandlerAdapter : Looking for @ControllerAdvice: org.springframework.web.context.support.GenericWebApplicationContext@116915f1: startup date [Mon Nov 02 18:16:40 IST 2020]; root of context hierarchy
2020-11-02 18:16:45.745  INFO 8056 --- [           main] o.s.w.s.handler.SimpleUrlHandlerMapping  : Mapped URL path [/webjars/**] onto handler of type [class org.springframework.web.servlet.resource.ResourceHttpRequestHandler]
2020-11-02 18:16:45.746  INFO 8056 --- [           main] o.s.w.s.handler.SimpleUrlHandlerMapping  : Mapped URL path [/**] onto handler of type [class org.springframework.web.servlet.resource.ResourceHttpRequestHandler]
2020-11-02 18:16:45.777  INFO 8056 --- [           main] .m.m.a.ExceptionHandlerExceptionResolver : Detected @ExceptionHandler methods in restExceptionHandler
2020-11-02 18:16:46.251  INFO 8056 --- [           main] o.s.b.t.m.w.SpringBootMockServletContext : Initializing Spring FrameworkServlet ''
2020-11-02 18:16:46.251  INFO 8056 --- [           main] o.s.t.web.servlet.TestDispatcherServlet  : FrameworkServlet '': initialization started
2020-11-02 18:16:46.263  INFO 8056 --- [           main] o.s.t.web.servlet.TestDispatcherServlet  : FrameworkServlet '': initialization completed in 12 ms
2020-11-02 18:16:46.324  INFO 8056 --- [           main] o.s.c.support.DefaultLifecycleProcessor  : Starting beans in phase 2147483647
2020-11-02 18:16:46.324  INFO 8056 --- [           main] d.s.w.p.DocumentationPluginsBootstrapper : Context refreshed
2020-11-02 18:16:46.331  INFO 8056 --- [           main] d.s.w.p.DocumentationPluginsBootstrapper : Found 1 custom documentation plugin(s)
2020-11-02 18:16:46.333  INFO 8056 --- [           main] s.d.s.w.s.ApiListingReferenceScanner     : Scanning for api listing references
2020-11-02 18:16:46.566  INFO 8056 --- [           main] c.u.F.a.c.CategoryControllerTest         : Started CategoryControllerTest in 6.493 seconds (JVM running for 59.028)
]]></system-out>
  </testcase>
  <testcase name="shouldNotGetCategoryByidIfCategoryIdIsEmpty" classname="com.upgrad.FoodOrderingApp.api.controller.CategoryControllerTest" time="0.01"/>
  <testcase name="shouldGetAllCategoryOrderedByName" classname="com.upgrad.FoodOrderingApp.api.controller.CategoryControllerTest" time="0.015"/>
  <testcase name="shouldNotGetAnyCategoryOrderedByNameIfItDoesNotExists" classname="com.upgrad.FoodOrderingApp.api.controller.CategoryControllerTest" time="0.003"/>
  <testcase name="shouldGetCategoryById" classname="com.upgrad.FoodOrderingApp.api.controller.CategoryControllerTest" time="0.033"/>
</testsuite>