<?xml version="1.0" encoding="UTF-8"?>
<testsuite xmlns:xsi="http://www.w3.org/2001/XMLSchema-instance" xsi:noNamespaceSchemaLocation="https://maven.apache.org/surefire/maven-surefire-plugin/xsd/surefire-test-report.xsd" name="com.upgrad.FoodOrderingApp.api.controller.CategoryControllerTest" time="5.41" tests="5" errors="4" skipped="0" failures="0">
  <properties>
[...]
</properties>
  <testcase name="shouldNotGetCategoryByIdIfCategoryDoesNotExistAgainstGivenId" classname="com.upgrad.FoodOrderingApp.api.controller.CategoryControllerTest" time="0.047">
    <error message="Request processing failed; nested exception is java.lang.NullPointerException" type="org.springframework.web.util.NestedServletException">org.springframework.web.util.NestedServletException: Request processing failed; nested exception is java.lang.NullPointerException
	at com.upgrad.FoodOrderingApp.api.controller.CategoryControllerTest.shouldNotGetCategoryByIdIfCategoryDoesNotExistAgainstGivenId(CategoryControllerTest.java:99)
Caused by: java.lang.NullPointerException
	at com.upgrad.FoodOrderingApp.api.controller.CategoryControllerTest.shouldNotGetCategoryByIdIfCategoryDoesNotExistAgainstGivenId(CategoryControllerTest.java:99)
</error>
    <system-out><![CDATA[2020-11-02 13:16:05.420  INFO 2736 --- [           main] .b.t.c.SpringBootTestContextBootstrapper : Neither @ContextConfiguration nor @ContextHierarchy found for test class [com.upgrad.FoodOrderingApp.api.controller.CategoryControllerTest], using SpringBootContextLoader
2020-11-02 13:16:05.420  INFO 2736 --- [           main] o.s.t.c.support.AbstractContextLoader    : Could not detect default resource locations for test class [com.upgrad.FoodOrderingApp.api.controller.CategoryControllerTest]: no resource found for suffixes {-context.xml, Context.groovy}.
2020-11-02 13:16:05.420  INFO 2736 --- [           main] t.c.s.AnnotationConfigContextLoaderUtils : Could not detect default configuration classes for test class [com.upgrad.FoodOrderingApp.api.controller.CategoryControllerTest]: CategoryControllerTest does not declare any static, non-private, non-final, nested classes annotated with @Configuration.
2020-11-02 13:16:05.451  INFO 2736 --- [           main] .b.t.c.SpringBootTestContextBootstrapper : Found @SpringBootConfiguration com.upgrad.FoodOrderingApp.api.FoodOrderingAppApiApplication for test class com.upgrad.FoodOrderingApp.api.controller.CategoryControllerTest
2020-11-02 13:16:05.451  INFO 2736 --- [           main] .b.t.c.SpringBootTestContextBootstrapper : Loaded default TestExecutionListener class names from location [META-INF/spring.factories]: [org.springframework.boot.test.mock.mockito.MockitoTestExecutionListener, org.springframework.boot.test.mock.mockito.ResetMocksTestExecutionListener, org.springframework.boot.test.autoconfigure.restdocs.RestDocsTestExecutionListener, org.springframework.boot.test.autoconfigure.web.client.MockRestServiceServerResetTestExecutionListener, org.springframework.boot.test.autoconfigure.web.servlet.MockMvcPrintOnlyOnFailureTestExecutionListener, org.springframework.boot.test.autoconfigure.web.servlet.WebDriverTestExecutionListener, org.springframework.test.context.web.ServletTestExecutionListener, org.springframework.test.context.support.DirtiesContextBeforeModesTestExecutionListener, org.springframework.test.context.support.DependencyInjectionTestExecutionListener, org.springframework.test.context.support.DirtiesContextTestExecutionListener, org.springframework.test.context.transaction.TransactionalTestExecutionListener, org.springframework.test.context.jdbc.SqlScriptsTestExecutionListener]
2020-11-02 13:16:05.451  INFO 2736 --- [           main] .b.t.c.SpringBootTestContextBootstrapper : Using TestExecutionListeners: [org.springframework.test.context.web.ServletTestExecutionListener@20a4cba7, org.springframework.test.context.support.DirtiesContextBeforeModesTestExecutionListener@10f10230, org.springframework.boot.test.mock.mockito.MockitoTestExecutionListener@3dec769, org.springframework.boot.test.autoconfigure.SpringBootDependencyInjectionTestExecutionListener@282c5075, org.springframework.test.context.support.DirtiesContextTestExecutionListener@2ed35f24, org.springframework.test.context.transaction.TransactionalTestExecutionListener@362b384c, org.springframework.test.context.jdbc.SqlScriptsTestExecutionListener@433b546f, org.springframework.boot.test.mock.mockito.ResetMocksTestExecutionListener@9de1b85, org.springframework.boot.test.autoconfigure.restdocs.RestDocsTestExecutionListener@3d405fe5, org.springframework.boot.test.autoconfigure.web.client.MockRestServiceServerResetTestExecutionListener@52c6e959, org.springframework.boot.test.autoconfigure.web.servlet.MockMvcPrintOnlyOnFailureTestExecutionListener@4b475742, org.springframework.boot.test.autoconfigure.web.servlet.WebDriverTestExecutionListener@323c6f9c]

  .   ____          _            __ _ _
 /\\ / ___'_ __ _ _(_)_ __  __ _ \ \ \ \
( ( )\___ | '_ | '_| | '_ \/ _` | \ \ \ \
 \\/  ___)| |_)| | | | | || (_| |  ) ) ) )
  '  |____| .__|_| |_|_| |_\__, | / / / /
 =========|_|==============|___/=/_/_/_/
 :: Spring Boot ::        (v2.0.1.RELEASE)

2020-11-02 13:16:05.498  INFO 2736 --- [           main] c.u.F.a.c.CategoryControllerTest         : Starting CategoryControllerTest on DESKTOP-ALQ40UF with PID 2736 (started by Admin in F:\IIITB\FoodOrderingAppBackend-STUB\FoodOrderingAppBackend-STUB\FoodOrderingApp-api)
2020-11-02 13:16:05.498  INFO 2736 --- [           main] c.u.F.a.c.CategoryControllerTest         : No active profile set, falling back to default profiles: default
2020-11-02 13:16:05.498  INFO 2736 --- [           main] o.s.w.c.s.GenericWebApplicationContext   : Refreshing org.springframework.web.context.support.GenericWebApplicationContext@43fbc2bf: startup date [Mon Nov 02 13:16:05 IST 2020]; root of context hierarchy
2020-11-02 13:16:06.576  INFO 2736 --- [           main] trationDelegate$BeanPostProcessorChecker : Bean 'org.springframework.transaction.annotation.ProxyTransactionManagementConfiguration' of type [org.springframework.transaction.annotation.ProxyTransactionManagementConfiguration$$EnhancerBySpringCGLIB$$68ffcc72] is not eligible for getting processed by all BeanPostProcessors (for example: not eligible for auto-proxying)
2020-11-02 13:16:06.732  INFO 2736 --- [           main] com.zaxxer.hikari.HikariDataSource       : HikariPool-2 - Starting...
2020-11-02 13:16:07.045  INFO 2736 --- [           main] com.zaxxer.hikari.HikariDataSource       : HikariPool-2 - Start completed.
2020-11-02 13:16:07.107  INFO 2736 --- [           main] j.LocalContainerEntityManagerFactoryBean : Building JPA container EntityManagerFactory for persistence unit 'default'
2020-11-02 13:16:07.107  INFO 2736 --- [           main] o.hibernate.jpa.internal.util.LogHelper  : HHH000204: Processing PersistenceUnitInfo [
	name: default
	...]
2020-11-02 13:16:07.123  INFO 2736 --- [           main] org.hibernate.dialect.Dialect            : HHH000400: Using dialect: org.hibernate.dialect.PostgreSQL82Dialect
2020-11-02 13:16:07.139  INFO 2736 --- [           main] o.h.e.j.e.i.LobCreatorBuilderImpl        : HHH000422: Disabling contextual LOB creation as connection was null
2020-11-02 13:16:07.139  INFO 2736 --- [           main] org.hibernate.type.BasicTypeRegistry     : HHH000270: Type registration [java.util.UUID] overrides previous : org.hibernate.type.UUIDBinaryType@7db40fd5
2020-11-02 13:16:07.420  INFO 2736 --- [           main] o.h.h.i.QueryTranslatorFactoryInitiator  : HHH000397: Using ASTQueryTranslatorFactory
2020-11-02 13:16:07.529  INFO 2736 --- [           main] j.LocalContainerEntityManagerFactoryBean : Initialized JPA EntityManagerFactory for persistence unit 'default'
2020-11-02 13:16:08.221  WARN 2736 --- [           main] aWebConfiguration$JpaWebMvcConfiguration : spring.jpa.open-in-view is enabled by default. Therefore, database queries may be performed during view rendering. Explicitly configure spring.jpa.open-in-view to disable this warning
2020-11-02 13:16:08.330  INFO 2736 --- [           main] s.w.s.m.m.a.RequestMappingHandlerMapping : Mapped "{[/address],methods=[POST],consumes=[application/json;charset=UTF-8],produces=[application/json;charset=UTF-8]}" onto public org.springframework.http.ResponseEntity<com.upgrad.FoodOrderingApp.api.model.SaveAddressResponse> com.upgrad.FoodOrderingApp.api.controller.AddressController.saveAddress(java.lang.String,com.upgrad.FoodOrderingApp.api.model.SaveAddressRequest) throws com.upgrad.FoodOrderingApp.service.exception.AuthorizationFailedException,com.upgrad.FoodOrderingApp.service.exception.AddressNotFoundException,com.upgrad.FoodOrderingApp.service.exception.SaveAddressException
2020-11-02 13:16:08.346  INFO 2736 --- [           main] s.w.s.m.m.a.RequestMappingHandlerMapping : Mapped "{[/states],methods=[GET],produces=[application/json;charset=UTF-8]}" onto public org.springframework.http.ResponseEntity<com.upgrad.FoodOrderingApp.api.model.StatesListResponse> com.upgrad.FoodOrderingApp.api.controller.AddressController.getAllStates()
2020-11-02 13:16:08.377  INFO 2736 --- [           main] s.w.s.m.m.a.RequestMappingHandlerMapping : Mapped "{[/address/customer],methods=[GET],produces=[application/json;charset=UTF-8]}" onto public org.springframework.http.ResponseEntity<com.upgrad.FoodOrderingApp.api.model.AddressListResponse> com.upgrad.FoodOrderingApp.api.controller.AddressController.getAllSavedAddress(java.lang.String) throws com.upgrad.FoodOrderingApp.service.exception.AuthorizationFailedException
2020-11-02 13:16:08.377  INFO 2736 --- [           main] s.w.s.m.m.a.RequestMappingHandlerMapping : Mapped "{[/address/{address_id}],methods=[DELETE],produces=[application/json;charset=UTF-8]}" onto public org.springframework.http.ResponseEntity<com.upgrad.FoodOrderingApp.api.model.DeleteAddressResponse> com.upgrad.FoodOrderingApp.api.controller.AddressController.deleteSavedAddress(java.lang.String,java.lang.String) throws com.upgrad.FoodOrderingApp.service.exception.AuthorizationFailedException,com.upgrad.FoodOrderingApp.service.exception.AddressNotFoundException
2020-11-02 13:16:08.393  INFO 2736 --- [           main] s.w.s.m.m.a.RequestMappingHandlerMapping : Mapped "{[/category/{category_id}],methods=[GET],produces=[application/json;charset=UTF-8]}" onto public org.springframework.http.ResponseEntity<com.upgrad.FoodOrderingApp.api.model.CategoryDetailsResponse> com.upgrad.FoodOrderingApp.api.controller.CategoryController.getCategoryById(java.lang.String) throws com.upgrad.FoodOrderingApp.service.exception.CategoryNotFoundException
2020-11-02 13:16:08.393  INFO 2736 --- [           main] s.w.s.m.m.a.RequestMappingHandlerMapping : Mapped "{[/category],methods=[GET],produces=[application/json;charset=UTF-8]}" onto public org.springframework.http.ResponseEntity com.upgrad.FoodOrderingApp.api.controller.CategoryController.getAllCategories()
2020-11-02 13:16:08.393  INFO 2736 --- [           main] s.w.s.m.m.a.RequestMappingHandlerMapping : Mapped "{[/customer/password],methods=[PUT],consumes=[application/json;charset=UTF-8],produces=[application/json;charset=UTF-8]}" onto public org.springframework.http.ResponseEntity<com.upgrad.FoodOrderingApp.api.model.UpdatePasswordResponse> com.upgrad.FoodOrderingApp.api.controller.CustomerController.updateCustomerPassword(java.lang.String,com.upgrad.FoodOrderingApp.api.model.UpdatePasswordRequest) throws com.upgrad.FoodOrderingApp.service.exception.AuthorizationFailedException,com.upgrad.FoodOrderingApp.service.exception.UpdateCustomerException
2020-11-02 13:16:08.393  INFO 2736 --- [           main] s.w.s.m.m.a.RequestMappingHandlerMapping : Mapped "{[/customer/logout],methods=[POST],produces=[application/json;charset=UTF-8]}" onto public org.springframework.http.ResponseEntity<com.upgrad.FoodOrderingApp.api.model.LogoutResponse> com.upgrad.FoodOrderingApp.api.controller.CustomerController.customerLogout(java.lang.String) throws com.upgrad.FoodOrderingApp.service.exception.AuthorizationFailedException
2020-11-02 13:16:08.455  INFO 2736 --- [           main] s.w.s.m.m.a.RequestMappingHandlerMapping : Mapped "{[/customer/login],methods=[POST],produces=[application/json;charset=UTF-8]}" onto public org.springframework.http.ResponseEntity<com.upgrad.FoodOrderingApp.api.model.LoginResponse> com.upgrad.FoodOrderingApp.api.controller.CustomerController.customerLogin(java.lang.String) throws com.upgrad.FoodOrderingApp.service.exception.AuthenticationFailedException
2020-11-02 13:16:08.455  INFO 2736 --- [           main] s.w.s.m.m.a.RequestMappingHandlerMapping : Mapped "{[/customer/signup],methods=[POST],consumes=[application/json;charset=UTF-8],produces=[application/json;charset=UTF-8]}" onto public org.springframework.http.ResponseEntity<com.upgrad.FoodOrderingApp.api.model.SignupCustomerResponse> com.upgrad.FoodOrderingApp.api.controller.CustomerController.signUpCustomer(com.upgrad.FoodOrderingApp.api.model.SignupCustomerRequest) throws com.upgrad.FoodOrderingApp.service.exception.SignUpRestrictedException
2020-11-02 13:16:08.455  INFO 2736 --- [           main] s.w.s.m.m.a.RequestMappingHandlerMapping : Mapped "{[/customer],methods=[PUT],consumes=[application/json;charset=UTF-8],produces=[application/json;charset=UTF-8]}" onto public org.springframework.http.ResponseEntity<com.upgrad.FoodOrderingApp.api.model.UpdateCustomerResponse> com.upgrad.FoodOrderingApp.api.controller.CustomerController.updateCustomerDetails(java.lang.String,com.upgrad.FoodOrderingApp.api.model.UpdateCustomerRequest) throws com.upgrad.FoodOrderingApp.service.exception.AuthorizationFailedException,com.upgrad.FoodOrderingApp.service.exception.UpdateCustomerException
2020-11-02 13:16:08.471  INFO 2736 --- [           main] s.w.s.m.m.a.RequestMappingHandlerMapping : Mapped "{[/item/restaurant/{restaurant_id}],methods=[GET],consumes=[application/json;charset=UTF-8],produces=[application/json;charset=UTF-8]}" onto public org.springframework.http.ResponseEntity<com.upgrad.FoodOrderingApp.api.model.ItemListResponse> com.upgrad.FoodOrderingApp.api.controller.ItemController.getItemByPopularity(java.lang.String) throws com.upgrad.FoodOrderingApp.service.exception.RestaurantNotFoundException
2020-11-02 13:16:08.471  INFO 2736 --- [           main] s.w.s.m.m.a.RequestMappingHandlerMapping : Mapped "{[/order/coupon/{coupon_name}],methods=[GET],consumes=[application/json;charset=UTF-8]}" onto public org.springframework.http.ResponseEntity<com.upgrad.FoodOrderingApp.api.model.CouponDetailsResponse> com.upgrad.FoodOrderingApp.api.controller.OrderController.getCoupon(java.lang.String,java.lang.String) throws com.upgrad.FoodOrderingApp.service.exception.AuthorizationFailedException,com.upgrad.FoodOrderingApp.service.exception.CouponNotFoundException
2020-11-02 13:16:08.471  INFO 2736 --- [           main] s.w.s.m.m.a.RequestMappingHandlerMapping : Mapped "{[/payment],methods=[GET],consumes=[application/json;charset=UTF-8],produces=[application/json;charset=UTF-8]}" onto public org.springframework.http.ResponseEntity<com.upgrad.FoodOrderingApp.api.model.PaymentListResponse> com.upgrad.FoodOrderingApp.api.controller.PaymentController.GetAllPaymentMethods()
2020-11-02 13:16:08.487  INFO 2736 --- [           main] s.w.s.m.m.a.RequestMappingHandlerMapping : Mapped "{[/restaurant/{restaurant_id}],methods=[GET],produces=[application/json;charset=UTF-8]}" onto public org.springframework.http.ResponseEntity com.upgrad.FoodOrderingApp.api.controller.RestaurantController.restaurantByUUID(java.lang.String) throws com.upgrad.FoodOrderingApp.service.exception.RestaurantNotFoundException
2020-11-02 13:16:08.487  INFO 2736 --- [           main] s.w.s.m.m.a.RequestMappingHandlerMapping : Mapped "{[/restaurant],methods=[GET],produces=[application/json;charset=UTF-8]}" onto public org.springframework.http.ResponseEntity<com.upgrad.FoodOrderingApp.api.model.RestaurantListResponse> com.upgrad.FoodOrderingApp.api.controller.RestaurantController.getAllRestaurants()
2020-11-02 13:16:08.487  INFO 2736 --- [           main] s.w.s.m.m.a.RequestMappingHandlerMapping : Mapped "{[/restaurant/name/{restaurant_name}],methods=[GET],produces=[application/json;charset=UTF-8]}" onto public org.springframework.http.ResponseEntity<com.upgrad.FoodOrderingApp.api.model.RestaurantListResponse> com.upgrad.FoodOrderingApp.api.controller.RestaurantController.getRestaurantsByName(java.lang.String) throws com.upgrad.FoodOrderingApp.service.exception.RestaurantNotFoundException
2020-11-02 13:16:08.487  INFO 2736 --- [           main] s.w.s.m.m.a.RequestMappingHandlerMapping : Mapped "{[/restaurant/{restaurant_id}],methods=[PUT],consumes=[application/json;charset=UTF-8],produces=[application/json;charset=UTF-8]}" onto public org.springframework.http.ResponseEntity<com.upgrad.FoodOrderingApp.api.model.RestaurantUpdatedResponse> com.upgrad.FoodOrderingApp.api.controller.RestaurantController.updateCustomerRating(java.lang.String,java.lang.Double,java.lang.String) throws com.upgrad.FoodOrderingApp.service.exception.AuthorizationFailedException,com.upgrad.FoodOrderingApp.service.exception.InvalidRatingException,com.upgrad.FoodOrderingApp.service.exception.RestaurantNotFoundException
2020-11-02 13:16:08.487  INFO 2736 --- [           main] s.w.s.m.m.a.RequestMappingHandlerMapping : Mapped "{[/restaurant/category/{category_id}],methods=[GET],produces=[application/json;charset=UTF-8]}" onto public org.springframework.http.ResponseEntity com.upgrad.FoodOrderingApp.api.controller.RestaurantController.getRestaurantByCategoryId(java.lang.String) throws com.upgrad.FoodOrderingApp.service.exception.CategoryNotFoundException
2020-11-02 13:16:08.487  INFO 2736 --- [           main] s.w.s.m.m.a.RequestMappingHandlerMapping : Mapped "{[/v2/api-docs],methods=[GET],produces=[application/json || application/hal+json]}" onto public org.springframework.http.ResponseEntity<springfox.documentation.spring.web.json.Json> springfox.documentation.swagger2.web.Swagger2Controller.getDocumentation(java.lang.String,javax.servlet.http.HttpServletRequest)
2020-11-02 13:16:08.502  INFO 2736 --- [           main] s.w.s.m.m.a.RequestMappingHandlerMapping : Mapped "{[/swagger-resources]}" onto org.springframework.http.ResponseEntity<java.util.List<springfox.documentation.swagger.web.SwaggerResource>> springfox.documentation.swagger.web.ApiResourceController.swaggerResources()
2020-11-02 13:16:08.502  INFO 2736 --- [           main] s.w.s.m.m.a.RequestMappingHandlerMapping : Mapped "{[/swagger-resources/configuration/ui]}" onto org.springframework.http.ResponseEntity<springfox.documentation.swagger.web.UiConfiguration> springfox.documentation.swagger.web.ApiResourceController.uiConfiguration()
2020-11-02 13:16:08.502  INFO 2736 --- [           main] s.w.s.m.m.a.RequestMappingHandlerMapping : Mapped "{[/swagger-resources/configuration/security]}" onto org.springframework.http.ResponseEntity<springfox.documentation.swagger.web.SecurityConfiguration> springfox.documentation.swagger.web.ApiResourceController.securityConfiguration()
2020-11-02 13:16:08.502  INFO 2736 --- [           main] s.w.s.m.m.a.RequestMappingHandlerMapping : Mapped "{[/error]}" onto public org.springframework.http.ResponseEntity<java.util.Map<java.lang.String, java.lang.Object>> org.springframework.boot.autoconfigure.web.servlet.error.BasicErrorController.error(javax.servlet.http.HttpServletRequest)
2020-11-02 13:16:08.502  INFO 2736 --- [           main] s.w.s.m.m.a.RequestMappingHandlerMapping : Mapped "{[/error],produces=[text/html]}" onto public org.springframework.web.servlet.ModelAndView org.springframework.boot.autoconfigure.web.servlet.error.BasicErrorController.errorHtml(javax.servlet.http.HttpServletRequest,javax.servlet.http.HttpServletResponse)
2020-11-02 13:16:09.127  INFO 2736 --- [           main] o.s.w.s.handler.SimpleUrlHandlerMapping  : Mapped URL path [/**/favicon.ico] onto handler of type [class org.springframework.web.servlet.resource.ResourceHttpRequestHandler]
2020-11-02 13:16:09.299  INFO 2736 --- [           main] s.w.s.m.m.a.RequestMappingHandlerAdapter : Looking for @ControllerAdvice: org.springframework.web.context.support.GenericWebApplicationContext@43fbc2bf: startup date [Mon Nov 02 13:16:05 IST 2020]; root of context hierarchy
2020-11-02 13:16:09.346  INFO 2736 --- [           main] o.s.w.s.handler.SimpleUrlHandlerMapping  : Mapped URL path [/webjars/**] onto handler of type [class org.springframework.web.servlet.resource.ResourceHttpRequestHandler]
2020-11-02 13:16:09.346  INFO 2736 --- [           main] o.s.w.s.handler.SimpleUrlHandlerMapping  : Mapped URL path [/**] onto handler of type [class org.springframework.web.servlet.resource.ResourceHttpRequestHandler]
2020-11-02 13:16:09.377  INFO 2736 --- [           main] .m.m.a.ExceptionHandlerExceptionResolver : Detected @ExceptionHandler methods in restExceptionHandler
2020-11-02 13:16:09.830  INFO 2736 --- [           main] o.s.b.t.m.w.SpringBootMockServletContext : Initializing Spring FrameworkServlet ''
2020-11-02 13:16:09.830  INFO 2736 --- [           main] o.s.t.web.servlet.TestDispatcherServlet  : FrameworkServlet '': initialization started
2020-11-02 13:16:09.861  INFO 2736 --- [           main] o.s.t.web.servlet.TestDispatcherServlet  : FrameworkServlet '': initialization completed in 31 ms
2020-11-02 13:16:09.892  INFO 2736 --- [           main] o.s.c.support.DefaultLifecycleProcessor  : Starting beans in phase 2147483647
2020-11-02 13:16:09.892  INFO 2736 --- [           main] d.s.w.p.DocumentationPluginsBootstrapper : Context refreshed
2020-11-02 13:16:09.892  INFO 2736 --- [           main] d.s.w.p.DocumentationPluginsBootstrapper : Found 1 custom documentation plugin(s)
2020-11-02 13:16:09.908  INFO 2736 --- [           main] s.d.s.w.s.ApiListingReferenceScanner     : Scanning for api listing references
2020-11-02 13:16:10.283  INFO 2736 --- [           main] c.u.F.a.c.CategoryControllerTest         : Started CategoryControllerTest in 4.832 seconds (JVM running for 43.283)
]]></system-out>
  </testcase>
  <testcase name="shouldNotGetCategoryByidIfCategoryIdIsEmpty" classname="com.upgrad.FoodOrderingApp.api.controller.CategoryControllerTest" time="0.015"/>
  <testcase name="shouldGetAllCategoryOrderedByName" classname="com.upgrad.FoodOrderingApp.api.controller.CategoryControllerTest" time="0.188">
    <error message="Cannot deserialize instance of `com.upgrad.FoodOrderingApp.api.model.CategoriesListResponse` out of START_ARRAY token&#10; at [Source: (String)&quot;[]&quot;; line: 1, column: 1]" type="com.fasterxml.jackson.databind.exc.MismatchedInputException">com.fasterxml.jackson.databind.exc.MismatchedInputException: 
Cannot deserialize instance of `com.upgrad.FoodOrderingApp.api.model.CategoriesListResponse` out of START_ARRAY token
 at [Source: (String)"[]"; line: 1, column: 1]
	at com.upgrad.FoodOrderingApp.api.controller.CategoryControllerTest.shouldGetAllCategoryOrderedByName(CategoryControllerTest.java:120)
</error>
    <system-out><![CDATA[
MockHttpServletRequest:
      HTTP Method = GET
      Request URI = /category/emptyString
       Parameters = {}
          Headers = {Content-Type=[application/json;charset=UTF-8]}
             Body = null
    Session Attrs = {}

Handler:
             Type = com.upgrad.FoodOrderingApp.api.controller.CategoryController
           Method = public org.springframework.http.ResponseEntity<com.upgrad.FoodOrderingApp.api.model.CategoryDetailsResponse> com.upgrad.FoodOrderingApp.api.controller.CategoryController.getCategoryById(java.lang.String) throws com.upgrad.FoodOrderingApp.service.exception.CategoryNotFoundException

Async:
    Async started = false
     Async result = null

Resolved Exception:
             Type = com.upgrad.FoodOrderingApp.service.exception.CategoryNotFoundException

ModelAndView:
        View name = null
             View = null
            Model = null

FlashMap:
       Attributes = null

MockHttpServletResponse:
           Status = 404
    Error message = null
          Headers = {Content-Type=[application/json;charset=UTF-8]}
     Content type = application/json;charset=UTF-8
             Body = {"code":"CNF-001","message":"Category id field should not be empty","root_cause":null}
    Forwarded URL = null
   Redirected URL = null
          Cookies = []

MockHttpServletRequest:
      HTTP Method = GET
      Request URI = /category
       Parameters = {}
          Headers = {Content-Type=[application/json;charset=UTF-8]}
             Body = null
    Session Attrs = {}

Handler:
             Type = com.upgrad.FoodOrderingApp.api.controller.CategoryController
           Method = public org.springframework.http.ResponseEntity com.upgrad.FoodOrderingApp.api.controller.CategoryController.getAllCategories()

Async:
    Async started = false
     Async result = null

Resolved Exception:
             Type = null

ModelAndView:
        View name = null
             View = null
            Model = null

FlashMap:
       Attributes = null

MockHttpServletResponse:
           Status = 200
    Error message = null
          Headers = {Content-Type=[application/json;charset=UTF-8]}
     Content type = application/json;charset=UTF-8
             Body = []
    Forwarded URL = null
   Redirected URL = null
          Cookies = []
]]></system-out>
  </testcase>
  <testcase name="shouldNotGetAnyCategoryOrderedByNameIfItDoesNotExists" classname="com.upgrad.FoodOrderingApp.api.controller.CategoryControllerTest" time="0.141">
    <error message="Cannot deserialize instance of `com.upgrad.FoodOrderingApp.api.model.CategoriesListResponse` out of START_ARRAY token&#10; at [Source: (String)&quot;[]&quot;; line: 1, column: 1]" type="com.fasterxml.jackson.databind.exc.MismatchedInputException">com.fasterxml.jackson.databind.exc.MismatchedInputException: 
Cannot deserialize instance of `com.upgrad.FoodOrderingApp.api.model.CategoriesListResponse` out of START_ARRAY token
 at [Source: (String)"[]"; line: 1, column: 1]
	at com.upgrad.FoodOrderingApp.api.controller.CategoryControllerTest.shouldNotGetAnyCategoryOrderedByNameIfItDoesNotExists(CategoryControllerTest.java:137)
</error>
    <system-out><![CDATA[
MockHttpServletRequest:
      HTTP Method = GET
      Request URI = /category/emptyString
       Parameters = {}
          Headers = {Content-Type=[application/json;charset=UTF-8]}
             Body = null
    Session Attrs = {}

Handler:
             Type = com.upgrad.FoodOrderingApp.api.controller.CategoryController
           Method = public org.springframework.http.ResponseEntity<com.upgrad.FoodOrderingApp.api.model.CategoryDetailsResponse> com.upgrad.FoodOrderingApp.api.controller.CategoryController.getCategoryById(java.lang.String) throws com.upgrad.FoodOrderingApp.service.exception.CategoryNotFoundException

Async:
    Async started = false
     Async result = null

Resolved Exception:
             Type = com.upgrad.FoodOrderingApp.service.exception.CategoryNotFoundException

ModelAndView:
        View name = null
             View = null
            Model = null

FlashMap:
       Attributes = null

MockHttpServletResponse:
           Status = 404
    Error message = null
          Headers = {Content-Type=[application/json;charset=UTF-8]}
     Content type = application/json;charset=UTF-8
             Body = {"code":"CNF-001","message":"Category id field should not be empty","root_cause":null}
    Forwarded URL = null
   Redirected URL = null
          Cookies = []

MockHttpServletRequest:
      HTTP Method = GET
      Request URI = /category
       Parameters = {}
          Headers = {Content-Type=[application/json;charset=UTF-8]}
             Body = null
    Session Attrs = {}

Handler:
             Type = com.upgrad.FoodOrderingApp.api.controller.CategoryController
           Method = public org.springframework.http.ResponseEntity com.upgrad.FoodOrderingApp.api.controller.CategoryController.getAllCategories()

Async:
    Async started = false
     Async result = null

Resolved Exception:
             Type = null

ModelAndView:
        View name = null
             View = null
            Model = null

FlashMap:
       Attributes = null

MockHttpServletResponse:
           Status = 200
    Error message = null
          Headers = {Content-Type=[application/json;charset=UTF-8]}
     Content type = application/json;charset=UTF-8
             Body = []
    Forwarded URL = null
   Redirected URL = null
          Cookies = []

MockHttpServletRequest:
      HTTP Method = GET
      Request URI = /category
       Parameters = {}
          Headers = {Content-Type=[application/json;charset=UTF-8]}
             Body = null
    Session Attrs = {}

Handler:
             Type = com.upgrad.FoodOrderingApp.api.controller.CategoryController
           Method = public org.springframework.http.ResponseEntity com.upgrad.FoodOrderingApp.api.controller.CategoryController.getAllCategories()

Async:
    Async started = false
     Async result = null

Resolved Exception:
             Type = null

ModelAndView:
        View name = null
             View = null
            Model = null

FlashMap:
       Attributes = null

MockHttpServletResponse:
           Status = 200
    Error message = null
          Headers = {Content-Type=[application/json;charset=UTF-8]}
     Content type = application/json;charset=UTF-8
             Body = []
    Forwarded URL = null
   Redirected URL = null
          Cookies = []
]]></system-out>
  </testcase>
  <testcase name="shouldGetCategoryById" classname="com.upgrad.FoodOrderingApp.api.controller.CategoryControllerTest" time="0.359">
    <error message="Request processing failed; nested exception is java.lang.NullPointerException" type="org.springframework.web.util.NestedServletException">org.springframework.web.util.NestedServletException: Request processing failed; nested exception is java.lang.NullPointerException
	at com.upgrad.FoodOrderingApp.api.controller.CategoryControllerTest.shouldGetCategoryById(CategoryControllerTest.java:63)
Caused by: java.lang.NullPointerException
	at com.upgrad.FoodOrderingApp.api.controller.CategoryControllerTest.shouldGetCategoryById(CategoryControllerTest.java:63)
</error>
    <system-out><![CDATA[
MockHttpServletRequest:
      HTTP Method = GET
      Request URI = /category/emptyString
       Parameters = {}
          Headers = {Content-Type=[application/json;charset=UTF-8]}
             Body = null
    Session Attrs = {}

Handler:
             Type = com.upgrad.FoodOrderingApp.api.controller.CategoryController
           Method = public org.springframework.http.ResponseEntity<com.upgrad.FoodOrderingApp.api.model.CategoryDetailsResponse> com.upgrad.FoodOrderingApp.api.controller.CategoryController.getCategoryById(java.lang.String) throws com.upgrad.FoodOrderingApp.service.exception.CategoryNotFoundException

Async:
    Async started = false
     Async result = null

Resolved Exception:
             Type = com.upgrad.FoodOrderingApp.service.exception.CategoryNotFoundException

ModelAndView:
        View name = null
             View = null
            Model = null

FlashMap:
       Attributes = null

MockHttpServletResponse:
           Status = 404
    Error message = null
          Headers = {Content-Type=[application/json;charset=UTF-8]}
     Content type = application/json;charset=UTF-8
             Body = {"code":"CNF-001","message":"Category id field should not be empty","root_cause":null}
    Forwarded URL = null
   Redirected URL = null
          Cookies = []

MockHttpServletRequest:
      HTTP Method = GET
      Request URI = /category
       Parameters = {}
          Headers = {Content-Type=[application/json;charset=UTF-8]}
             Body = null
    Session Attrs = {}

Handler:
             Type = com.upgrad.FoodOrderingApp.api.controller.CategoryController
           Method = public org.springframework.http.ResponseEntity com.upgrad.FoodOrderingApp.api.controller.CategoryController.getAllCategories()

Async:
    Async started = false
     Async result = null

Resolved Exception:
             Type = null

ModelAndView:
        View name = null
             View = null
            Model = null

FlashMap:
       Attributes = null

MockHttpServletResponse:
           Status = 200
    Error message = null
          Headers = {Content-Type=[application/json;charset=UTF-8]}
     Content type = application/json;charset=UTF-8
             Body = []
    Forwarded URL = null
   Redirected URL = null
          Cookies = []

MockHttpServletRequest:
      HTTP Method = GET
      Request URI = /category
       Parameters = {}
          Headers = {Content-Type=[application/json;charset=UTF-8]}
             Body = null
    Session Attrs = {}

Handler:
             Type = com.upgrad.FoodOrderingApp.api.controller.CategoryController
           Method = public org.springframework.http.ResponseEntity com.upgrad.FoodOrderingApp.api.controller.CategoryController.getAllCategories()

Async:
    Async started = false
     Async result = null

Resolved Exception:
             Type = null

ModelAndView:
        View name = null
             View = null
            Model = null

FlashMap:
       Attributes = null

MockHttpServletResponse:
           Status = 200
    Error message = null
          Headers = {Content-Type=[application/json;charset=UTF-8]}
     Content type = application/json;charset=UTF-8
             Body = []
    Forwarded URL = null
   Redirected URL = null
          Cookies = []
]]></system-out>
  </testcase>
</testsuite>